<html>
<head>
<title>TestNG:  Default test</title>
<link href="../testng.css" rel="stylesheet" type="text/css" />
<link href="../my-testng.css" rel="stylesheet" type="text/css" />

<style type="text/css">
.log { display: none;} 
.stack-trace { display: none;} 
</style>
<script type="text/javascript">
<!--
function flip(e) {
  current = e.style.display;
  if (current == 'block') {
    e.style.display = 'none';
    return 0;
  }
  else {
    e.style.display = 'block';
    return 1;
  }
}

function toggleBox(szDivId, elem, msg1, msg2)
{
  var res = -1;  if (document.getElementById) {
    res = flip(document.getElementById(szDivId));
  }
  else if (document.all) {
    // this is the way old msie versions work
    res = flip(document.all[szDivId]);
  }
  if(elem) {
    if(res == 0) elem.innerHTML = msg1; else elem.innerHTML = msg2;
  }

}

function toggleAllBoxes() {
  if (document.getElementsByTagName) {
    d = document.getElementsByTagName('div');
    for (i = 0; i < d.length; i++) {
      if (d[i].className == 'log') {
        flip(d[i]);
      }
    }
  }
}

// -->
</script>

</head>
<body>
<h2 align='center'>Default test</h2><table border='1' align="center">
<tr>
<td>Tests passed/Failed/Skipped:</td><td>16/1/0</td>
</tr><tr>
<td>Started on:</td><td>Thu Jul 03 12:42:20 IST 2025</td>
</tr>
<tr><td>Total time:</td><td>103 seconds (103147 ms)</td>
</tr><tr>
<td>Included groups:</td><td></td>
</tr><tr>
<td>Excluded groups:</td><td></td>
</tr>
</table><p/>
<small><i>(Hover the method name to see the test class name)</i></small><p/>
<table width='100%' border='1' class='invocation-failed'>
<tr><td colspan='4' align='center'><b>FAILED TESTS</b></td></tr>
<tr><td><b>Test method</b></td>
<td><b>Attribute(s)</b></td>
<td width="30%"><b>Exception</b></td>
<td width="10%"><b>Time (seconds)</b></td>
<td><b>Instance</b></td>
</tr>
<tr>
<td title='com.makeMyTrip.selenium_cabsTests.OutstationOneWayTests_usingKeyword.sameFromAndToCityErrorMsgValidation()'><b>sameFromAndToCityErrorMsgValidation</b><br>Test class: com.makeMyTrip.selenium_cabsTests.OutstationOneWayTests_usingKeyword<br>Parameters: Rajiv Gandhi International Airport, Hyderabad, Rajiv Gandhi International Airport, Hyderabad</td>
<td><div><pre>org.openqa.selenium.TimeoutException: Expected condition failed: waiting for element to be clickable: By.xpath: //div[@class=&apos;autoSuggestPlugin hsw_autocomplePopup&apos;]//following::span[text()=&apos;Rajiv Gandhi International Airport, Hyderabad&apos;] (tried for 20 second(s) with 500 milliseconds interval)
Build info: version: &apos;4.31.0&apos;, revision: &apos;1ef9f18787*&apos;
System info: os.name: &apos;Mac OS X&apos;, os.arch: &apos;aarch64&apos;, os.version: &apos;14.6.1&apos;, java.version: &apos;17.0.11&apos;
Driver info: org.openqa.selenium.chrome.ChromeDriver
Capabilities {acceptInsecureCerts: false, browserName: chrome, browserVersion: 138.0.7204.92, chrome: {chromedriverVersion: 138.0.7204.92 (f079b9bc781e..., userDataDir: /var/folders/zf/jt1v52f10ts...}, fedcm:accounts: true, goog:chromeOptions: {debuggerAddress: localhost:52230}, networkConnectionEnabled: false, pageLoadStrategy: normal, platformName: mac, proxy: Proxy(), se:cdp: ws://localhost:52230/devtoo..., se:cdpVersion: 138.0.7204.92, setWindowRect: true, strictFileInteractability: false, timeouts: {implicit: 0, pageLoad: 300000, script: 30000}, unhandledPromptBehavior: dismiss and notify, webauthn:extension:credBlob: true, webauthn:extension:largeBlob: true, webauthn:extension:minPinLength: true, webauthn:extension:prf: true, webauthn:virtualAuthenticators: true}
Session ID: aeb78fb47b37da9812dfb0bac8414041
	at org.openqa.selenium.support.ui.WebDriverWait.timeoutException(WebDriverWait.java:84)
	at org.openqa.selenium.support.ui.FluentWait.until(FluentWait.java:228)
	at com.makeMyTrip.base.Keyword.waitForElementClickable(Keyword.java:114)
	at com.makeMyTrip.base.Keyword.clickOnElement(Keyword.java:57)
	at com.makeMyTrip.selenium_cabsTests.OutstationOneWayTests_usingKeyword.sameFromAndToCityErrorMsgValidation(OutstationOneWayTests_usingKeyword.java:32)
	at java.base/jdk.internal.reflect.NativeMethodAccessorImpl.invoke0(Native Method)
	at java.base/jdk.internal.reflect.NativeMethodAccessorImpl.invoke(NativeMethodAccessorImpl.java:77)
	at java.base/jdk.internal.reflect.DelegatingMethodAccessorImpl.invoke(DelegatingMethodAccessorImpl.java:43)
	at java.base/java.lang.reflect.Method.invoke(Method.java:568)
	at org.testng.internal.invokers.MethodInvocationHelper.invokeMethod(MethodInvocationHelper.java:141)
	at org.testng.internal.invokers.TestInvoker.invokeMethod(TestInvoker.java:686)
	at org.testng.internal.invokers.TestInvoker.invokeTestMethod(TestInvoker.java:230)
	at org.testng.internal.invokers.MethodRunner.runInSequence(MethodRunner.java:63)
	at org.testng.internal.invokers.TestInvoker$MethodInvocationAgent.invoke(TestInvoker.java:992)
	at org.testng.internal.invokers.TestInvoker.invokeTestMethods(TestInvoker.java:203)
	at org.testng.internal.invokers.TestMethodWorker.invokeTestMethods(TestMethodWorker.java:154)
	at org.testng.internal.invokers.TestMethodWorker.run(TestMethodWorker.java:134)
	at java.base/java.util.ArrayList.forEach(ArrayList.java:1511)
	at org.testng.TestRunner.privateRun(TestRunner.java:739)
	at org.testng.TestRunner.run(TestRunner.java:614)
	at org.testng.SuiteRunner.runTest(SuiteRunner.java:421)
	at org.testng.SuiteRunner.runSequentially(SuiteRunner.java:413)
	at org.testng.SuiteRunner.privateRun(SuiteRunner.java:373)
	at org.testng.SuiteRunner.run(SuiteRunner.java:312)
	at org.testng.SuiteRunnerWorker.runSuite(SuiteRunnerWorker.java:52)
	at org.testng.SuiteRunnerWorker.run(SuiteRunnerWorker.java:95)
	at org.testng.TestNG.runSuitesSequentially(TestNG.java:1274)
	at org.testng.TestNG.runSuitesLocally(TestNG.java:1208)
	at org.testng.TestNG.runSuites(TestNG.java:1112)
	at org.testng.TestNG.run(TestNG.java:1079)
	at org.testng.remote.AbstractRemoteTestNG.run(AbstractRemoteTestNG.java:115)
	at org.testng.remote.RemoteTestNG.initAndRun(RemoteTestNG.java:293)
	at org.testng.remote.RemoteTestNG.main(RemoteTestNG.java:91)
</pre></div><a href='#' onClick='toggleBox("stack-trace1692202851", this, "Click to show all stack frames", "Click to hide stack frames")'>Click to show all stack frames</a>
<div class='stack-trace' id='stack-trace1692202851'><pre>org.openqa.selenium.TimeoutException: Expected condition failed: waiting for element to be clickable: By.xpath: //div[@class=&apos;autoSuggestPlugin hsw_autocomplePopup&apos;]//following::span[text()=&apos;Rajiv Gandhi International Airport, Hyderabad&apos;] (tried for 20 second(s) with 500 milliseconds interval)
Build info: version: &apos;4.31.0&apos;, revision: &apos;1ef9f18787*&apos;
System info: os.name: &apos;Mac OS X&apos;, os.arch: &apos;aarch64&apos;, os.version: &apos;14.6.1&apos;, java.version: &apos;17.0.11&apos;
Driver info: org.openqa.selenium.chrome.ChromeDriver
Capabilities {acceptInsecureCerts: false, browserName: chrome, browserVersion: 138.0.7204.92, chrome: {chromedriverVersion: 138.0.7204.92 (f079b9bc781e..., userDataDir: /var/folders/zf/jt1v52f10ts...}, fedcm:accounts: true, goog:chromeOptions: {debuggerAddress: localhost:52230}, networkConnectionEnabled: false, pageLoadStrategy: normal, platformName: mac, proxy: Proxy(), se:cdp: ws://localhost:52230/devtoo..., se:cdpVersion: 138.0.7204.92, setWindowRect: true, strictFileInteractability: false, timeouts: {implicit: 0, pageLoad: 300000, script: 30000}, unhandledPromptBehavior: dismiss and notify, webauthn:extension:credBlob: true, webauthn:extension:largeBlob: true, webauthn:extension:minPinLength: true, webauthn:extension:prf: true, webauthn:virtualAuthenticators: true}
Session ID: aeb78fb47b37da9812dfb0bac8414041
	at org.openqa.selenium.support.ui.WebDriverWait.timeoutException(WebDriverWait.java:84)
	at org.openqa.selenium.support.ui.FluentWait.until(FluentWait.java:228)
	at com.makeMyTrip.base.Keyword.waitForElementClickable(Keyword.java:114)
	at com.makeMyTrip.base.Keyword.clickOnElement(Keyword.java:57)
	at com.makeMyTrip.selenium_cabsTests.OutstationOneWayTests_usingKeyword.sameFromAndToCityErrorMsgValidation(OutstationOneWayTests_usingKeyword.java:32)
	at java.base/jdk.internal.reflect.NativeMethodAccessorImpl.invoke0(Native Method)
	at java.base/jdk.internal.reflect.NativeMethodAccessorImpl.invoke(NativeMethodAccessorImpl.java:77)
	at java.base/jdk.internal.reflect.DelegatingMethodAccessorImpl.invoke(DelegatingMethodAccessorImpl.java:43)
	at java.base/java.lang.reflect.Method.invoke(Method.java:568)
	at org.testng.internal.invokers.MethodInvocationHelper.invokeMethod(MethodInvocationHelper.java:141)
	at org.testng.internal.invokers.TestInvoker.invokeMethod(TestInvoker.java:686)
	at org.testng.internal.invokers.TestInvoker.invokeTestMethod(TestInvoker.java:230)
	at org.testng.internal.invokers.MethodRunner.runInSequence(MethodRunner.java:63)
	at org.testng.internal.invokers.TestInvoker$MethodInvocationAgent.invoke(TestInvoker.java:992)
	at org.testng.internal.invokers.TestInvoker.invokeTestMethods(TestInvoker.java:203)
	at org.testng.internal.invokers.TestMethodWorker.invokeTestMethods(TestMethodWorker.java:154)
	at org.testng.internal.invokers.TestMethodWorker.run(TestMethodWorker.java:134)
	at java.base/java.util.ArrayList.forEach(ArrayList.java:1511)
	at org.testng.TestRunner.privateRun(TestRunner.java:739)
	at org.testng.TestRunner.run(TestRunner.java:614)
	at org.testng.SuiteRunner.runTest(SuiteRunner.java:421)
	at org.testng.SuiteRunner.runSequentially(SuiteRunner.java:413)
	at org.testng.SuiteRunner.privateRun(SuiteRunner.java:373)
	at org.testng.SuiteRunner.run(SuiteRunner.java:312)
	at org.testng.SuiteRunnerWorker.runSuite(SuiteRunnerWorker.java:52)
	at org.testng.SuiteRunnerWorker.run(SuiteRunnerWorker.java:95)
	at org.testng.TestNG.runSuitesSequentially(TestNG.java:1274)
	at org.testng.TestNG.runSuitesLocally(TestNG.java:1208)
	at org.testng.TestNG.runSuites(TestNG.java:1112)
	at org.testng.TestNG.run(TestNG.java:1079)
	at org.testng.remote.AbstractRemoteTestNG.run(AbstractRemoteTestNG.java:115)
	at org.testng.remote.RemoteTestNG.initAndRun(RemoteTestNG.java:293)
	at org.testng.remote.RemoteTestNG.main(RemoteTestNG.java:91)
</pre></div></td>
<td>21</td>
<td>com.makeMyTrip.selenium_cabsTests.OutstationOneWayTests_usingKeyword@31c88ec8</td></tr>
</table><p>
<table width='100%' border='1' class='invocation-passed'>
<tr><td colspan='4' align='center'><b>PASSED TESTS</b></td></tr>
<tr><td><b>Test method</b></td>
<td><b>Attribute(s)</b></td>
<td width="30%"><b>Exception</b></td>
<td width="10%"><b>Time (seconds)</b></td>
<td><b>Instance</b></td>
</tr>
<tr>
<td title='com.makeMyTrip.selenium_cabsTests.OutstationOneWayTests_usingKeyword.sameFromAndToCityErrorMsgValidation()'><b>sameFromAndToCityErrorMsgValidation</b><br>Test class: com.makeMyTrip.selenium_cabsTests.OutstationOneWayTests_usingKeyword<br>Parameters: Madurai, Tamil Nadu, India, Madurai, Tamil Nadu, India</td>
<td></td>
<td>2</td>
<td>com.makeMyTrip.selenium_cabsTests.OutstationOneWayTests_usingKeyword@31c88ec8</td></tr>
<tr>
<td title='com.makeMyTrip.selenium_cabsTests.OutstationOneWayTests_usingKeyword.sameFromAndToCityErrorMsgValidation()'><b>sameFromAndToCityErrorMsgValidation</b><br>Test class: com.makeMyTrip.selenium_cabsTests.OutstationOneWayTests_usingKeyword<br>Parameters: Ayodhya, Uttar Pradesh, India, Ayodhya, Uttar Pradesh, India</td>
<td></td>
<td>2</td>
<td>com.makeMyTrip.selenium_cabsTests.OutstationOneWayTests_usingKeyword@31c88ec8</td></tr>
<tr>
<td title='com.makeMyTrip.selenium_cabsTests.OutstationOneWayTests_usingKeyword.messageOnReturnDate()'><b>messageOnReturnDate</b><br>Test class: com.makeMyTrip.selenium_cabsTests.OutstationOneWayTests_usingKeyword</td>
<td></td>
<td>0</td>
<td>com.makeMyTrip.selenium_cabsTests.OutstationOneWayTests_usingKeyword@31c88ec8</td></tr>
<tr>
<td title='com.makeMyTrip.selenium_cabsTests.OutstationOneWayTests_usingKeyword.sameFromAndToCityErrorMsgValidation()'><b>sameFromAndToCityErrorMsgValidation</b><br>Test class: com.makeMyTrip.selenium_cabsTests.OutstationOneWayTests_usingKeyword<br>Parameters: Guwahati, Assam, India, Guwahati, Assam, India</td>
<td></td>
<td>2</td>
<td>com.makeMyTrip.selenium_cabsTests.OutstationOneWayTests_usingKeyword@31c88ec8</td></tr>
<tr>
<td title='com.makeMyTrip.selenium_cabsTests.OutstationOneWayTests_usingKeyword.sameFromAndToCityErrorMsgValidation()'><b>sameFromAndToCityErrorMsgValidation</b><br>Test class: com.makeMyTrip.selenium_cabsTests.OutstationOneWayTests_usingKeyword<br>Parameters: Zirakpur, Punjab, India, Zirakpur, Punjab, India</td>
<td></td>
<td>2</td>
<td>com.makeMyTrip.selenium_cabsTests.OutstationOneWayTests_usingKeyword@31c88ec8</td></tr>
<tr>
<td title='com.makeMyTrip.selenium_cabsTests.OutstationOneWayTests_usingKeyword.sameFromAndToCityErrorMsgValidation()'><b>sameFromAndToCityErrorMsgValidation</b><br>Test class: com.makeMyTrip.selenium_cabsTests.OutstationOneWayTests_usingKeyword<br>Parameters: Agra, Uttar Pradesh, India, Agra, Uttar Pradesh, India</td>
<td></td>
<td>2</td>
<td>com.makeMyTrip.selenium_cabsTests.OutstationOneWayTests_usingKeyword@31c88ec8</td></tr>
<tr>
<td title='com.makeMyTrip.selenium_cabsTests.OutstationOneWayTests_usingKeyword.sameFromAndToCityErrorMsgValidation()'><b>sameFromAndToCityErrorMsgValidation</b><br>Test class: com.makeMyTrip.selenium_cabsTests.OutstationOneWayTests_usingKeyword<br>Parameters: Gorakhpur, Uttar Pradesh, India, Gorakhpur, Uttar Pradesh, India</td>
<td></td>
<td>2</td>
<td>com.makeMyTrip.selenium_cabsTests.OutstationOneWayTests_usingKeyword@31c88ec8</td></tr>
<tr>
<td title='com.makeMyTrip.selenium_cabsTests.OutstationOneWayTests_usingKeyword.sameFromAndToCityErrorMsgValidation()'><b>sameFromAndToCityErrorMsgValidation</b><br>Test class: com.makeMyTrip.selenium_cabsTests.OutstationOneWayTests_usingKeyword<br>Parameters: Mumbai, Maharashtra, India, Mumbai, Maharashtra, India</td>
<td></td>
<td>2</td>
<td>com.makeMyTrip.selenium_cabsTests.OutstationOneWayTests_usingKeyword@31c88ec8</td></tr>
<tr>
<td title='com.makeMyTrip.selenium_cabsTests.OutstationOneWayTests_usingKeyword.sameFromAndToCityErrorMsgValidation()'><b>sameFromAndToCityErrorMsgValidation</b><br>Test class: com.makeMyTrip.selenium_cabsTests.OutstationOneWayTests_usingKeyword<br>Parameters: Zira, Punjab, India, Zira, Punjab, India</td>
<td></td>
<td>2</td>
<td>com.makeMyTrip.selenium_cabsTests.OutstationOneWayTests_usingKeyword@31c88ec8</td></tr>
<tr>
<td title='com.makeMyTrip.selenium_cabsTests.OutstationOneWayTests_usingKeyword.sameFromAndToCityErrorMsgValidation()'><b>sameFromAndToCityErrorMsgValidation</b><br>Test class: com.makeMyTrip.selenium_cabsTests.OutstationOneWayTests_usingKeyword<br>Parameters: Mangalore International Airport, Mangalore International Airport</td>
<td></td>
<td>2</td>
<td>com.makeMyTrip.selenium_cabsTests.OutstationOneWayTests_usingKeyword@31c88ec8</td></tr>
<tr>
<td title='com.makeMyTrip.selenium_cabsTests.OutstationOneWayTests_usingKeyword.sameFromAndToCityErrorMsgValidation()'><b>sameFromAndToCityErrorMsgValidation</b><br>Test class: com.makeMyTrip.selenium_cabsTests.OutstationOneWayTests_usingKeyword<br>Parameters: Surat, Gujarat, India, Surat, Gujarat, India</td>
<td></td>
<td>2</td>
<td>com.makeMyTrip.selenium_cabsTests.OutstationOneWayTests_usingKeyword@31c88ec8</td></tr>
<tr>
<td title='com.makeMyTrip.selenium_cabsTests.OutstationOneWayTests_usingKeyword.sameFromAndToCityErrorMsgValidation()'><b>sameFromAndToCityErrorMsgValidation</b><br>Test class: com.makeMyTrip.selenium_cabsTests.OutstationOneWayTests_usingKeyword<br>Parameters: Aurangabad Airport, Aurangabad Airport</td>
<td></td>
<td>2</td>
<td>com.makeMyTrip.selenium_cabsTests.OutstationOneWayTests_usingKeyword@31c88ec8</td></tr>
<tr>
<td title='com.makeMyTrip.selenium_cabsTests.OutstationOneWayTests_usingKeyword.sameFromAndToCityErrorMsgValidation()'><b>sameFromAndToCityErrorMsgValidation</b><br>Test class: com.makeMyTrip.selenium_cabsTests.OutstationOneWayTests_usingKeyword<br>Parameters: Gurugram, Haryana, India, Gurugram, Haryana, India</td>
<td></td>
<td>2</td>
<td>com.makeMyTrip.selenium_cabsTests.OutstationOneWayTests_usingKeyword@31c88ec8</td></tr>
<tr>
<td title='com.makeMyTrip.selenium_cabsTests.OutstationOneWayTests_usingKeyword.sameFromAndToCityErrorMsgValidation()'><b>sameFromAndToCityErrorMsgValidation</b><br>Test class: com.makeMyTrip.selenium_cabsTests.OutstationOneWayTests_usingKeyword<br>Parameters: Hubli Airport, Hubli Airport</td>
<td></td>
<td>2</td>
<td>com.makeMyTrip.selenium_cabsTests.OutstationOneWayTests_usingKeyword@31c88ec8</td></tr>
<tr>
<td title='com.makeMyTrip.selenium_cabsTests.OutstationOneWayTests_usingKeyword.sameFromAndToCityErrorMsgValidation()'><b>sameFromAndToCityErrorMsgValidation</b><br>Test class: com.makeMyTrip.selenium_cabsTests.OutstationOneWayTests_usingKeyword<br>Parameters: Shimla, Himachal Pradesh, India, Shimla, Himachal Pradesh, India</td>
<td></td>
<td>2</td>
<td>com.makeMyTrip.selenium_cabsTests.OutstationOneWayTests_usingKeyword@31c88ec8</td></tr>
<tr>
<td title='com.makeMyTrip.selenium_cabsTests.OutstationOneWayTests_usingKeyword.sameFromAndToCityErrorMsgValidation()'><b>sameFromAndToCityErrorMsgValidation</b><br>Test class: com.makeMyTrip.selenium_cabsTests.OutstationOneWayTests_usingKeyword<br>Parameters: Shirdi Airport, Shirdi Airport</td>
<td></td>
<td>2</td>
<td>com.makeMyTrip.selenium_cabsTests.OutstationOneWayTests_usingKeyword@31c88ec8</td></tr>
</table><p>
</body>
</html>