<!DOCTYPE html PUBLIC "-//W3C//DTD XHTML 1.1//EN" "https://www.w3.org/TR/xhtml11/DTD/xhtml11.dtd">
<html xmlns="https://www.w3.org/1999/xhtml">
<head>
<meta http-equiv="content-type" content="text/html; charset=UTF-8"/>
<title>TestNG Report</title>
<style type="text/css">table {margin-bottom:10px;border-collapse:collapse;empty-cells:show}th,td {border:1px solid #009;padding:.25em .5em}th {vertical-align:bottom}td {vertical-align:top}table a {font-weight:bold}.stripe td {background-color: #E6EBF9}.num {text-align:right}.passedodd td {background-color: #3F3}.passedeven td {background-color: #0A0}.skippedodd td {background-color: #DDD}.skippedeven td {background-color: #CCC}.failedodd td,.attn {background-color: #F33}.failedeven td,.stripe .attn {background-color: #D00}.stacktrace {white-space:pre;font-family:monospace}.totop {font-size:85%;text-align:center;border-bottom:2px solid #000}.invisible {display:none}</style>
</head>
<body>
<table>
<tr><th>Test</th><th># Passed</th><th># Skipped</th><th># Retried</th><th># Failed</th><th>Time (ms)</th><th>Included Groups</th><th>Excluded Groups</th></tr>
<tr><th colspan="8">Suite</th></tr>
<tr><td><a href="#t0">Test</a></td><td class="num">32</td><td class="num attn">2</td><td class="num">0</td><td class="num attn">18</td><td class="num">564,169</td><td></td><td></td></tr>
</table>
<table id='summary'><thead><tr><th>Class</th><th>Method</th><th>Start</th><th>Time (ms)</th></tr></thead><tbody><tr><th colspan="4">Suite</th></tr></tbody><tbody id="t0"><tr><th colspan="4">Test &#8212; failed</th></tr><tr class="failedeven"><td rowspan="3">com.makeMyTrip.selenium_cabsTests.OutstationOneWay_Validations</td><td><a href="#m0">SameInvalidOutstationOneWayCabSearch</a></td><td rowspan="1">1750836977596</td><td rowspan="1">31014</td></tr><tr class="failedeven"><td><a href="#m1">validOutstationOneWayCabSearch</a></td><td rowspan="2">1750837066349</td><td rowspan="2">1715</td></tr><tr class="failedeven"><td><a href="#m2">validOutstationOneWayCabSearch</a></td></tr><tr class="failedodd"><td rowspan="2">com.makeMyTrip.selenium_cabsTests.OutstationRoadTrip_Validation</td><td><a href="#m3">addStopsButtonValidation</a></td><td rowspan="1">1750837128693</td><td rowspan="1">32522</td></tr><tr class="failedodd"><td><a href="#m4">validOutstationRoundTripCabSearch</a></td><td rowspan="1">1750837093629</td><td rowspan="1">32385</td></tr><tr class="failedeven"><td rowspan="4">com.makeMyTrip.selenium_cabsTests.RideTypeRadioButtonValidation</td><td><a href="#m5">RideTypeRadioButtonTextTest</a></td><td rowspan="4">1750837450979</td><td rowspan="4">1</td></tr><tr class="failedeven"><td><a href="#m6">RideTypeRadioButtonTextTest</a></td></tr><tr class="failedeven"><td><a href="#m7">RideTypeRadioButtonTextTest</a></td></tr><tr class="failedeven"><td><a href="#m8">RideTypeRadioButtonTextTest</a></td></tr><tr class="failedodd"><td rowspan="9">com.makeMyTrip.selenium_cabsTests.TestClass</td><td><a href="#m9">validOutstationOneWayCabSearch</a></td><td rowspan="9">1750837274575</td><td rowspan="9">30824</td></tr><tr class="failedodd"><td><a href="#m10">validOutstationOneWayCabSearch</a></td></tr><tr class="failedodd"><td><a href="#m11">validOutstationOneWayCabSearch</a></td></tr><tr class="failedodd"><td><a href="#m12">validOutstationOneWayCabSearch</a></td></tr><tr class="failedodd"><td><a href="#m13">validOutstationOneWayCabSearch</a></td></tr><tr class="failedodd"><td><a href="#m14">validOutstationOneWayCabSearch</a></td></tr><tr class="failedodd"><td><a href="#m15">validOutstationOneWayCabSearch</a></td></tr><tr class="failedodd"><td><a href="#m16">validOutstationOneWayCabSearch</a></td></tr><tr class="failedodd"><td><a href="#m17">validOutstationOneWayCabSearch</a></td></tr><tr><th colspan="4">Test &#8212; skipped</th></tr><tr class="skippedeven"><td rowspan="1">com.makeMyTrip.selenium_cabsTests.OutstationRoadTrip_Validation</td><td><a href="#m18">dropTimeButtonValidation</a></td><td rowspan="1">1750837161334</td><td rowspan="1">0</td></tr><tr class="skippedodd"><td rowspan="1">com.makeMyTrip.selenium_cabsTests.RideTypeRadioButtonValidation</td><td><a href="#m19">VerifyOnlyOneRideTypeRadioButtonIsSelected</a></td><td rowspan="1">1750837451073</td><td rowspan="1">0</td></tr><tr><th colspan="4">Test &#8212; passed</th></tr><tr class="passedeven"><td rowspan="2">com.makeMyTrip.selenium_cabsTests.MakeMyTripNavigationTest</td><td><a href="#m20">chromeBrowser</a></td><td rowspan="1">1750836886922</td><td rowspan="1">3703</td></tr><tr class="passedeven"><td><a href="#m21">safariBrowser</a></td><td rowspan="1">1750836890627</td><td rowspan="1">3923</td></tr><tr class="passedodd"><td rowspan="27">com.makeMyTrip.selenium_cabsTests.OutstationOneWay_Validations</td><td><a href="#m22">SameInvalidOutstationOneWayCabSearch</a></td><td rowspan="15">1750836962391</td><td rowspan="15">2309</td></tr><tr class="passedodd"><td><a href="#m23">SameInvalidOutstationOneWayCabSearch</a></td></tr><tr class="passedodd"><td><a href="#m24">SameInvalidOutstationOneWayCabSearch</a></td></tr><tr class="passedodd"><td><a href="#m25">SameInvalidOutstationOneWayCabSearch</a></td></tr><tr class="passedodd"><td><a href="#m26">SameInvalidOutstationOneWayCabSearch</a></td></tr><tr class="passedodd"><td><a href="#m27">SameInvalidOutstationOneWayCabSearch</a></td></tr><tr class="passedodd"><td><a href="#m28">SameInvalidOutstationOneWayCabSearch</a></td></tr><tr class="passedodd"><td><a href="#m29">SameInvalidOutstationOneWayCabSearch</a></td></tr><tr class="passedodd"><td><a href="#m30">SameInvalidOutstationOneWayCabSearch</a></td></tr><tr class="passedodd"><td><a href="#m31">SameInvalidOutstationOneWayCabSearch</a></td></tr><tr class="passedodd"><td><a href="#m32">SameInvalidOutstationOneWayCabSearch</a></td></tr><tr class="passedodd"><td><a href="#m33">SameInvalidOutstationOneWayCabSearch</a></td></tr><tr class="passedodd"><td><a href="#m34">SameInvalidOutstationOneWayCabSearch</a></td></tr><tr class="passedodd"><td><a href="#m35">SameInvalidOutstationOneWayCabSearch</a></td></tr><tr class="passedodd"><td><a href="#m36">SameInvalidOutstationOneWayCabSearch</a></td></tr><tr class="passedodd"><td><a href="#m37">defaultDepartureDate</a></td><td rowspan="1">1750837011389</td><td rowspan="1">51</td></tr><tr class="passedodd"><td><a href="#m38">messageOnReturnDate</a></td><td rowspan="1">1750837014203</td><td rowspan="1">77</td></tr><tr class="passedodd"><td><a href="#m39">sameFromAndToCityErrorMsgValidation</a></td><td rowspan="1">1750837017040</td><td rowspan="1">1892</td></tr><tr class="passedodd"><td><a href="#m40">validOutstationOneWayCabSearch</a></td><td rowspan="8">1750837041512</td><td rowspan="8">4380</td></tr><tr class="passedodd"><td><a href="#m41">validOutstationOneWayCabSearch</a></td></tr><tr class="passedodd"><td><a href="#m42">validOutstationOneWayCabSearch</a></td></tr><tr class="passedodd"><td><a href="#m43">validOutstationOneWayCabSearch</a></td></tr><tr class="passedodd"><td><a href="#m44">validOutstationOneWayCabSearch</a></td></tr><tr class="passedodd"><td><a href="#m45">validOutstationOneWayCabSearch</a></td></tr><tr class="passedodd"><td><a href="#m46">validOutstationOneWayCabSearch</a></td></tr><tr class="passedodd"><td><a href="#m47">validOutstationOneWayCabSearch</a></td></tr><tr class="passedodd"><td><a href="#m48">verifyFormInputTagsForOutStationOneWay</a></td><td rowspan="1">1750837087974</td><td rowspan="1">37</td></tr><tr class="passedeven"><td rowspan="1">com.makeMyTrip.selenium_cabsTests.OutstationRoadTrip_Validation</td><td><a href="#m49">defaultDepartureAndReturnDateValidation</a></td><td rowspan="1">1750837090871</td><td rowspan="1">134</td></tr><tr class="passedodd"><td rowspan="1">com.makeMyTrip.selenium_cabsTests.RideTypeRadioButtonValidation</td><td><a href="#m50">RideTypeRadioButtonCountTest</a></td><td rowspan="1">1750837439914</td><td rowspan="1">16</td></tr><tr class="passedeven"><td rowspan="1">com.makeMyTrip.selenium_cabsTests.TestClass</td><td><a href="#m51">validOutstationOneWayCabSearch</a></td><td rowspan="1">1750837308805</td><td rowspan="1">4836</td></tr></tbody>
</table>
<h2>Test</h2><h3 id="m0">com.makeMyTrip.selenium_cabsTests.OutstationOneWay_Validations#SameInvalidOutstationOneWayCabSearch</h3><table class="result"><tr class="param"><th>Parameter #1</th><th>Parameter #2</th></tr><tr class="param stripe"><td>Rajiv Gandhi International Airport, Hyderabad</td><td>Rajiv Gandhi International Airport, Hyderabad</td></tr><tr><th colspan="2">Exception</th></tr><tr><td colspan="2"><div class="stacktrace">org.openqa.selenium.TimeoutException: Expected condition failed: waiting for visibility of element located by By.xpath: //div[@class=&apos;autoSuggestPlugin hsw_autocomplePopup&apos;]//following::span[text()=&apos;Rajiv Gandhi International Airport, Hyderabad&apos;] (tried for 30 second(s) with 500 milliseconds interval)
Build info: version: &apos;4.31.0&apos;, revision: &apos;1ef9f18787*&apos;
System info: os.name: &apos;Mac OS X&apos;, os.arch: &apos;aarch64&apos;, os.version: &apos;14.6.1&apos;, java.version: &apos;17.0.11&apos;
Driver info: org.openqa.selenium.chrome.ChromeDriver
Capabilities {acceptInsecureCerts: false, browserName: chrome, browserVersion: 137.0.7151.120, chrome: {chromedriverVersion: 137.0.7151.119 (e0ac9d12dff..., userDataDir: /var/folders/zf/jt1v52f10ts...}, fedcm:accounts: true, goog:chromeOptions: {debuggerAddress: localhost:63336}, networkConnectionEnabled: false, pageLoadStrategy: normal, platformName: mac, proxy: Proxy(), se:cdp: ws://localhost:63336/devtoo..., se:cdpVersion: 137.0.7151.120, setWindowRect: true, strictFileInteractability: false, timeouts: {implicit: 0, pageLoad: 300000, script: 30000}, unhandledPromptBehavior: dismiss and notify, webauthn:extension:credBlob: true, webauthn:extension:largeBlob: true, webauthn:extension:minPinLength: true, webauthn:extension:prf: true, webauthn:virtualAuthenticators: true}
Session ID: 674705e93d1c86a772c236910234de0c
	at org.openqa.selenium.support.ui.WebDriverWait.timeoutException(WebDriverWait.java:84)
	at org.openqa.selenium.support.ui.FluentWait.until(FluentWait.java:228)
	at com.makeMyTrip.selenium_cabsTests.OutstationOneWay_Validations.SameInvalidOutstationOneWayCabSearch(OutstationOneWay_Validations.java:185)
	at java.base/java.util.ArrayList.forEach(ArrayList.java:1511)
... Removed 27 stack frames</div></td></tr></table><p class="totop"><a href="#summary">back to summary</a></p>
<h3 id="m1">com.makeMyTrip.selenium_cabsTests.OutstationOneWay_Validations#validOutstationOneWayCabSearch</h3><table class="result"><tr class="param"><th>Parameter #1</th><th>Parameter #2</th></tr><tr class="param stripe"><td>Shirdi</td><td>Gorakhpur</td></tr><tr><th colspan="2">Exception</th></tr><tr><td colspan="2"><div class="stacktrace">org.openqa.selenium.ElementClickInterceptedException: element click intercepted: Element is not clickable at point (297, 1144)
  (Session info: chrome=137.0.7151.120)
Build info: version: &apos;4.31.0&apos;, revision: &apos;1ef9f18787*&apos;
System info: os.name: &apos;Mac OS X&apos;, os.arch: &apos;aarch64&apos;, os.version: &apos;14.6.1&apos;, java.version: &apos;17.0.11&apos;
Driver info: org.openqa.selenium.chrome.ChromeDriver
Command: [cb48a856fa9c3fddea3622b25d6b635f, clickElement {id=f.D0E36A6A50F4CB9B66BDC77506397B9E.d.61673FB2C7F4F369C8F8CC08697DA3FA.e.144}]
Capabilities {acceptInsecureCerts: false, browserName: chrome, browserVersion: 137.0.7151.120, chrome: {chromedriverVersion: 137.0.7151.119 (e0ac9d12dff..., userDataDir: /var/folders/zf/jt1v52f10ts...}, fedcm:accounts: true, goog:chromeOptions: {debuggerAddress: localhost:63822}, networkConnectionEnabled: false, pageLoadStrategy: normal, platformName: mac, proxy: Proxy(), se:cdp: ws://localhost:63822/devtoo..., se:cdpVersion: 137.0.7151.120, setWindowRect: true, strictFileInteractability: false, timeouts: {implicit: 0, pageLoad: 300000, script: 30000}, unhandledPromptBehavior: dismiss and notify, webauthn:extension:credBlob: true, webauthn:extension:largeBlob: true, webauthn:extension:minPinLength: true, webauthn:extension:prf: true, webauthn:virtualAuthenticators: true}
Element: [[ChromeDriver: chrome on mac (cb48a856fa9c3fddea3622b25d6b635f)] -&gt; xpath: //div[@class=&apos;autoSuggestPlugin hsw_autocomplePopup&apos;]//following::span[contains(text(),&apos;Shirdi&apos;)]]
Session ID: cb48a856fa9c3fddea3622b25d6b635f
	at org.openqa.selenium.remote.ErrorCodec.decode(ErrorCodec.java:167)
	at org.openqa.selenium.remote.codec.w3c.W3CHttpResponseCodec.decode(W3CHttpResponseCodec.java:138)
	at org.openqa.selenium.remote.codec.w3c.W3CHttpResponseCodec.decode(W3CHttpResponseCodec.java:50)
	at org.openqa.selenium.remote.HttpCommandExecutor.execute(HttpCommandExecutor.java:215)
	at org.openqa.selenium.remote.service.DriverCommandExecutor.invokeExecute(DriverCommandExecutor.java:216)
	at org.openqa.selenium.remote.service.DriverCommandExecutor.execute(DriverCommandExecutor.java:174)
	at org.openqa.selenium.remote.RemoteWebDriver.execute(RemoteWebDriver.java:545)
	at org.openqa.selenium.remote.RemoteWebElement.execute(RemoteWebElement.java:223)
	at org.openqa.selenium.remote.RemoteWebElement.click(RemoteWebElement.java:76)
	at com.makeMyTrip.selenium_cabsTests.OutstationOneWay_Validations.validOutstationOneWayCabSearch(OutstationOneWay_Validations.java:135)
	at java.base/java.util.ArrayList.forEach(ArrayList.java:1511)
... Removed 32 stack frames</div></td></tr></table><p class="totop"><a href="#summary">back to summary</a></p>
<h3 id="m2">com.makeMyTrip.selenium_cabsTests.OutstationOneWay_Validations#validOutstationOneWayCabSearch</h3><table class="result"><tr class="param"><th>Parameter #1</th><th>Parameter #2</th></tr><tr class="param stripe"><td>Shirdi</td><td>Chennai</td></tr><tr><th colspan="2">Exception</th></tr><tr><td colspan="2"><div class="stacktrace">org.openqa.selenium.ElementClickInterceptedException: element click intercepted: Element is not clickable at point (297, 1144)
  (Session info: chrome=137.0.7151.120)
Build info: version: &apos;4.31.0&apos;, revision: &apos;1ef9f18787*&apos;
System info: os.name: &apos;Mac OS X&apos;, os.arch: &apos;aarch64&apos;, os.version: &apos;14.6.1&apos;, java.version: &apos;17.0.11&apos;
Driver info: org.openqa.selenium.chrome.ChromeDriver
Command: [4041a62185ceded8ab839fcfbb18629f, clickElement {id=f.A64438D806B993EED8A9F40CE4856AF7.d.2B9648BAD6FB96C89407D48C624CB2F0.e.133}]
Capabilities {acceptInsecureCerts: false, browserName: chrome, browserVersion: 137.0.7151.120, chrome: {chromedriverVersion: 137.0.7151.119 (e0ac9d12dff..., userDataDir: /var/folders/zf/jt1v52f10ts...}, fedcm:accounts: true, goog:chromeOptions: {debuggerAddress: localhost:63731}, networkConnectionEnabled: false, pageLoadStrategy: normal, platformName: mac, proxy: Proxy(), se:cdp: ws://localhost:63731/devtoo..., se:cdpVersion: 137.0.7151.120, setWindowRect: true, strictFileInteractability: false, timeouts: {implicit: 0, pageLoad: 300000, script: 30000}, unhandledPromptBehavior: dismiss and notify, webauthn:extension:credBlob: true, webauthn:extension:largeBlob: true, webauthn:extension:minPinLength: true, webauthn:extension:prf: true, webauthn:virtualAuthenticators: true}
Element: [[ChromeDriver: chrome on mac (4041a62185ceded8ab839fcfbb18629f)] -&gt; xpath: //div[@class=&apos;autoSuggestPlugin hsw_autocomplePopup&apos;]//following::span[contains(text(),&apos;Shirdi&apos;)]]
Session ID: 4041a62185ceded8ab839fcfbb18629f
	at org.openqa.selenium.remote.ErrorCodec.decode(ErrorCodec.java:167)
	at org.openqa.selenium.remote.codec.w3c.W3CHttpResponseCodec.decode(W3CHttpResponseCodec.java:138)
	at org.openqa.selenium.remote.codec.w3c.W3CHttpResponseCodec.decode(W3CHttpResponseCodec.java:50)
	at org.openqa.selenium.remote.HttpCommandExecutor.execute(HttpCommandExecutor.java:215)
	at org.openqa.selenium.remote.service.DriverCommandExecutor.invokeExecute(DriverCommandExecutor.java:216)
	at org.openqa.selenium.remote.service.DriverCommandExecutor.execute(DriverCommandExecutor.java:174)
	at org.openqa.selenium.remote.RemoteWebDriver.execute(RemoteWebDriver.java:545)
	at org.openqa.selenium.remote.RemoteWebElement.execute(RemoteWebElement.java:223)
	at org.openqa.selenium.remote.RemoteWebElement.click(RemoteWebElement.java:76)
	at com.makeMyTrip.selenium_cabsTests.OutstationOneWay_Validations.validOutstationOneWayCabSearch(OutstationOneWay_Validations.java:135)
	at java.base/java.util.ArrayList.forEach(ArrayList.java:1511)
... Removed 32 stack frames</div></td></tr></table><p class="totop"><a href="#summary">back to summary</a></p>
<h3 id="m3">com.makeMyTrip.selenium_cabsTests.OutstationRoadTrip_Validation#addStopsButtonValidation</h3><table class="result"><tr><th>Exception</th></tr><tr><td><div class="stacktrace">org.openqa.selenium.TimeoutException: Expected condition failed: waiting for visibility of element located by By.xpath: //p[@class =&apos;addMoreTxt&apos;] (tried for 30 second(s) with 500 milliseconds interval)
Build info: version: &apos;4.31.0&apos;, revision: &apos;1ef9f18787*&apos;
System info: os.name: &apos;Mac OS X&apos;, os.arch: &apos;aarch64&apos;, os.version: &apos;14.6.1&apos;, java.version: &apos;17.0.11&apos;
Driver info: org.openqa.selenium.chrome.ChromeDriver
Capabilities {acceptInsecureCerts: false, browserName: chrome, browserVersion: 137.0.7151.120, chrome: {chromedriverVersion: 137.0.7151.119 (e0ac9d12dff..., userDataDir: /var/folders/zf/jt1v52f10ts...}, fedcm:accounts: true, goog:chromeOptions: {debuggerAddress: localhost:64049}, networkConnectionEnabled: false, pageLoadStrategy: normal, platformName: mac, proxy: Proxy(), se:cdp: ws://localhost:64049/devtoo..., se:cdpVersion: 137.0.7151.120, setWindowRect: true, strictFileInteractability: false, timeouts: {implicit: 0, pageLoad: 300000, script: 30000}, unhandledPromptBehavior: dismiss and notify, webauthn:extension:credBlob: true, webauthn:extension:largeBlob: true, webauthn:extension:minPinLength: true, webauthn:extension:prf: true, webauthn:virtualAuthenticators: true}
Session ID: b663e9f409bed6bf377062bb16979224
	at org.openqa.selenium.support.ui.WebDriverWait.timeoutException(WebDriverWait.java:84)
	at org.openqa.selenium.support.ui.FluentWait.until(FluentWait.java:228)
	at com.makeMyTrip.selenium_cabsTests.OutstationRoadTrip_Validation.addStopsButtonValidation(OutstationRoadTrip_Validation.java:100)
	at java.base/java.util.ArrayList.forEach(ArrayList.java:1511)
... Removed 27 stack frames</div></td></tr></table><p class="totop"><a href="#summary">back to summary</a></p>
<h3 id="m4">com.makeMyTrip.selenium_cabsTests.OutstationRoadTrip_Validation#validOutstationRoundTripCabSearch</h3><table class="result"><tr><th>Exception</th></tr><tr><td><div class="stacktrace">org.openqa.selenium.TimeoutException: Expected condition failed: waiting for element to be clickable: By.xpath: //span[text() = &apos;09  Hr&apos;] (tried for 30 second(s) with 500 milliseconds interval)
Build info: version: &apos;4.31.0&apos;, revision: &apos;1ef9f18787*&apos;
System info: os.name: &apos;Mac OS X&apos;, os.arch: &apos;aarch64&apos;, os.version: &apos;14.6.1&apos;, java.version: &apos;17.0.11&apos;
Driver info: org.openqa.selenium.chrome.ChromeDriver
Capabilities {acceptInsecureCerts: false, browserName: chrome, browserVersion: 137.0.7151.120, chrome: {chromedriverVersion: 137.0.7151.119 (e0ac9d12dff..., userDataDir: /var/folders/zf/jt1v52f10ts...}, fedcm:accounts: true, goog:chromeOptions: {debuggerAddress: localhost:64011}, networkConnectionEnabled: false, pageLoadStrategy: normal, platformName: mac, proxy: Proxy(), se:cdp: ws://localhost:64011/devtoo..., se:cdpVersion: 137.0.7151.120, setWindowRect: true, strictFileInteractability: false, timeouts: {implicit: 0, pageLoad: 300000, script: 30000}, unhandledPromptBehavior: dismiss and notify, webauthn:extension:credBlob: true, webauthn:extension:largeBlob: true, webauthn:extension:minPinLength: true, webauthn:extension:prf: true, webauthn:virtualAuthenticators: true}
Session ID: 31fac85ff2c5e96f9bc7427d8093315a
	at org.openqa.selenium.support.ui.WebDriverWait.timeoutException(WebDriverWait.java:84)
	at org.openqa.selenium.support.ui.FluentWait.until(FluentWait.java:228)
	at com.makeMyTrip.selenium_cabsTests.OutstationRoadTrip_Validation.validOutstationRoundTripCabSearch(OutstationRoadTrip_Validation.java:36)
	at java.base/java.util.ArrayList.forEach(ArrayList.java:1511)
... Removed 27 stack frames</div></td></tr></table><p class="totop"><a href="#summary">back to summary</a></p>
<h3 id="m5">com.makeMyTrip.selenium_cabsTests.RideTypeRadioButtonValidation#RideTypeRadioButtonTextTest</h3><table class="result"><tr class="param"><th>Parameter #1</th></tr><tr class="param stripe"><td>Hourly Rentals</td></tr><tr><th>Exception</th></tr><tr><td><div class="stacktrace">org.openqa.selenium.NoSuchSessionException: Session ID is null. Using WebDriver after calling quit()?
Build info: version: &apos;4.31.0&apos;, revision: &apos;1ef9f18787*&apos;
System info: os.name: &apos;Mac OS X&apos;, os.arch: &apos;aarch64&apos;, os.version: &apos;14.6.1&apos;, java.version: &apos;17.0.11&apos;
Driver info: org.openqa.selenium.chrome.ChromeDriver
Command: [null, getElementText {id=f.C44C493D9F7E867CFEDE72810157CD58.d.62B6E46502BFB19D9BC439FA27C77441.e.118}]
Capabilities {acceptInsecureCerts: false, browserName: chrome, browserVersion: 137.0.7151.120, chrome: {chromedriverVersion: 137.0.7151.119 (e0ac9d12dff..., userDataDir: /var/folders/zf/jt1v52f10ts...}, fedcm:accounts: true, goog:chromeOptions: {debuggerAddress: localhost:64510}, networkConnectionEnabled: false, pageLoadStrategy: normal, platformName: mac, proxy: Proxy(), se:cdp: ws://localhost:64510/devtoo..., se:cdpVersion: 137.0.7151.120, setWindowRect: true, strictFileInteractability: false, timeouts: {implicit: 0, pageLoad: 300000, script: 30000}, unhandledPromptBehavior: dismiss and notify, webauthn:extension:credBlob: true, webauthn:extension:largeBlob: true, webauthn:extension:minPinLength: true, webauthn:extension:prf: true, webauthn:virtualAuthenticators: true}
Element: [[ChromeDriver: chrome on mac (9bf954c8ce979bdb7b93aec33746ccbf)] -&gt; xpath: //ul[@class=&apos;latoBlack greyText b2c_cswTabs&apos;]//child::li]
	at org.openqa.selenium.remote.HttpCommandExecutor.execute(HttpCommandExecutor.java:176)
	at org.openqa.selenium.remote.service.DriverCommandExecutor.invokeExecute(DriverCommandExecutor.java:216)
	at org.openqa.selenium.remote.service.DriverCommandExecutor.execute(DriverCommandExecutor.java:174)
	at org.openqa.selenium.remote.RemoteWebDriver.execute(RemoteWebDriver.java:545)
	at org.openqa.selenium.remote.RemoteWebElement.execute(RemoteWebElement.java:223)
	at org.openqa.selenium.remote.RemoteWebElement.getText(RemoteWebElement.java:191)
	at com.makeMyTrip.selenium_cabsTests.RideTypeRadioButtonValidation.RideTypeRadioButtonTextTest(RideTypeRadioButtonValidation.java:41)
	at java.base/java.util.ArrayList.forEach(ArrayList.java:1511)
... Removed 27 stack frames</div></td></tr></table><p class="totop"><a href="#summary">back to summary</a></p>
<h3 id="m6">com.makeMyTrip.selenium_cabsTests.RideTypeRadioButtonValidation#RideTypeRadioButtonTextTest</h3><table class="result"><tr class="param"><th>Parameter #1</th></tr><tr class="param stripe"><td>Airport Transfers</td></tr><tr><th>Exception</th></tr><tr><td><div class="stacktrace">org.openqa.selenium.NoSuchSessionException: Session ID is null. Using WebDriver after calling quit()?
Build info: version: &apos;4.31.0&apos;, revision: &apos;1ef9f18787*&apos;
System info: os.name: &apos;Mac OS X&apos;, os.arch: &apos;aarch64&apos;, os.version: &apos;14.6.1&apos;, java.version: &apos;17.0.11&apos;
Driver info: org.openqa.selenium.chrome.ChromeDriver
Command: [null, getElementText {id=f.C44C493D9F7E867CFEDE72810157CD58.d.62B6E46502BFB19D9BC439FA27C77441.e.118}]
Capabilities {acceptInsecureCerts: false, browserName: chrome, browserVersion: 137.0.7151.120, chrome: {chromedriverVersion: 137.0.7151.119 (e0ac9d12dff..., userDataDir: /var/folders/zf/jt1v52f10ts...}, fedcm:accounts: true, goog:chromeOptions: {debuggerAddress: localhost:64510}, networkConnectionEnabled: false, pageLoadStrategy: normal, platformName: mac, proxy: Proxy(), se:cdp: ws://localhost:64510/devtoo..., se:cdpVersion: 137.0.7151.120, setWindowRect: true, strictFileInteractability: false, timeouts: {implicit: 0, pageLoad: 300000, script: 30000}, unhandledPromptBehavior: dismiss and notify, webauthn:extension:credBlob: true, webauthn:extension:largeBlob: true, webauthn:extension:minPinLength: true, webauthn:extension:prf: true, webauthn:virtualAuthenticators: true}
Element: [[ChromeDriver: chrome on mac (9bf954c8ce979bdb7b93aec33746ccbf)] -&gt; xpath: //ul[@class=&apos;latoBlack greyText b2c_cswTabs&apos;]//child::li]
	at org.openqa.selenium.remote.HttpCommandExecutor.execute(HttpCommandExecutor.java:176)
	at org.openqa.selenium.remote.service.DriverCommandExecutor.invokeExecute(DriverCommandExecutor.java:216)
	at org.openqa.selenium.remote.service.DriverCommandExecutor.execute(DriverCommandExecutor.java:174)
	at org.openqa.selenium.remote.RemoteWebDriver.execute(RemoteWebDriver.java:545)
	at org.openqa.selenium.remote.RemoteWebElement.execute(RemoteWebElement.java:223)
	at org.openqa.selenium.remote.RemoteWebElement.getText(RemoteWebElement.java:191)
	at com.makeMyTrip.selenium_cabsTests.RideTypeRadioButtonValidation.RideTypeRadioButtonTextTest(RideTypeRadioButtonValidation.java:41)
	at java.base/java.util.ArrayList.forEach(ArrayList.java:1511)
... Removed 27 stack frames</div></td></tr></table><p class="totop"><a href="#summary">back to summary</a></p>
<h3 id="m7">com.makeMyTrip.selenium_cabsTests.RideTypeRadioButtonValidation#RideTypeRadioButtonTextTest</h3><table class="result"><tr class="param"><th>Parameter #1</th></tr><tr class="param stripe"><td>Outstation One-Way</td></tr><tr><th>Exception</th></tr><tr><td><div class="stacktrace">org.openqa.selenium.NoSuchSessionException: Session ID is null. Using WebDriver after calling quit()?
Build info: version: &apos;4.31.0&apos;, revision: &apos;1ef9f18787*&apos;
System info: os.name: &apos;Mac OS X&apos;, os.arch: &apos;aarch64&apos;, os.version: &apos;14.6.1&apos;, java.version: &apos;17.0.11&apos;
Driver info: org.openqa.selenium.chrome.ChromeDriver
Command: [null, getElementText {id=f.C44C493D9F7E867CFEDE72810157CD58.d.62B6E46502BFB19D9BC439FA27C77441.e.118}]
Capabilities {acceptInsecureCerts: false, browserName: chrome, browserVersion: 137.0.7151.120, chrome: {chromedriverVersion: 137.0.7151.119 (e0ac9d12dff..., userDataDir: /var/folders/zf/jt1v52f10ts...}, fedcm:accounts: true, goog:chromeOptions: {debuggerAddress: localhost:64510}, networkConnectionEnabled: false, pageLoadStrategy: normal, platformName: mac, proxy: Proxy(), se:cdp: ws://localhost:64510/devtoo..., se:cdpVersion: 137.0.7151.120, setWindowRect: true, strictFileInteractability: false, timeouts: {implicit: 0, pageLoad: 300000, script: 30000}, unhandledPromptBehavior: dismiss and notify, webauthn:extension:credBlob: true, webauthn:extension:largeBlob: true, webauthn:extension:minPinLength: true, webauthn:extension:prf: true, webauthn:virtualAuthenticators: true}
Element: [[ChromeDriver: chrome on mac (9bf954c8ce979bdb7b93aec33746ccbf)] -&gt; xpath: //ul[@class=&apos;latoBlack greyText b2c_cswTabs&apos;]//child::li]
	at org.openqa.selenium.remote.HttpCommandExecutor.execute(HttpCommandExecutor.java:176)
	at org.openqa.selenium.remote.service.DriverCommandExecutor.invokeExecute(DriverCommandExecutor.java:216)
	at org.openqa.selenium.remote.service.DriverCommandExecutor.execute(DriverCommandExecutor.java:174)
	at org.openqa.selenium.remote.RemoteWebDriver.execute(RemoteWebDriver.java:545)
	at org.openqa.selenium.remote.RemoteWebElement.execute(RemoteWebElement.java:223)
	at org.openqa.selenium.remote.RemoteWebElement.getText(RemoteWebElement.java:191)
	at com.makeMyTrip.selenium_cabsTests.RideTypeRadioButtonValidation.RideTypeRadioButtonTextTest(RideTypeRadioButtonValidation.java:41)
	at java.base/java.util.ArrayList.forEach(ArrayList.java:1511)
... Removed 27 stack frames</div></td></tr></table><p class="totop"><a href="#summary">back to summary</a></p>
<h3 id="m8">com.makeMyTrip.selenium_cabsTests.RideTypeRadioButtonValidation#RideTypeRadioButtonTextTest</h3><table class="result"><tr class="param"><th>Parameter #1</th></tr><tr class="param stripe"><td>Outstation Round-Trip</td></tr><tr><th>Exception</th></tr><tr><td><div class="stacktrace">org.openqa.selenium.NoSuchSessionException: Session ID is null. Using WebDriver after calling quit()?
Build info: version: &apos;4.31.0&apos;, revision: &apos;1ef9f18787*&apos;
System info: os.name: &apos;Mac OS X&apos;, os.arch: &apos;aarch64&apos;, os.version: &apos;14.6.1&apos;, java.version: &apos;17.0.11&apos;
Driver info: org.openqa.selenium.chrome.ChromeDriver
Command: [null, getElementText {id=f.C44C493D9F7E867CFEDE72810157CD58.d.62B6E46502BFB19D9BC439FA27C77441.e.118}]
Capabilities {acceptInsecureCerts: false, browserName: chrome, browserVersion: 137.0.7151.120, chrome: {chromedriverVersion: 137.0.7151.119 (e0ac9d12dff..., userDataDir: /var/folders/zf/jt1v52f10ts...}, fedcm:accounts: true, goog:chromeOptions: {debuggerAddress: localhost:64510}, networkConnectionEnabled: false, pageLoadStrategy: normal, platformName: mac, proxy: Proxy(), se:cdp: ws://localhost:64510/devtoo..., se:cdpVersion: 137.0.7151.120, setWindowRect: true, strictFileInteractability: false, timeouts: {implicit: 0, pageLoad: 300000, script: 30000}, unhandledPromptBehavior: dismiss and notify, webauthn:extension:credBlob: true, webauthn:extension:largeBlob: true, webauthn:extension:minPinLength: true, webauthn:extension:prf: true, webauthn:virtualAuthenticators: true}
Element: [[ChromeDriver: chrome on mac (9bf954c8ce979bdb7b93aec33746ccbf)] -&gt; xpath: //ul[@class=&apos;latoBlack greyText b2c_cswTabs&apos;]//child::li]
	at org.openqa.selenium.remote.HttpCommandExecutor.execute(HttpCommandExecutor.java:176)
	at org.openqa.selenium.remote.service.DriverCommandExecutor.invokeExecute(DriverCommandExecutor.java:216)
	at org.openqa.selenium.remote.service.DriverCommandExecutor.execute(DriverCommandExecutor.java:174)
	at org.openqa.selenium.remote.RemoteWebDriver.execute(RemoteWebDriver.java:545)
	at org.openqa.selenium.remote.RemoteWebElement.execute(RemoteWebElement.java:223)
	at org.openqa.selenium.remote.RemoteWebElement.getText(RemoteWebElement.java:191)
	at com.makeMyTrip.selenium_cabsTests.RideTypeRadioButtonValidation.RideTypeRadioButtonTextTest(RideTypeRadioButtonValidation.java:41)
	at java.base/java.util.ArrayList.forEach(ArrayList.java:1511)
... Removed 27 stack frames</div></td></tr></table><p class="totop"><a href="#summary">back to summary</a></p>
<h3 id="m9">com.makeMyTrip.selenium_cabsTests.TestClass#validOutstationOneWayCabSearch</h3><table class="result"><tr class="param"><th>Parameter #1</th><th>Parameter #2</th></tr><tr class="param stripe"><td>Gurugram</td><td>Hubli</td></tr><tr><th colspan="2">Exception</th></tr><tr><td colspan="2"><div class="stacktrace">org.openqa.selenium.TimeoutException: Expected condition failed: waiting for visibility of element located by By.xpath: //div[@class=&quot;autoSuggestPlugin hsw_autocomplePopup&quot;]//child::div//child::input (tried for 30 second(s) with 500 milliseconds interval)
Build info: version: &apos;4.31.0&apos;, revision: &apos;1ef9f18787*&apos;
System info: os.name: &apos;Mac OS X&apos;, os.arch: &apos;aarch64&apos;, os.version: &apos;14.6.1&apos;, java.version: &apos;17.0.11&apos;
Driver info: org.openqa.selenium.chrome.ChromeDriver
Capabilities {acceptInsecureCerts: false, browserName: chrome, browserVersion: 137.0.7151.120, chrome: {chromedriverVersion: 137.0.7151.119 (e0ac9d12dff..., userDataDir: /var/folders/zf/jt1v52f10ts...}, fedcm:accounts: true, goog:chromeOptions: {debuggerAddress: localhost:64219}, networkConnectionEnabled: false, pageLoadStrategy: normal, platformName: mac, proxy: Proxy(), se:cdp: ws://localhost:64219/devtoo..., se:cdpVersion: 137.0.7151.120, setWindowRect: true, strictFileInteractability: false, timeouts: {implicit: 0, pageLoad: 300000, script: 30000}, unhandledPromptBehavior: dismiss and notify, webauthn:extension:credBlob: true, webauthn:extension:largeBlob: true, webauthn:extension:minPinLength: true, webauthn:extension:prf: true, webauthn:virtualAuthenticators: true}
Session ID: 5e26a8f46408597208aa207074453cba
	at org.openqa.selenium.support.ui.WebDriverWait.timeoutException(WebDriverWait.java:84)
	at org.openqa.selenium.support.ui.FluentWait.until(FluentWait.java:228)
	at com.makeMyTrip.selenium_cabsTests.TestClass.validOutstationOneWayCabSearch(TestClass.java:52)
	at java.base/java.util.ArrayList.forEach(ArrayList.java:1511)
... Removed 27 stack frames</div></td></tr></table><p class="totop"><a href="#summary">back to summary</a></p>
<h3 id="m10">com.makeMyTrip.selenium_cabsTests.TestClass#validOutstationOneWayCabSearch</h3><table class="result"><tr class="param"><th>Parameter #1</th><th>Parameter #2</th></tr><tr class="param stripe"><td>Surat</td><td>Zira</td></tr><tr><th colspan="2">Exception</th></tr><tr><td colspan="2"><div class="stacktrace">org.openqa.selenium.TimeoutException: Expected condition failed: waiting for visibility of element located by By.xpath: //div[@id=&quot;cabModifySearch&quot;] (tried for 30 second(s) with 500 milliseconds interval)
Build info: version: &apos;4.31.0&apos;, revision: &apos;1ef9f18787*&apos;
System info: os.name: &apos;Mac OS X&apos;, os.arch: &apos;aarch64&apos;, os.version: &apos;14.6.1&apos;, java.version: &apos;17.0.11&apos;
Driver info: org.openqa.selenium.chrome.ChromeDriver
Capabilities {acceptInsecureCerts: false, browserName: chrome, browserVersion: 137.0.7151.120, chrome: {chromedriverVersion: 137.0.7151.119 (e0ac9d12dff..., userDataDir: /var/folders/zf/jt1v52f10ts...}, fedcm:accounts: true, goog:chromeOptions: {debuggerAddress: localhost:64133}, networkConnectionEnabled: false, pageLoadStrategy: normal, platformName: mac, proxy: Proxy(), se:cdp: ws://localhost:64133/devtoo..., se:cdpVersion: 137.0.7151.120, setWindowRect: true, strictFileInteractability: false, timeouts: {implicit: 0, pageLoad: 300000, script: 30000}, unhandledPromptBehavior: dismiss and notify, webauthn:extension:credBlob: true, webauthn:extension:largeBlob: true, webauthn:extension:minPinLength: true, webauthn:extension:prf: true, webauthn:virtualAuthenticators: true}
Session ID: 8469175119f5a9acc4c186f252cd2f0b
	at org.openqa.selenium.support.ui.WebDriverWait.timeoutException(WebDriverWait.java:84)
	at org.openqa.selenium.support.ui.FluentWait.until(FluentWait.java:228)
	at com.makeMyTrip.selenium_cabsTests.TestClass.validOutstationOneWayCabSearch(TestClass.java:76)
	at java.base/java.util.ArrayList.forEach(ArrayList.java:1511)
... Removed 27 stack frames</div></td></tr></table><p class="totop"><a href="#summary">back to summary</a></p>
<h3 id="m11">com.makeMyTrip.selenium_cabsTests.TestClass#validOutstationOneWayCabSearch</h3><table class="result"><tr class="param"><th>Parameter #1</th><th>Parameter #2</th></tr><tr class="param stripe"><td>Chennai</td><td>Vadodara</td></tr><tr><th colspan="2">Exception</th></tr><tr><td colspan="2"><div class="stacktrace">org.openqa.selenium.TimeoutException: Expected condition failed: waiting for visibility of element located by By.xpath: //div[@id=&quot;cabModifySearch&quot;] (tried for 30 second(s) with 500 milliseconds interval)
Build info: version: &apos;4.31.0&apos;, revision: &apos;1ef9f18787*&apos;
System info: os.name: &apos;Mac OS X&apos;, os.arch: &apos;aarch64&apos;, os.version: &apos;14.6.1&apos;, java.version: &apos;17.0.11&apos;
Driver info: org.openqa.selenium.chrome.ChromeDriver
Capabilities {acceptInsecureCerts: false, browserName: chrome, browserVersion: 137.0.7151.120, chrome: {chromedriverVersion: 137.0.7151.119 (e0ac9d12dff..., userDataDir: /var/folders/zf/jt1v52f10ts...}, fedcm:accounts: true, goog:chromeOptions: {debuggerAddress: localhost:64087}, networkConnectionEnabled: false, pageLoadStrategy: normal, platformName: mac, proxy: Proxy(), se:cdp: ws://localhost:64087/devtoo..., se:cdpVersion: 137.0.7151.120, setWindowRect: true, strictFileInteractability: false, timeouts: {implicit: 0, pageLoad: 300000, script: 30000}, unhandledPromptBehavior: dismiss and notify, webauthn:extension:credBlob: true, webauthn:extension:largeBlob: true, webauthn:extension:minPinLength: true, webauthn:extension:prf: true, webauthn:virtualAuthenticators: true}
Session ID: 921fb7ec5b849383549455f01b942203
	at org.openqa.selenium.support.ui.WebDriverWait.timeoutException(WebDriverWait.java:84)
	at org.openqa.selenium.support.ui.FluentWait.until(FluentWait.java:228)
	at com.makeMyTrip.selenium_cabsTests.TestClass.validOutstationOneWayCabSearch(TestClass.java:76)
	at java.base/java.util.ArrayList.forEach(ArrayList.java:1511)
... Removed 27 stack frames</div></td></tr></table><p class="totop"><a href="#summary">back to summary</a></p>
<h3 id="m12">com.makeMyTrip.selenium_cabsTests.TestClass#validOutstationOneWayCabSearch</h3><table class="result"><tr class="param"><th>Parameter #1</th><th>Parameter #2</th></tr><tr class="param stripe"><td>Gorakhpur</td><td>Ahmednagar</td></tr><tr><th colspan="2">Exception</th></tr><tr><td colspan="2"><div class="stacktrace">org.openqa.selenium.TimeoutException: Expected condition failed: waiting for visibility of element located by By.xpath: //div[@class=&quot;autoSuggestPlugin hsw_autocomplePopup&quot;]//child::div//child::input (tried for 30 second(s) with 500 milliseconds interval)
Build info: version: &apos;4.31.0&apos;, revision: &apos;1ef9f18787*&apos;
System info: os.name: &apos;Mac OS X&apos;, os.arch: &apos;aarch64&apos;, os.version: &apos;14.6.1&apos;, java.version: &apos;17.0.11&apos;
Driver info: org.openqa.selenium.chrome.ChromeDriver
Capabilities {acceptInsecureCerts: false, browserName: chrome, browserVersion: 137.0.7151.120, chrome: {chromedriverVersion: 137.0.7151.119 (e0ac9d12dff..., userDataDir: /var/folders/zf/jt1v52f10ts...}, fedcm:accounts: true, goog:chromeOptions: {debuggerAddress: localhost:64178}, networkConnectionEnabled: false, pageLoadStrategy: normal, platformName: mac, proxy: Proxy(), se:cdp: ws://localhost:64178/devtoo..., se:cdpVersion: 137.0.7151.120, setWindowRect: true, strictFileInteractability: false, timeouts: {implicit: 0, pageLoad: 300000, script: 30000}, unhandledPromptBehavior: dismiss and notify, webauthn:extension:credBlob: true, webauthn:extension:largeBlob: true, webauthn:extension:minPinLength: true, webauthn:extension:prf: true, webauthn:virtualAuthenticators: true}
Session ID: 58318581247f51ed0ff067feb5ee5e3c
	at org.openqa.selenium.support.ui.WebDriverWait.timeoutException(WebDriverWait.java:84)
	at org.openqa.selenium.support.ui.FluentWait.until(FluentWait.java:228)
	at com.makeMyTrip.selenium_cabsTests.TestClass.validOutstationOneWayCabSearch(TestClass.java:52)
	at java.base/java.util.ArrayList.forEach(ArrayList.java:1511)
... Removed 27 stack frames</div></td></tr></table><p class="totop"><a href="#summary">back to summary</a></p>
<h3 id="m13">com.makeMyTrip.selenium_cabsTests.TestClass#validOutstationOneWayCabSearch</h3><table class="result"><tr class="param"><th>Parameter #1</th><th>Parameter #2</th></tr><tr class="param stripe"><td>Ayodhya</td><td>Surat</td></tr><tr><th colspan="2">Exception</th></tr><tr><td colspan="2"><div class="stacktrace">org.openqa.selenium.TimeoutException: Expected condition failed: waiting for visibility of element located by By.xpath: //div[@class=&quot;autoSuggestPlugin hsw_autocomplePopup&quot;]//child::div//child::input (tried for 30 second(s) with 500 milliseconds interval)
Build info: version: &apos;4.31.0&apos;, revision: &apos;1ef9f18787*&apos;
System info: os.name: &apos;Mac OS X&apos;, os.arch: &apos;aarch64&apos;, os.version: &apos;14.6.1&apos;, java.version: &apos;17.0.11&apos;
Driver info: org.openqa.selenium.chrome.ChromeDriver
Capabilities {acceptInsecureCerts: false, browserName: chrome, browserVersion: 137.0.7151.120, chrome: {chromedriverVersion: 137.0.7151.119 (e0ac9d12dff..., userDataDir: /var/folders/zf/jt1v52f10ts...}, fedcm:accounts: true, goog:chromeOptions: {debuggerAddress: localhost:64350}, networkConnectionEnabled: false, pageLoadStrategy: normal, platformName: mac, proxy: Proxy(), se:cdp: ws://localhost:64350/devtoo..., se:cdpVersion: 137.0.7151.120, setWindowRect: true, strictFileInteractability: false, timeouts: {implicit: 0, pageLoad: 300000, script: 30000}, unhandledPromptBehavior: dismiss and notify, webauthn:extension:credBlob: true, webauthn:extension:largeBlob: true, webauthn:extension:minPinLength: true, webauthn:extension:prf: true, webauthn:virtualAuthenticators: true}
Session ID: 16b30c6fad3bf90b291a52d598b19f32
	at org.openqa.selenium.support.ui.WebDriverWait.timeoutException(WebDriverWait.java:84)
	at org.openqa.selenium.support.ui.FluentWait.until(FluentWait.java:228)
	at com.makeMyTrip.selenium_cabsTests.TestClass.validOutstationOneWayCabSearch(TestClass.java:52)
	at java.base/java.util.ArrayList.forEach(ArrayList.java:1511)
... Removed 27 stack frames</div></td></tr></table><p class="totop"><a href="#summary">back to summary</a></p>
<h3 id="m14">com.makeMyTrip.selenium_cabsTests.TestClass#validOutstationOneWayCabSearch</h3><table class="result"><tr class="param"><th>Parameter #1</th><th>Parameter #2</th></tr><tr class="param stripe"><td>Shirdi</td><td>Chennai</td></tr><tr><th colspan="2">Exception</th></tr><tr><td colspan="2"><div class="stacktrace">org.openqa.selenium.ElementClickInterceptedException: element click intercepted: Element is not clickable at point (297, 1182)
  (Session info: chrome=137.0.7151.120)
Build info: version: &apos;4.31.0&apos;, revision: &apos;1ef9f18787*&apos;
System info: os.name: &apos;Mac OS X&apos;, os.arch: &apos;aarch64&apos;, os.version: &apos;14.6.1&apos;, java.version: &apos;17.0.11&apos;
Driver info: org.openqa.selenium.chrome.ChromeDriver
Command: [30b7f10f7d3adb33171408bdc5f97d03, clickElement {id=f.7BEE3935A477AE13F1743CAD8129C097.d.E753925588F70FD25367385C3520A33C.e.232}]
Capabilities {acceptInsecureCerts: false, browserName: chrome, browserVersion: 137.0.7151.120, chrome: {chromedriverVersion: 137.0.7151.119 (e0ac9d12dff..., userDataDir: /var/folders/zf/jt1v52f10ts...}, fedcm:accounts: true, goog:chromeOptions: {debuggerAddress: localhost:64312}, networkConnectionEnabled: false, pageLoadStrategy: normal, platformName: mac, proxy: Proxy(), se:cdp: ws://localhost:64312/devtoo..., se:cdpVersion: 137.0.7151.120, setWindowRect: true, strictFileInteractability: false, timeouts: {implicit: 0, pageLoad: 300000, script: 30000}, unhandledPromptBehavior: dismiss and notify, webauthn:extension:credBlob: true, webauthn:extension:largeBlob: true, webauthn:extension:minPinLength: true, webauthn:extension:prf: true, webauthn:virtualAuthenticators: true}
Element: [[ChromeDriver: chrome on mac (30b7f10f7d3adb33171408bdc5f97d03)] -&gt; xpath: //div[@class=&apos;autoSuggestPlugin hsw_autocomplePopup&apos;]//following::span[contains(text(),&apos;Shirdi&apos;)]]
Session ID: 30b7f10f7d3adb33171408bdc5f97d03
	at org.openqa.selenium.remote.ErrorCodec.decode(ErrorCodec.java:167)
	at org.openqa.selenium.remote.codec.w3c.W3CHttpResponseCodec.decode(W3CHttpResponseCodec.java:138)
	at org.openqa.selenium.remote.codec.w3c.W3CHttpResponseCodec.decode(W3CHttpResponseCodec.java:50)
	at org.openqa.selenium.remote.HttpCommandExecutor.execute(HttpCommandExecutor.java:215)
	at org.openqa.selenium.remote.service.DriverCommandExecutor.invokeExecute(DriverCommandExecutor.java:216)
	at org.openqa.selenium.remote.service.DriverCommandExecutor.execute(DriverCommandExecutor.java:174)
	at org.openqa.selenium.remote.RemoteWebDriver.execute(RemoteWebDriver.java:545)
	at org.openqa.selenium.remote.RemoteWebElement.execute(RemoteWebElement.java:223)
	at org.openqa.selenium.remote.RemoteWebElement.click(RemoteWebElement.java:76)
	at com.makeMyTrip.selenium_cabsTests.TestClass.validOutstationOneWayCabSearch(TestClass.java:57)
	at java.base/java.util.ArrayList.forEach(ArrayList.java:1511)
... Removed 32 stack frames</div></td></tr></table><p class="totop"><a href="#summary">back to summary</a></p>
<h3 id="m15">com.makeMyTrip.selenium_cabsTests.TestClass#validOutstationOneWayCabSearch</h3><table class="result"><tr class="param"><th>Parameter #1</th><th>Parameter #2</th></tr><tr class="param stripe"><td>Vadodara</td><td>Guwahati</td></tr><tr><th colspan="2">Exception</th></tr><tr><td colspan="2"><div class="stacktrace">org.openqa.selenium.TimeoutException: Expected condition failed: waiting for visibility of element located by By.xpath: //div[@class=&quot;autoSuggestPlugin hsw_autocomplePopup&quot;]//child::div//child::input (tried for 30 second(s) with 500 milliseconds interval)
Build info: version: &apos;4.31.0&apos;, revision: &apos;1ef9f18787*&apos;
System info: os.name: &apos;Mac OS X&apos;, os.arch: &apos;aarch64&apos;, os.version: &apos;14.6.1&apos;, java.version: &apos;17.0.11&apos;
Driver info: org.openqa.selenium.chrome.ChromeDriver
Capabilities {acceptInsecureCerts: false, browserName: chrome, browserVersion: 137.0.7151.120, chrome: {chromedriverVersion: 137.0.7151.119 (e0ac9d12dff..., userDataDir: /var/folders/zf/jt1v52f10ts...}, fedcm:accounts: true, goog:chromeOptions: {debuggerAddress: localhost:64467}, networkConnectionEnabled: false, pageLoadStrategy: normal, platformName: mac, proxy: Proxy(), se:cdp: ws://localhost:64467/devtoo..., se:cdpVersion: 137.0.7151.120, setWindowRect: true, strictFileInteractability: false, timeouts: {implicit: 0, pageLoad: 300000, script: 30000}, unhandledPromptBehavior: dismiss and notify, webauthn:extension:credBlob: true, webauthn:extension:largeBlob: true, webauthn:extension:minPinLength: true, webauthn:extension:prf: true, webauthn:virtualAuthenticators: true}
Session ID: d5560a306bce10cd998d117ea2805e38
	at org.openqa.selenium.support.ui.WebDriverWait.timeoutException(WebDriverWait.java:84)
	at org.openqa.selenium.support.ui.FluentWait.until(FluentWait.java:228)
	at com.makeMyTrip.selenium_cabsTests.TestClass.validOutstationOneWayCabSearch(TestClass.java:52)
	at java.base/java.util.ArrayList.forEach(ArrayList.java:1511)
... Removed 27 stack frames</div></td></tr></table><p class="totop"><a href="#summary">back to summary</a></p>
<h3 id="m16">com.makeMyTrip.selenium_cabsTests.TestClass#validOutstationOneWayCabSearch</h3><table class="result"><tr class="param"><th>Parameter #1</th><th>Parameter #2</th></tr><tr class="param stripe"><td>Madurai</td><td>Gurugram</td></tr><tr><th colspan="2">Exception</th></tr><tr><td colspan="2"><div class="stacktrace">org.openqa.selenium.NoSuchSessionException: invalid session id: session deleted as the browser has closed the connection
from disconnected: not connected to DevTools
  (Session info: chrome=137.0.7151.120)
Build info: version: &apos;4.31.0&apos;, revision: &apos;1ef9f18787*&apos;
System info: os.name: &apos;Mac OS X&apos;, os.arch: &apos;aarch64&apos;, os.version: &apos;14.6.1&apos;, java.version: &apos;17.0.11&apos;
Driver info: org.openqa.selenium.chrome.ChromeDriver
Command: [eb80847678dea4453c09238d73ed49ab, findElement {value=//div[@class=&quot;autoSuggestPlugin hsw_autocomplePopup&quot;]//child::div//child::input, using=xpath}]
Capabilities {acceptInsecureCerts: false, browserName: chrome, browserVersion: 137.0.7151.120, chrome: {chromedriverVersion: 137.0.7151.119 (e0ac9d12dff..., userDataDir: /var/folders/zf/jt1v52f10ts...}, fedcm:accounts: true, goog:chromeOptions: {debuggerAddress: localhost:64427}, networkConnectionEnabled: false, pageLoadStrategy: normal, platformName: mac, proxy: Proxy(), se:cdp: ws://localhost:64427/devtoo..., se:cdpVersion: 137.0.7151.120, setWindowRect: true, strictFileInteractability: false, timeouts: {implicit: 0, pageLoad: 300000, script: 30000}, unhandledPromptBehavior: dismiss and notify, webauthn:extension:credBlob: true, webauthn:extension:largeBlob: true, webauthn:extension:minPinLength: true, webauthn:extension:prf: true, webauthn:virtualAuthenticators: true}
Session ID: eb80847678dea4453c09238d73ed49ab
	at org.openqa.selenium.remote.ErrorCodec.decode(ErrorCodec.java:167)
	at org.openqa.selenium.remote.codec.w3c.W3CHttpResponseCodec.decode(W3CHttpResponseCodec.java:138)
	at org.openqa.selenium.remote.codec.w3c.W3CHttpResponseCodec.decode(W3CHttpResponseCodec.java:50)
	at org.openqa.selenium.remote.HttpCommandExecutor.execute(HttpCommandExecutor.java:215)
	at org.openqa.selenium.remote.service.DriverCommandExecutor.invokeExecute(DriverCommandExecutor.java:216)
	at org.openqa.selenium.remote.service.DriverCommandExecutor.execute(DriverCommandExecutor.java:174)
	at org.openqa.selenium.remote.RemoteWebDriver.execute(RemoteWebDriver.java:545)
	at org.openqa.selenium.remote.ElementLocation$ElementFinder$2.findElement(ElementLocation.java:165)
	at org.openqa.selenium.remote.ElementLocation.findElement(ElementLocation.java:59)
	at org.openqa.selenium.remote.RemoteWebDriver.findElement(RemoteWebDriver.java:368)
	at org.openqa.selenium.remote.RemoteWebDriver.findElement(RemoteWebDriver.java:362)
	at org.openqa.selenium.support.ui.ExpectedConditions$7.apply(ExpectedConditions.java:194)
	at org.openqa.selenium.support.ui.ExpectedConditions$7.apply(ExpectedConditions.java:190)
	at org.openqa.selenium.support.ui.FluentWait.until(FluentWait.java:203)
	at com.makeMyTrip.selenium_cabsTests.TestClass.validOutstationOneWayCabSearch(TestClass.java:52)
	at java.base/java.util.ArrayList.forEach(ArrayList.java:1511)
... Removed 32 stack frames</div></td></tr></table><p class="totop"><a href="#summary">back to summary</a></p>
<h3 id="m17">com.makeMyTrip.selenium_cabsTests.TestClass#validOutstationOneWayCabSearch</h3><table class="result"><tr class="param"><th>Parameter #1</th><th>Parameter #2</th></tr><tr class="param stripe"><td>Shirdi</td><td>Gorakhpur</td></tr><tr><th colspan="2">Exception</th></tr><tr><td colspan="2"><div class="stacktrace">org.openqa.selenium.TimeoutException: Expected condition failed: waiting for visibility of element located by By.xpath: //div[@class=&quot;autoSuggestPlugin hsw_autocomplePopup&quot;]//child::div//child::input (tried for 30 second(s) with 500 milliseconds interval)
Build info: version: &apos;4.31.0&apos;, revision: &apos;1ef9f18787*&apos;
System info: os.name: &apos;Mac OS X&apos;, os.arch: &apos;aarch64&apos;, os.version: &apos;14.6.1&apos;, java.version: &apos;17.0.11&apos;
Driver info: org.openqa.selenium.chrome.ChromeDriver
Capabilities {acceptInsecureCerts: false, browserName: chrome, browserVersion: 137.0.7151.120, chrome: {chromedriverVersion: 137.0.7151.119 (e0ac9d12dff..., userDataDir: /var/folders/zf/jt1v52f10ts...}, fedcm:accounts: true, goog:chromeOptions: {debuggerAddress: localhost:64389}, networkConnectionEnabled: false, pageLoadStrategy: normal, platformName: mac, proxy: Proxy(), se:cdp: ws://localhost:64389/devtoo..., se:cdpVersion: 137.0.7151.120, setWindowRect: true, strictFileInteractability: false, timeouts: {implicit: 0, pageLoad: 300000, script: 30000}, unhandledPromptBehavior: dismiss and notify, webauthn:extension:credBlob: true, webauthn:extension:largeBlob: true, webauthn:extension:minPinLength: true, webauthn:extension:prf: true, webauthn:virtualAuthenticators: true}
Session ID: 0ef21a7c48e13e41c28764875f94c2f2
	at org.openqa.selenium.support.ui.WebDriverWait.timeoutException(WebDriverWait.java:84)
	at org.openqa.selenium.support.ui.FluentWait.until(FluentWait.java:228)
	at com.makeMyTrip.selenium_cabsTests.TestClass.validOutstationOneWayCabSearch(TestClass.java:52)
	at java.base/java.util.ArrayList.forEach(ArrayList.java:1511)
... Removed 27 stack frames</div></td></tr></table><p class="totop"><a href="#summary">back to summary</a></p>
<h3 id="m18">com.makeMyTrip.selenium_cabsTests.OutstationRoadTrip_Validation#dropTimeButtonValidation</h3><table class="result"><tr><th>Exception</th></tr><tr><td><div class="stacktrace">java.lang.Throwable: Method com.makeMyTrip.selenium_cabsTests.OutstationRoadTrip_Validation.dropTimeButtonValidation() on instance com.makeMyTrip.selenium_cabsTests.OutstationRoadTrip_Validation@2f9f7dcf depends on not successfully finished methods 
[com.makeMyTrip.selenium_cabsTests.OutstationRoadTrip_Validation.validOutstationRoundTripCabSearch() on instance com.makeMyTrip.selenium_cabsTests.OutstationRoadTrip_Validation@2f9f7dcf]
	at java.base/java.util.ArrayList.forEach(ArrayList.java:1511)
... Removed 18 stack frames</div></td></tr></table><p class="totop"><a href="#summary">back to summary</a></p>
<h3 id="m19">com.makeMyTrip.selenium_cabsTests.RideTypeRadioButtonValidation#VerifyOnlyOneRideTypeRadioButtonIsSelected</h3><table class="result"><tr><th>Exception</th></tr><tr><td><div class="stacktrace">java.lang.Throwable: Method com.makeMyTrip.selenium_cabsTests.RideTypeRadioButtonValidation.VerifyOnlyOneRideTypeRadioButtonIsSelected() on instance com.makeMyTrip.selenium_cabsTests.RideTypeRadioButtonValidation@55183b20 depends on not successfully finished methods 
[com.makeMyTrip.selenium_cabsTests.RideTypeRadioButtonValidation.RideTypeRadioButtonTextTest() on instance com.makeMyTrip.selenium_cabsTests.RideTypeRadioButtonValidation@55183b20]
	at java.base/java.util.ArrayList.forEach(ArrayList.java:1511)
... Removed 18 stack frames</div></td></tr></table><p class="totop"><a href="#summary">back to summary</a></p>
<h3 id="m20">com.makeMyTrip.selenium_cabsTests.MakeMyTripNavigationTest#chromeBrowser</h3><table class="result"><tr><th class="invisible"/></tr></table><p class="totop"><a href="#summary">back to summary</a></p>
<h3 id="m21">com.makeMyTrip.selenium_cabsTests.MakeMyTripNavigationTest#safariBrowser</h3><table class="result"><tr><th class="invisible"/></tr></table><p class="totop"><a href="#summary">back to summary</a></p>
<h3 id="m22">com.makeMyTrip.selenium_cabsTests.OutstationOneWay_Validations#SameInvalidOutstationOneWayCabSearch</h3><table class="result"><tr class="param"><th>Parameter #1</th><th>Parameter #2</th></tr><tr class="param stripe"><td>Shirdi Airport</td><td>Shirdi Airport</td></tr></table><p class="totop"><a href="#summary">back to summary</a></p>
<h3 id="m23">com.makeMyTrip.selenium_cabsTests.OutstationOneWay_Validations#SameInvalidOutstationOneWayCabSearch</h3><table class="result"><tr class="param"><th>Parameter #1</th><th>Parameter #2</th></tr><tr class="param stripe"><td>Gurugram, Haryana, India</td><td>Gurugram, Haryana, India</td></tr></table><p class="totop"><a href="#summary">back to summary</a></p>
<h3 id="m24">com.makeMyTrip.selenium_cabsTests.OutstationOneWay_Validations#SameInvalidOutstationOneWayCabSearch</h3><table class="result"><tr class="param"><th>Parameter #1</th><th>Parameter #2</th></tr><tr class="param stripe"><td>Surat, Gujarat, India</td><td>Surat, Gujarat, India</td></tr></table><p class="totop"><a href="#summary">back to summary</a></p>
<h3 id="m25">com.makeMyTrip.selenium_cabsTests.OutstationOneWay_Validations#SameInvalidOutstationOneWayCabSearch</h3><table class="result"><tr class="param"><th>Parameter #1</th><th>Parameter #2</th></tr><tr class="param stripe"><td>Shimla, Himachal Pradesh, India</td><td>Shimla, Himachal Pradesh, India</td></tr></table><p class="totop"><a href="#summary">back to summary</a></p>
<h3 id="m26">com.makeMyTrip.selenium_cabsTests.OutstationOneWay_Validations#SameInvalidOutstationOneWayCabSearch</h3><table class="result"><tr class="param"><th>Parameter #1</th><th>Parameter #2</th></tr><tr class="param stripe"><td>Ayodhya, Uttar Pradesh, India</td><td>Ayodhya, Uttar Pradesh, India</td></tr></table><p class="totop"><a href="#summary">back to summary</a></p>
<h3 id="m27">com.makeMyTrip.selenium_cabsTests.OutstationOneWay_Validations#SameInvalidOutstationOneWayCabSearch</h3><table class="result"><tr class="param"><th>Parameter #1</th><th>Parameter #2</th></tr><tr class="param stripe"><td>Gorakhpur, Uttar Pradesh, India</td><td>Gorakhpur, Uttar Pradesh, India</td></tr></table><p class="totop"><a href="#summary">back to summary</a></p>
<h3 id="m28">com.makeMyTrip.selenium_cabsTests.OutstationOneWay_Validations#SameInvalidOutstationOneWayCabSearch</h3><table class="result"><tr class="param"><th>Parameter #1</th><th>Parameter #2</th></tr><tr class="param stripe"><td>Zira, Punjab, India</td><td>Zira, Punjab, India</td></tr></table><p class="totop"><a href="#summary">back to summary</a></p>
<h3 id="m29">com.makeMyTrip.selenium_cabsTests.OutstationOneWay_Validations#SameInvalidOutstationOneWayCabSearch</h3><table class="result"><tr class="param"><th>Parameter #1</th><th>Parameter #2</th></tr><tr class="param stripe"><td>Agra, Uttar Pradesh, India</td><td>Agra, Uttar Pradesh, India</td></tr></table><p class="totop"><a href="#summary">back to summary</a></p>
<h3 id="m30">com.makeMyTrip.selenium_cabsTests.OutstationOneWay_Validations#SameInvalidOutstationOneWayCabSearch</h3><table class="result"><tr class="param"><th>Parameter #1</th><th>Parameter #2</th></tr><tr class="param stripe"><td>Mumbai, Maharashtra, India</td><td>Mumbai, Maharashtra, India</td></tr></table><p class="totop"><a href="#summary">back to summary</a></p>
<h3 id="m31">com.makeMyTrip.selenium_cabsTests.OutstationOneWay_Validations#SameInvalidOutstationOneWayCabSearch</h3><table class="result"><tr class="param"><th>Parameter #1</th><th>Parameter #2</th></tr><tr class="param stripe"><td>Hubli Airport</td><td>Hubli Airport</td></tr></table><p class="totop"><a href="#summary">back to summary</a></p>
<h3 id="m32">com.makeMyTrip.selenium_cabsTests.OutstationOneWay_Validations#SameInvalidOutstationOneWayCabSearch</h3><table class="result"><tr class="param"><th>Parameter #1</th><th>Parameter #2</th></tr><tr class="param stripe"><td>Guwahati, Assam, India</td><td>Guwahati, Assam, India</td></tr></table><p class="totop"><a href="#summary">back to summary</a></p>
<h3 id="m33">com.makeMyTrip.selenium_cabsTests.OutstationOneWay_Validations#SameInvalidOutstationOneWayCabSearch</h3><table class="result"><tr class="param"><th>Parameter #1</th><th>Parameter #2</th></tr><tr class="param stripe"><td>Zirakpur, Punjab, India</td><td>Zirakpur, Punjab, India</td></tr></table><p class="totop"><a href="#summary">back to summary</a></p>
<h3 id="m34">com.makeMyTrip.selenium_cabsTests.OutstationOneWay_Validations#SameInvalidOutstationOneWayCabSearch</h3><table class="result"><tr class="param"><th>Parameter #1</th><th>Parameter #2</th></tr><tr class="param stripe"><td>Aurangabad Airport</td><td>Aurangabad Airport</td></tr></table><p class="totop"><a href="#summary">back to summary</a></p>
<h3 id="m35">com.makeMyTrip.selenium_cabsTests.OutstationOneWay_Validations#SameInvalidOutstationOneWayCabSearch</h3><table class="result"><tr class="param"><th>Parameter #1</th><th>Parameter #2</th></tr><tr class="param stripe"><td>Madurai, Tamil Nadu, India</td><td>Madurai, Tamil Nadu, India</td></tr></table><p class="totop"><a href="#summary">back to summary</a></p>
<h3 id="m36">com.makeMyTrip.selenium_cabsTests.OutstationOneWay_Validations#SameInvalidOutstationOneWayCabSearch</h3><table class="result"><tr class="param"><th>Parameter #1</th><th>Parameter #2</th></tr><tr class="param stripe"><td>Mangalore International Airport</td><td>Mangalore International Airport</td></tr></table><p class="totop"><a href="#summary">back to summary</a></p>
<h3 id="m37">com.makeMyTrip.selenium_cabsTests.OutstationOneWay_Validations#defaultDepartureDate</h3><table class="result"><tr><th class="invisible"/></tr></table><p class="totop"><a href="#summary">back to summary</a></p>
<h3 id="m38">com.makeMyTrip.selenium_cabsTests.OutstationOneWay_Validations#messageOnReturnDate</h3><table class="result"><tr><th class="invisible"/></tr></table><p class="totop"><a href="#summary">back to summary</a></p>
<h3 id="m39">com.makeMyTrip.selenium_cabsTests.OutstationOneWay_Validations#sameFromAndToCityErrorMsgValidation</h3><table class="result"><tr><th class="invisible"/></tr></table><p class="totop"><a href="#summary">back to summary</a></p>
<h3 id="m40">com.makeMyTrip.selenium_cabsTests.OutstationOneWay_Validations#validOutstationOneWayCabSearch</h3><table class="result"><tr class="param"><th>Parameter #1</th><th>Parameter #2</th></tr><tr class="param stripe"><td>Gurugram</td><td>Hubli</td></tr></table><p class="totop"><a href="#summary">back to summary</a></p>
<h3 id="m41">com.makeMyTrip.selenium_cabsTests.OutstationOneWay_Validations#validOutstationOneWayCabSearch</h3><table class="result"><tr class="param"><th>Parameter #1</th><th>Parameter #2</th></tr><tr class="param stripe"><td>Ayodhya</td><td>Surat</td></tr></table><p class="totop"><a href="#summary">back to summary</a></p>
<h3 id="m42">com.makeMyTrip.selenium_cabsTests.OutstationOneWay_Validations#validOutstationOneWayCabSearch</h3><table class="result"><tr class="param"><th>Parameter #1</th><th>Parameter #2</th></tr><tr class="param stripe"><td>Gorakhpur</td><td>Ahmednagar</td></tr></table><p class="totop"><a href="#summary">back to summary</a></p>
<h3 id="m43">com.makeMyTrip.selenium_cabsTests.OutstationOneWay_Validations#validOutstationOneWayCabSearch</h3><table class="result"><tr class="param"><th>Parameter #1</th><th>Parameter #2</th></tr><tr class="param stripe"><td>Guwahati</td><td>Chennai</td></tr></table><p class="totop"><a href="#summary">back to summary</a></p>
<h3 id="m44">com.makeMyTrip.selenium_cabsTests.OutstationOneWay_Validations#validOutstationOneWayCabSearch</h3><table class="result"><tr class="param"><th>Parameter #1</th><th>Parameter #2</th></tr><tr class="param stripe"><td>Chennai</td><td>Vadodara</td></tr></table><p class="totop"><a href="#summary">back to summary</a></p>
<h3 id="m45">com.makeMyTrip.selenium_cabsTests.OutstationOneWay_Validations#validOutstationOneWayCabSearch</h3><table class="result"><tr class="param"><th>Parameter #1</th><th>Parameter #2</th></tr><tr class="param stripe"><td>Madurai</td><td>Gurugram</td></tr></table><p class="totop"><a href="#summary">back to summary</a></p>
<h3 id="m46">com.makeMyTrip.selenium_cabsTests.OutstationOneWay_Validations#validOutstationOneWayCabSearch</h3><table class="result"><tr class="param"><th>Parameter #1</th><th>Parameter #2</th></tr><tr class="param stripe"><td>Surat</td><td>Zira</td></tr></table><p class="totop"><a href="#summary">back to summary</a></p>
<h3 id="m47">com.makeMyTrip.selenium_cabsTests.OutstationOneWay_Validations#validOutstationOneWayCabSearch</h3><table class="result"><tr class="param"><th>Parameter #1</th><th>Parameter #2</th></tr><tr class="param stripe"><td>Vadodara</td><td>Guwahati</td></tr></table><p class="totop"><a href="#summary">back to summary</a></p>
<h3 id="m48">com.makeMyTrip.selenium_cabsTests.OutstationOneWay_Validations#verifyFormInputTagsForOutStationOneWay</h3><table class="result"><tr><th class="invisible"/></tr></table><p class="totop"><a href="#summary">back to summary</a></p>
<h3 id="m49">com.makeMyTrip.selenium_cabsTests.OutstationRoadTrip_Validation#defaultDepartureAndReturnDateValidation</h3><table class="result"><tr><th class="invisible"/></tr></table><p class="totop"><a href="#summary">back to summary</a></p>
<h3 id="m50">com.makeMyTrip.selenium_cabsTests.RideTypeRadioButtonValidation#RideTypeRadioButtonCountTest</h3><table class="result"><tr><th class="invisible"/></tr></table><p class="totop"><a href="#summary">back to summary</a></p>
<h3 id="m51">com.makeMyTrip.selenium_cabsTests.TestClass#validOutstationOneWayCabSearch</h3><table class="result"><tr class="param"><th>Parameter #1</th><th>Parameter #2</th></tr><tr class="param stripe"><td>Guwahati</td><td>Chennai</td></tr></table><p class="totop"><a href="#summary">back to summary</a></p>
</body>
</html>
