<?xml version="1.0" encoding="UTF-8"?>
<testng-results ignored="0" total="52" passed="32" failed="18" skipped="2">
  <reporter-output>
  </reporter-output>
  <suite started-at="2025-06-25T13:04:46 IST" name="Suite" finished-at="2025-06-25T13:14:11 IST" duration-ms="564169">
    <groups>
    </groups>
    <test started-at="2025-06-25T13:04:46 IST" name="Test" finished-at="2025-06-25T13:14:11 IST" duration-ms="564169">
      <class name="com.makeMyTrip.selenium_cabsTests.RideTypeRadioButtonValidation">
        <test-method is-config="true" signature="CabsButtonClickTest()[pri:0, instance:com.makeMyTrip.selenium_cabsTests.RideTypeRadioButtonValidation@55183b20]" started-at="2025-06-25T13:13:57 IST" name="CabsButtonClickTest" finished-at="2025-06-25T13:13:59 IST" duration-ms="2739" status="PASS">
          <reporter-output>
          </reporter-output>
        </test-method> <!-- CabsButtonClickTest -->
        <test-method signature="RideTypeRadioButtonCountTest()[pri:0, instance:com.makeMyTrip.selenium_cabsTests.RideTypeRadioButtonValidation@55183b20]" started-at="2025-06-25T13:13:59 IST" name="RideTypeRadioButtonCountTest" finished-at="2025-06-25T13:13:59 IST" duration-ms="16" status="PASS">
          <reporter-output>
          </reporter-output>
        </test-method> <!-- RideTypeRadioButtonCountTest -->
        <test-method is-config="true" signature="tearDown()[pri:0, instance:com.makeMyTrip.selenium_cabsTests.RideTypeRadioButtonValidation@55183b20]" started-at="2025-06-25T13:13:59 IST" name="tearDown" finished-at="2025-06-25T13:14:00 IST" duration-ms="93" status="PASS">
          <reporter-output>
          </reporter-output>
        </test-method> <!-- tearDown -->
        <test-method is-config="true" signature="CabsButtonClickTest()[pri:0, instance:com.makeMyTrip.selenium_cabsTests.RideTypeRadioButtonValidation@55183b20]" started-at="2025-06-25T13:14:00 IST" name="CabsButtonClickTest" finished-at="2025-06-25T13:14:02 IST" duration-ms="2571" status="PASS">
          <reporter-output>
          </reporter-output>
        </test-method> <!-- CabsButtonClickTest -->
        <test-method signature="RideTypeRadioButtonTextTest(java.lang.String)[pri:0, instance:com.makeMyTrip.selenium_cabsTests.RideTypeRadioButtonValidation@55183b20]" started-at="2025-06-25T13:14:02 IST" name="RideTypeRadioButtonTextTest" data-provider="expectedRadioButtons" finished-at="2025-06-25T13:14:02 IST" depends-on-methods="com.makeMyTrip.selenium_cabsTests.RideTypeRadioButtonValidation.RideTypeRadioButtonCountTest" duration-ms="4" status="FAIL">
          <params>
            <param index="0">
              <value>
                <![CDATA[Outstation One-Way]]>
              </value>
            </param>
          </params>
          <exception class="org.openqa.selenium.NoSuchSessionException">
            <message>
              <![CDATA[Session ID is null. Using WebDriver after calling quit()?
Build info: version: '4.31.0', revision: '1ef9f18787*'
System info: os.name: 'Mac OS X', os.arch: 'aarch64', os.version: '14.6.1', java.version: '17.0.11'
Driver info: org.openqa.selenium.chrome.ChromeDriver
Command: [null, getElementText {id=f.C44C493D9F7E867CFEDE72810157CD58.d.62B6E46502BFB19D9BC439FA27C77441.e.118}]
Capabilities {acceptInsecureCerts: false, browserName: chrome, browserVersion: 137.0.7151.120, chrome: {chromedriverVersion: 137.0.7151.119 (e0ac9d12dff..., userDataDir: /var/folders/zf/jt1v52f10ts...}, fedcm:accounts: true, goog:chromeOptions: {debuggerAddress: localhost:64510}, networkConnectionEnabled: false, pageLoadStrategy: normal, platformName: mac, proxy: Proxy(), se:cdp: ws://localhost:64510/devtoo..., se:cdpVersion: 137.0.7151.120, setWindowRect: true, strictFileInteractability: false, timeouts: {implicit: 0, pageLoad: 300000, script: 30000}, unhandledPromptBehavior: dismiss and notify, webauthn:extension:credBlob: true, webauthn:extension:largeBlob: true, webauthn:extension:minPinLength: true, webauthn:extension:prf: true, webauthn:virtualAuthenticators: true}
Element: [[ChromeDriver: chrome on mac (9bf954c8ce979bdb7b93aec33746ccbf)] -> xpath: //ul[@class='latoBlack greyText b2c_cswTabs']//child::li]]]>
            </message>
            <full-stacktrace>
              <![CDATA[org.openqa.selenium.NoSuchSessionException: Session ID is null. Using WebDriver after calling quit()?
Build info: version: '4.31.0', revision: '1ef9f18787*'
System info: os.name: 'Mac OS X', os.arch: 'aarch64', os.version: '14.6.1', java.version: '17.0.11'
Driver info: org.openqa.selenium.chrome.ChromeDriver
Command: [null, getElementText {id=f.C44C493D9F7E867CFEDE72810157CD58.d.62B6E46502BFB19D9BC439FA27C77441.e.118}]
Capabilities {acceptInsecureCerts: false, browserName: chrome, browserVersion: 137.0.7151.120, chrome: {chromedriverVersion: 137.0.7151.119 (e0ac9d12dff..., userDataDir: /var/folders/zf/jt1v52f10ts...}, fedcm:accounts: true, goog:chromeOptions: {debuggerAddress: localhost:64510}, networkConnectionEnabled: false, pageLoadStrategy: normal, platformName: mac, proxy: Proxy(), se:cdp: ws://localhost:64510/devtoo..., se:cdpVersion: 137.0.7151.120, setWindowRect: true, strictFileInteractability: false, timeouts: {implicit: 0, pageLoad: 300000, script: 30000}, unhandledPromptBehavior: dismiss and notify, webauthn:extension:credBlob: true, webauthn:extension:largeBlob: true, webauthn:extension:minPinLength: true, webauthn:extension:prf: true, webauthn:virtualAuthenticators: true}
Element: [[ChromeDriver: chrome on mac (9bf954c8ce979bdb7b93aec33746ccbf)] -> xpath: //ul[@class='latoBlack greyText b2c_cswTabs']//child::li]
at org.openqa.selenium.remote.HttpCommandExecutor.execute(HttpCommandExecutor.java:176)
at org.openqa.selenium.remote.service.DriverCommandExecutor.invokeExecute(DriverCommandExecutor.java:216)
at org.openqa.selenium.remote.service.DriverCommandExecutor.execute(DriverCommandExecutor.java:174)
at org.openqa.selenium.remote.RemoteWebDriver.execute(RemoteWebDriver.java:545)
at org.openqa.selenium.remote.RemoteWebElement.execute(RemoteWebElement.java:223)
at org.openqa.selenium.remote.RemoteWebElement.getText(RemoteWebElement.java:191)
at com.makeMyTrip.selenium_cabsTests.RideTypeRadioButtonValidation.RideTypeRadioButtonTextTest(RideTypeRadioButtonValidation.java:41)
at java.base/jdk.internal.reflect.NativeMethodAccessorImpl.invoke0(Native Method)
at java.base/jdk.internal.reflect.NativeMethodAccessorImpl.invoke(NativeMethodAccessorImpl.java:77)
at java.base/jdk.internal.reflect.DelegatingMethodAccessorImpl.invoke(DelegatingMethodAccessorImpl.java:43)
at java.base/java.lang.reflect.Method.invoke(Method.java:568)
at org.testng.internal.invokers.MethodInvocationHelper.invokeMethod(MethodInvocationHelper.java:141)
at org.testng.internal.invokers.TestInvoker.invokeMethod(TestInvoker.java:686)
at org.testng.internal.invokers.TestInvoker.invokeTestMethod(TestInvoker.java:230)
at org.testng.internal.invokers.MethodRunner.runInSequence(MethodRunner.java:63)
at org.testng.internal.invokers.TestInvoker$MethodInvocationAgent.invoke(TestInvoker.java:992)
at org.testng.internal.invokers.TestInvoker.invokeTestMethods(TestInvoker.java:203)
at org.testng.internal.invokers.TestMethodWorker.invokeTestMethods(TestMethodWorker.java:154)
at org.testng.internal.invokers.TestMethodWorker.run(TestMethodWorker.java:134)
at java.base/java.util.ArrayList.forEach(ArrayList.java:1511)
at org.testng.TestRunner.privateRun(TestRunner.java:739)
at org.testng.TestRunner.run(TestRunner.java:614)
at org.testng.SuiteRunner.runTest(SuiteRunner.java:421)
at org.testng.SuiteRunner.runSequentially(SuiteRunner.java:413)
at org.testng.SuiteRunner.privateRun(SuiteRunner.java:373)
at org.testng.SuiteRunner.run(SuiteRunner.java:312)
at org.testng.SuiteRunnerWorker.runSuite(SuiteRunnerWorker.java:52)
at org.testng.SuiteRunnerWorker.run(SuiteRunnerWorker.java:95)
at org.testng.TestNG.runSuitesSequentially(TestNG.java:1274)
at org.testng.TestNG.runSuitesLocally(TestNG.java:1208)
at org.testng.TestNG.runSuites(TestNG.java:1112)
at org.testng.TestNG.run(TestNG.java:1079)
at org.testng.remote.AbstractRemoteTestNG.run(AbstractRemoteTestNG.java:115)
at org.testng.remote.RemoteTestNG.initAndRun(RemoteTestNG.java:293)
at org.testng.remote.RemoteTestNG.main(RemoteTestNG.java:91)
]]>
            </full-stacktrace>
          </exception> <!-- org.openqa.selenium.NoSuchSessionException -->
          <reporter-output>
          </reporter-output>
        </test-method> <!-- RideTypeRadioButtonTextTest -->
        <test-method is-config="true" signature="tearDown()[pri:0, instance:com.makeMyTrip.selenium_cabsTests.RideTypeRadioButtonValidation@55183b20]" started-at="2025-06-25T13:14:02 IST" name="tearDown" finished-at="2025-06-25T13:14:02 IST" duration-ms="93" status="PASS">
          <reporter-output>
          </reporter-output>
        </test-method> <!-- tearDown -->
        <test-method is-config="true" signature="CabsButtonClickTest()[pri:0, instance:com.makeMyTrip.selenium_cabsTests.RideTypeRadioButtonValidation@55183b20]" started-at="2025-06-25T13:14:02 IST" name="CabsButtonClickTest" finished-at="2025-06-25T13:14:05 IST" duration-ms="2709" status="PASS">
          <reporter-output>
          </reporter-output>
        </test-method> <!-- CabsButtonClickTest -->
        <test-method signature="RideTypeRadioButtonTextTest(java.lang.String)[pri:0, instance:com.makeMyTrip.selenium_cabsTests.RideTypeRadioButtonValidation@55183b20]" started-at="2025-06-25T13:14:05 IST" name="RideTypeRadioButtonTextTest" data-provider="expectedRadioButtons" finished-at="2025-06-25T13:14:05 IST" depends-on-methods="com.makeMyTrip.selenium_cabsTests.RideTypeRadioButtonValidation.RideTypeRadioButtonCountTest" duration-ms="1" status="FAIL">
          <params>
            <param index="0">
              <value>
                <![CDATA[Outstation Round-Trip]]>
              </value>
            </param>
          </params>
          <exception class="org.openqa.selenium.NoSuchSessionException">
            <message>
              <![CDATA[Session ID is null. Using WebDriver after calling quit()?
Build info: version: '4.31.0', revision: '1ef9f18787*'
System info: os.name: 'Mac OS X', os.arch: 'aarch64', os.version: '14.6.1', java.version: '17.0.11'
Driver info: org.openqa.selenium.chrome.ChromeDriver
Command: [null, getElementText {id=f.C44C493D9F7E867CFEDE72810157CD58.d.62B6E46502BFB19D9BC439FA27C77441.e.118}]
Capabilities {acceptInsecureCerts: false, browserName: chrome, browserVersion: 137.0.7151.120, chrome: {chromedriverVersion: 137.0.7151.119 (e0ac9d12dff..., userDataDir: /var/folders/zf/jt1v52f10ts...}, fedcm:accounts: true, goog:chromeOptions: {debuggerAddress: localhost:64510}, networkConnectionEnabled: false, pageLoadStrategy: normal, platformName: mac, proxy: Proxy(), se:cdp: ws://localhost:64510/devtoo..., se:cdpVersion: 137.0.7151.120, setWindowRect: true, strictFileInteractability: false, timeouts: {implicit: 0, pageLoad: 300000, script: 30000}, unhandledPromptBehavior: dismiss and notify, webauthn:extension:credBlob: true, webauthn:extension:largeBlob: true, webauthn:extension:minPinLength: true, webauthn:extension:prf: true, webauthn:virtualAuthenticators: true}
Element: [[ChromeDriver: chrome on mac (9bf954c8ce979bdb7b93aec33746ccbf)] -> xpath: //ul[@class='latoBlack greyText b2c_cswTabs']//child::li]]]>
            </message>
            <full-stacktrace>
              <![CDATA[org.openqa.selenium.NoSuchSessionException: Session ID is null. Using WebDriver after calling quit()?
Build info: version: '4.31.0', revision: '1ef9f18787*'
System info: os.name: 'Mac OS X', os.arch: 'aarch64', os.version: '14.6.1', java.version: '17.0.11'
Driver info: org.openqa.selenium.chrome.ChromeDriver
Command: [null, getElementText {id=f.C44C493D9F7E867CFEDE72810157CD58.d.62B6E46502BFB19D9BC439FA27C77441.e.118}]
Capabilities {acceptInsecureCerts: false, browserName: chrome, browserVersion: 137.0.7151.120, chrome: {chromedriverVersion: 137.0.7151.119 (e0ac9d12dff..., userDataDir: /var/folders/zf/jt1v52f10ts...}, fedcm:accounts: true, goog:chromeOptions: {debuggerAddress: localhost:64510}, networkConnectionEnabled: false, pageLoadStrategy: normal, platformName: mac, proxy: Proxy(), se:cdp: ws://localhost:64510/devtoo..., se:cdpVersion: 137.0.7151.120, setWindowRect: true, strictFileInteractability: false, timeouts: {implicit: 0, pageLoad: 300000, script: 30000}, unhandledPromptBehavior: dismiss and notify, webauthn:extension:credBlob: true, webauthn:extension:largeBlob: true, webauthn:extension:minPinLength: true, webauthn:extension:prf: true, webauthn:virtualAuthenticators: true}
Element: [[ChromeDriver: chrome on mac (9bf954c8ce979bdb7b93aec33746ccbf)] -> xpath: //ul[@class='latoBlack greyText b2c_cswTabs']//child::li]
at org.openqa.selenium.remote.HttpCommandExecutor.execute(HttpCommandExecutor.java:176)
at org.openqa.selenium.remote.service.DriverCommandExecutor.invokeExecute(DriverCommandExecutor.java:216)
at org.openqa.selenium.remote.service.DriverCommandExecutor.execute(DriverCommandExecutor.java:174)
at org.openqa.selenium.remote.RemoteWebDriver.execute(RemoteWebDriver.java:545)
at org.openqa.selenium.remote.RemoteWebElement.execute(RemoteWebElement.java:223)
at org.openqa.selenium.remote.RemoteWebElement.getText(RemoteWebElement.java:191)
at com.makeMyTrip.selenium_cabsTests.RideTypeRadioButtonValidation.RideTypeRadioButtonTextTest(RideTypeRadioButtonValidation.java:41)
at java.base/jdk.internal.reflect.NativeMethodAccessorImpl.invoke0(Native Method)
at java.base/jdk.internal.reflect.NativeMethodAccessorImpl.invoke(NativeMethodAccessorImpl.java:77)
at java.base/jdk.internal.reflect.DelegatingMethodAccessorImpl.invoke(DelegatingMethodAccessorImpl.java:43)
at java.base/java.lang.reflect.Method.invoke(Method.java:568)
at org.testng.internal.invokers.MethodInvocationHelper.invokeMethod(MethodInvocationHelper.java:141)
at org.testng.internal.invokers.TestInvoker.invokeMethod(TestInvoker.java:686)
at org.testng.internal.invokers.TestInvoker.invokeTestMethod(TestInvoker.java:230)
at org.testng.internal.invokers.MethodRunner.runInSequence(MethodRunner.java:63)
at org.testng.internal.invokers.TestInvoker$MethodInvocationAgent.invoke(TestInvoker.java:992)
at org.testng.internal.invokers.TestInvoker.invokeTestMethods(TestInvoker.java:203)
at org.testng.internal.invokers.TestMethodWorker.invokeTestMethods(TestMethodWorker.java:154)
at org.testng.internal.invokers.TestMethodWorker.run(TestMethodWorker.java:134)
at java.base/java.util.ArrayList.forEach(ArrayList.java:1511)
at org.testng.TestRunner.privateRun(TestRunner.java:739)
at org.testng.TestRunner.run(TestRunner.java:614)
at org.testng.SuiteRunner.runTest(SuiteRunner.java:421)
at org.testng.SuiteRunner.runSequentially(SuiteRunner.java:413)
at org.testng.SuiteRunner.privateRun(SuiteRunner.java:373)
at org.testng.SuiteRunner.run(SuiteRunner.java:312)
at org.testng.SuiteRunnerWorker.runSuite(SuiteRunnerWorker.java:52)
at org.testng.SuiteRunnerWorker.run(SuiteRunnerWorker.java:95)
at org.testng.TestNG.runSuitesSequentially(TestNG.java:1274)
at org.testng.TestNG.runSuitesLocally(TestNG.java:1208)
at org.testng.TestNG.runSuites(TestNG.java:1112)
at org.testng.TestNG.run(TestNG.java:1079)
at org.testng.remote.AbstractRemoteTestNG.run(AbstractRemoteTestNG.java:115)
at org.testng.remote.RemoteTestNG.initAndRun(RemoteTestNG.java:293)
at org.testng.remote.RemoteTestNG.main(RemoteTestNG.java:91)
]]>
            </full-stacktrace>
          </exception> <!-- org.openqa.selenium.NoSuchSessionException -->
          <reporter-output>
          </reporter-output>
        </test-method> <!-- RideTypeRadioButtonTextTest -->
        <test-method is-config="true" signature="tearDown()[pri:0, instance:com.makeMyTrip.selenium_cabsTests.RideTypeRadioButtonValidation@55183b20]" started-at="2025-06-25T13:14:05 IST" name="tearDown" finished-at="2025-06-25T13:14:05 IST" duration-ms="94" status="PASS">
          <reporter-output>
          </reporter-output>
        </test-method> <!-- tearDown -->
        <test-method is-config="true" signature="CabsButtonClickTest()[pri:0, instance:com.makeMyTrip.selenium_cabsTests.RideTypeRadioButtonValidation@55183b20]" started-at="2025-06-25T13:14:05 IST" name="CabsButtonClickTest" finished-at="2025-06-25T13:14:08 IST" duration-ms="2844" status="PASS">
          <reporter-output>
          </reporter-output>
        </test-method> <!-- CabsButtonClickTest -->
        <test-method signature="RideTypeRadioButtonTextTest(java.lang.String)[pri:0, instance:com.makeMyTrip.selenium_cabsTests.RideTypeRadioButtonValidation@55183b20]" started-at="2025-06-25T13:14:08 IST" name="RideTypeRadioButtonTextTest" data-provider="expectedRadioButtons" finished-at="2025-06-25T13:14:08 IST" depends-on-methods="com.makeMyTrip.selenium_cabsTests.RideTypeRadioButtonValidation.RideTypeRadioButtonCountTest" duration-ms="0" status="FAIL">
          <params>
            <param index="0">
              <value>
                <![CDATA[Airport Transfers]]>
              </value>
            </param>
          </params>
          <exception class="org.openqa.selenium.NoSuchSessionException">
            <message>
              <![CDATA[Session ID is null. Using WebDriver after calling quit()?
Build info: version: '4.31.0', revision: '1ef9f18787*'
System info: os.name: 'Mac OS X', os.arch: 'aarch64', os.version: '14.6.1', java.version: '17.0.11'
Driver info: org.openqa.selenium.chrome.ChromeDriver
Command: [null, getElementText {id=f.C44C493D9F7E867CFEDE72810157CD58.d.62B6E46502BFB19D9BC439FA27C77441.e.118}]
Capabilities {acceptInsecureCerts: false, browserName: chrome, browserVersion: 137.0.7151.120, chrome: {chromedriverVersion: 137.0.7151.119 (e0ac9d12dff..., userDataDir: /var/folders/zf/jt1v52f10ts...}, fedcm:accounts: true, goog:chromeOptions: {debuggerAddress: localhost:64510}, networkConnectionEnabled: false, pageLoadStrategy: normal, platformName: mac, proxy: Proxy(), se:cdp: ws://localhost:64510/devtoo..., se:cdpVersion: 137.0.7151.120, setWindowRect: true, strictFileInteractability: false, timeouts: {implicit: 0, pageLoad: 300000, script: 30000}, unhandledPromptBehavior: dismiss and notify, webauthn:extension:credBlob: true, webauthn:extension:largeBlob: true, webauthn:extension:minPinLength: true, webauthn:extension:prf: true, webauthn:virtualAuthenticators: true}
Element: [[ChromeDriver: chrome on mac (9bf954c8ce979bdb7b93aec33746ccbf)] -> xpath: //ul[@class='latoBlack greyText b2c_cswTabs']//child::li]]]>
            </message>
            <full-stacktrace>
              <![CDATA[org.openqa.selenium.NoSuchSessionException: Session ID is null. Using WebDriver after calling quit()?
Build info: version: '4.31.0', revision: '1ef9f18787*'
System info: os.name: 'Mac OS X', os.arch: 'aarch64', os.version: '14.6.1', java.version: '17.0.11'
Driver info: org.openqa.selenium.chrome.ChromeDriver
Command: [null, getElementText {id=f.C44C493D9F7E867CFEDE72810157CD58.d.62B6E46502BFB19D9BC439FA27C77441.e.118}]
Capabilities {acceptInsecureCerts: false, browserName: chrome, browserVersion: 137.0.7151.120, chrome: {chromedriverVersion: 137.0.7151.119 (e0ac9d12dff..., userDataDir: /var/folders/zf/jt1v52f10ts...}, fedcm:accounts: true, goog:chromeOptions: {debuggerAddress: localhost:64510}, networkConnectionEnabled: false, pageLoadStrategy: normal, platformName: mac, proxy: Proxy(), se:cdp: ws://localhost:64510/devtoo..., se:cdpVersion: 137.0.7151.120, setWindowRect: true, strictFileInteractability: false, timeouts: {implicit: 0, pageLoad: 300000, script: 30000}, unhandledPromptBehavior: dismiss and notify, webauthn:extension:credBlob: true, webauthn:extension:largeBlob: true, webauthn:extension:minPinLength: true, webauthn:extension:prf: true, webauthn:virtualAuthenticators: true}
Element: [[ChromeDriver: chrome on mac (9bf954c8ce979bdb7b93aec33746ccbf)] -> xpath: //ul[@class='latoBlack greyText b2c_cswTabs']//child::li]
at org.openqa.selenium.remote.HttpCommandExecutor.execute(HttpCommandExecutor.java:176)
at org.openqa.selenium.remote.service.DriverCommandExecutor.invokeExecute(DriverCommandExecutor.java:216)
at org.openqa.selenium.remote.service.DriverCommandExecutor.execute(DriverCommandExecutor.java:174)
at org.openqa.selenium.remote.RemoteWebDriver.execute(RemoteWebDriver.java:545)
at org.openqa.selenium.remote.RemoteWebElement.execute(RemoteWebElement.java:223)
at org.openqa.selenium.remote.RemoteWebElement.getText(RemoteWebElement.java:191)
at com.makeMyTrip.selenium_cabsTests.RideTypeRadioButtonValidation.RideTypeRadioButtonTextTest(RideTypeRadioButtonValidation.java:41)
at java.base/jdk.internal.reflect.NativeMethodAccessorImpl.invoke0(Native Method)
at java.base/jdk.internal.reflect.NativeMethodAccessorImpl.invoke(NativeMethodAccessorImpl.java:77)
at java.base/jdk.internal.reflect.DelegatingMethodAccessorImpl.invoke(DelegatingMethodAccessorImpl.java:43)
at java.base/java.lang.reflect.Method.invoke(Method.java:568)
at org.testng.internal.invokers.MethodInvocationHelper.invokeMethod(MethodInvocationHelper.java:141)
at org.testng.internal.invokers.TestInvoker.invokeMethod(TestInvoker.java:686)
at org.testng.internal.invokers.TestInvoker.invokeTestMethod(TestInvoker.java:230)
at org.testng.internal.invokers.MethodRunner.runInSequence(MethodRunner.java:63)
at org.testng.internal.invokers.TestInvoker$MethodInvocationAgent.invoke(TestInvoker.java:992)
at org.testng.internal.invokers.TestInvoker.invokeTestMethods(TestInvoker.java:203)
at org.testng.internal.invokers.TestMethodWorker.invokeTestMethods(TestMethodWorker.java:154)
at org.testng.internal.invokers.TestMethodWorker.run(TestMethodWorker.java:134)
at java.base/java.util.ArrayList.forEach(ArrayList.java:1511)
at org.testng.TestRunner.privateRun(TestRunner.java:739)
at org.testng.TestRunner.run(TestRunner.java:614)
at org.testng.SuiteRunner.runTest(SuiteRunner.java:421)
at org.testng.SuiteRunner.runSequentially(SuiteRunner.java:413)
at org.testng.SuiteRunner.privateRun(SuiteRunner.java:373)
at org.testng.SuiteRunner.run(SuiteRunner.java:312)
at org.testng.SuiteRunnerWorker.runSuite(SuiteRunnerWorker.java:52)
at org.testng.SuiteRunnerWorker.run(SuiteRunnerWorker.java:95)
at org.testng.TestNG.runSuitesSequentially(TestNG.java:1274)
at org.testng.TestNG.runSuitesLocally(TestNG.java:1208)
at org.testng.TestNG.runSuites(TestNG.java:1112)
at org.testng.TestNG.run(TestNG.java:1079)
at org.testng.remote.AbstractRemoteTestNG.run(AbstractRemoteTestNG.java:115)
at org.testng.remote.RemoteTestNG.initAndRun(RemoteTestNG.java:293)
at org.testng.remote.RemoteTestNG.main(RemoteTestNG.java:91)
]]>
            </full-stacktrace>
          </exception> <!-- org.openqa.selenium.NoSuchSessionException -->
          <reporter-output>
          </reporter-output>
        </test-method> <!-- RideTypeRadioButtonTextTest -->
        <test-method is-config="true" signature="tearDown()[pri:0, instance:com.makeMyTrip.selenium_cabsTests.RideTypeRadioButtonValidation@55183b20]" started-at="2025-06-25T13:14:08 IST" name="tearDown" finished-at="2025-06-25T13:14:08 IST" duration-ms="92" status="PASS">
          <reporter-output>
          </reporter-output>
        </test-method> <!-- tearDown -->
        <test-method is-config="true" signature="CabsButtonClickTest()[pri:0, instance:com.makeMyTrip.selenium_cabsTests.RideTypeRadioButtonValidation@55183b20]" started-at="2025-06-25T13:14:08 IST" name="CabsButtonClickTest" finished-at="2025-06-25T13:14:10 IST" duration-ms="2542" status="PASS">
          <reporter-output>
          </reporter-output>
        </test-method> <!-- CabsButtonClickTest -->
        <test-method signature="RideTypeRadioButtonTextTest(java.lang.String)[pri:0, instance:com.makeMyTrip.selenium_cabsTests.RideTypeRadioButtonValidation@55183b20]" started-at="2025-06-25T13:14:10 IST" name="RideTypeRadioButtonTextTest" data-provider="expectedRadioButtons" finished-at="2025-06-25T13:14:10 IST" depends-on-methods="com.makeMyTrip.selenium_cabsTests.RideTypeRadioButtonValidation.RideTypeRadioButtonCountTest" duration-ms="1" status="FAIL">
          <params>
            <param index="0">
              <value>
                <![CDATA[Hourly Rentals]]>
              </value>
            </param>
          </params>
          <exception class="org.openqa.selenium.NoSuchSessionException">
            <message>
              <![CDATA[Session ID is null. Using WebDriver after calling quit()?
Build info: version: '4.31.0', revision: '1ef9f18787*'
System info: os.name: 'Mac OS X', os.arch: 'aarch64', os.version: '14.6.1', java.version: '17.0.11'
Driver info: org.openqa.selenium.chrome.ChromeDriver
Command: [null, getElementText {id=f.C44C493D9F7E867CFEDE72810157CD58.d.62B6E46502BFB19D9BC439FA27C77441.e.118}]
Capabilities {acceptInsecureCerts: false, browserName: chrome, browserVersion: 137.0.7151.120, chrome: {chromedriverVersion: 137.0.7151.119 (e0ac9d12dff..., userDataDir: /var/folders/zf/jt1v52f10ts...}, fedcm:accounts: true, goog:chromeOptions: {debuggerAddress: localhost:64510}, networkConnectionEnabled: false, pageLoadStrategy: normal, platformName: mac, proxy: Proxy(), se:cdp: ws://localhost:64510/devtoo..., se:cdpVersion: 137.0.7151.120, setWindowRect: true, strictFileInteractability: false, timeouts: {implicit: 0, pageLoad: 300000, script: 30000}, unhandledPromptBehavior: dismiss and notify, webauthn:extension:credBlob: true, webauthn:extension:largeBlob: true, webauthn:extension:minPinLength: true, webauthn:extension:prf: true, webauthn:virtualAuthenticators: true}
Element: [[ChromeDriver: chrome on mac (9bf954c8ce979bdb7b93aec33746ccbf)] -> xpath: //ul[@class='latoBlack greyText b2c_cswTabs']//child::li]]]>
            </message>
            <full-stacktrace>
              <![CDATA[org.openqa.selenium.NoSuchSessionException: Session ID is null. Using WebDriver after calling quit()?
Build info: version: '4.31.0', revision: '1ef9f18787*'
System info: os.name: 'Mac OS X', os.arch: 'aarch64', os.version: '14.6.1', java.version: '17.0.11'
Driver info: org.openqa.selenium.chrome.ChromeDriver
Command: [null, getElementText {id=f.C44C493D9F7E867CFEDE72810157CD58.d.62B6E46502BFB19D9BC439FA27C77441.e.118}]
Capabilities {acceptInsecureCerts: false, browserName: chrome, browserVersion: 137.0.7151.120, chrome: {chromedriverVersion: 137.0.7151.119 (e0ac9d12dff..., userDataDir: /var/folders/zf/jt1v52f10ts...}, fedcm:accounts: true, goog:chromeOptions: {debuggerAddress: localhost:64510}, networkConnectionEnabled: false, pageLoadStrategy: normal, platformName: mac, proxy: Proxy(), se:cdp: ws://localhost:64510/devtoo..., se:cdpVersion: 137.0.7151.120, setWindowRect: true, strictFileInteractability: false, timeouts: {implicit: 0, pageLoad: 300000, script: 30000}, unhandledPromptBehavior: dismiss and notify, webauthn:extension:credBlob: true, webauthn:extension:largeBlob: true, webauthn:extension:minPinLength: true, webauthn:extension:prf: true, webauthn:virtualAuthenticators: true}
Element: [[ChromeDriver: chrome on mac (9bf954c8ce979bdb7b93aec33746ccbf)] -> xpath: //ul[@class='latoBlack greyText b2c_cswTabs']//child::li]
at org.openqa.selenium.remote.HttpCommandExecutor.execute(HttpCommandExecutor.java:176)
at org.openqa.selenium.remote.service.DriverCommandExecutor.invokeExecute(DriverCommandExecutor.java:216)
at org.openqa.selenium.remote.service.DriverCommandExecutor.execute(DriverCommandExecutor.java:174)
at org.openqa.selenium.remote.RemoteWebDriver.execute(RemoteWebDriver.java:545)
at org.openqa.selenium.remote.RemoteWebElement.execute(RemoteWebElement.java:223)
at org.openqa.selenium.remote.RemoteWebElement.getText(RemoteWebElement.java:191)
at com.makeMyTrip.selenium_cabsTests.RideTypeRadioButtonValidation.RideTypeRadioButtonTextTest(RideTypeRadioButtonValidation.java:41)
at java.base/jdk.internal.reflect.NativeMethodAccessorImpl.invoke0(Native Method)
at java.base/jdk.internal.reflect.NativeMethodAccessorImpl.invoke(NativeMethodAccessorImpl.java:77)
at java.base/jdk.internal.reflect.DelegatingMethodAccessorImpl.invoke(DelegatingMethodAccessorImpl.java:43)
at java.base/java.lang.reflect.Method.invoke(Method.java:568)
at org.testng.internal.invokers.MethodInvocationHelper.invokeMethod(MethodInvocationHelper.java:141)
at org.testng.internal.invokers.TestInvoker.invokeMethod(TestInvoker.java:686)
at org.testng.internal.invokers.TestInvoker.invokeTestMethod(TestInvoker.java:230)
at org.testng.internal.invokers.MethodRunner.runInSequence(MethodRunner.java:63)
at org.testng.internal.invokers.TestInvoker$MethodInvocationAgent.invoke(TestInvoker.java:992)
at org.testng.internal.invokers.TestInvoker.invokeTestMethods(TestInvoker.java:203)
at org.testng.internal.invokers.TestMethodWorker.invokeTestMethods(TestMethodWorker.java:154)
at org.testng.internal.invokers.TestMethodWorker.run(TestMethodWorker.java:134)
at java.base/java.util.ArrayList.forEach(ArrayList.java:1511)
at org.testng.TestRunner.privateRun(TestRunner.java:739)
at org.testng.TestRunner.run(TestRunner.java:614)
at org.testng.SuiteRunner.runTest(SuiteRunner.java:421)
at org.testng.SuiteRunner.runSequentially(SuiteRunner.java:413)
at org.testng.SuiteRunner.privateRun(SuiteRunner.java:373)
at org.testng.SuiteRunner.run(SuiteRunner.java:312)
at org.testng.SuiteRunnerWorker.runSuite(SuiteRunnerWorker.java:52)
at org.testng.SuiteRunnerWorker.run(SuiteRunnerWorker.java:95)
at org.testng.TestNG.runSuitesSequentially(TestNG.java:1274)
at org.testng.TestNG.runSuitesLocally(TestNG.java:1208)
at org.testng.TestNG.runSuites(TestNG.java:1112)
at org.testng.TestNG.run(TestNG.java:1079)
at org.testng.remote.AbstractRemoteTestNG.run(AbstractRemoteTestNG.java:115)
at org.testng.remote.RemoteTestNG.initAndRun(RemoteTestNG.java:293)
at org.testng.remote.RemoteTestNG.main(RemoteTestNG.java:91)
]]>
            </full-stacktrace>
          </exception> <!-- org.openqa.selenium.NoSuchSessionException -->
          <reporter-output>
          </reporter-output>
        </test-method> <!-- RideTypeRadioButtonTextTest -->
        <test-method is-config="true" signature="tearDown()[pri:0, instance:com.makeMyTrip.selenium_cabsTests.RideTypeRadioButtonValidation@55183b20]" started-at="2025-06-25T13:14:10 IST" name="tearDown" finished-at="2025-06-25T13:14:11 IST" duration-ms="92" status="PASS">
          <reporter-output>
          </reporter-output>
        </test-method> <!-- tearDown -->
        <test-method signature="VerifyOnlyOneRideTypeRadioButtonIsSelected()[pri:0, instance:com.makeMyTrip.selenium_cabsTests.RideTypeRadioButtonValidation@55183b20]" started-at="2025-06-25T13:14:11 IST" name="VerifyOnlyOneRideTypeRadioButtonIsSelected" finished-at="2025-06-25T13:14:11 IST" depends-on-methods="com.makeMyTrip.selenium_cabsTests.RideTypeRadioButtonValidation.RideTypeRadioButtonTextTest" duration-ms="0" status="SKIP">
          <exception class="java.lang.Throwable">
            <message>
              <![CDATA[Method com.makeMyTrip.selenium_cabsTests.RideTypeRadioButtonValidation.VerifyOnlyOneRideTypeRadioButtonIsSelected() on instance com.makeMyTrip.selenium_cabsTests.RideTypeRadioButtonValidation@55183b20 depends on not successfully finished methods 
[com.makeMyTrip.selenium_cabsTests.RideTypeRadioButtonValidation.RideTypeRadioButtonTextTest() on instance com.makeMyTrip.selenium_cabsTests.RideTypeRadioButtonValidation@55183b20]]]>
            </message>
            <full-stacktrace>
              <![CDATA[java.lang.Throwable: Method com.makeMyTrip.selenium_cabsTests.RideTypeRadioButtonValidation.VerifyOnlyOneRideTypeRadioButtonIsSelected() on instance com.makeMyTrip.selenium_cabsTests.RideTypeRadioButtonValidation@55183b20 depends on not successfully finished methods 
[com.makeMyTrip.selenium_cabsTests.RideTypeRadioButtonValidation.RideTypeRadioButtonTextTest() on instance com.makeMyTrip.selenium_cabsTests.RideTypeRadioButtonValidation@55183b20]
at org.testng.internal.invokers.TestInvoker.invokeTestMethods(TestInvoker.java:159)
at org.testng.internal.invokers.TestMethodWorker.invokeTestMethods(TestMethodWorker.java:154)
at org.testng.internal.invokers.TestMethodWorker.run(TestMethodWorker.java:134)
at java.base/java.util.ArrayList.forEach(ArrayList.java:1511)
at org.testng.TestRunner.privateRun(TestRunner.java:739)
at org.testng.TestRunner.run(TestRunner.java:614)
at org.testng.SuiteRunner.runTest(SuiteRunner.java:421)
at org.testng.SuiteRunner.runSequentially(SuiteRunner.java:413)
at org.testng.SuiteRunner.privateRun(SuiteRunner.java:373)
at org.testng.SuiteRunner.run(SuiteRunner.java:312)
at org.testng.SuiteRunnerWorker.runSuite(SuiteRunnerWorker.java:52)
at org.testng.SuiteRunnerWorker.run(SuiteRunnerWorker.java:95)
at org.testng.TestNG.runSuitesSequentially(TestNG.java:1274)
at org.testng.TestNG.runSuitesLocally(TestNG.java:1208)
at org.testng.TestNG.runSuites(TestNG.java:1112)
at org.testng.TestNG.run(TestNG.java:1079)
at org.testng.remote.AbstractRemoteTestNG.run(AbstractRemoteTestNG.java:115)
at org.testng.remote.RemoteTestNG.initAndRun(RemoteTestNG.java:293)
at org.testng.remote.RemoteTestNG.main(RemoteTestNG.java:91)
]]>
            </full-stacktrace>
          </exception> <!-- java.lang.Throwable -->
          <reporter-output>
          </reporter-output>
        </test-method> <!-- VerifyOnlyOneRideTypeRadioButtonIsSelected -->
      </class> <!-- com.makeMyTrip.selenium_cabsTests.RideTypeRadioButtonValidation -->
      <class name="com.makeMyTrip.selenium_cabsTests.OutstationRoadTrip_Validation">
        <test-method is-config="true" signature="CabsButtonClickTest()[pri:0, instance:com.makeMyTrip.selenium_cabsTests.OutstationRoadTrip_Validation@2f9f7dcf]" started-at="2025-06-25T13:08:08 IST" name="CabsButtonClickTest" finished-at="2025-06-25T13:08:10 IST" duration-ms="2760" status="PASS">
          <reporter-output>
          </reporter-output>
        </test-method> <!-- CabsButtonClickTest -->
        <test-method signature="defaultDepartureAndReturnDateValidation()[pri:0, instance:com.makeMyTrip.selenium_cabsTests.OutstationRoadTrip_Validation@2f9f7dcf]" started-at="2025-06-25T13:08:10 IST" name="defaultDepartureAndReturnDateValidation" finished-at="2025-06-25T13:08:11 IST" duration-ms="134" status="PASS">
          <reporter-output>
          </reporter-output>
        </test-method> <!-- defaultDepartureAndReturnDateValidation -->
        <test-method is-config="true" signature="tearDown()[pri:0, instance:com.makeMyTrip.selenium_cabsTests.OutstationRoadTrip_Validation@2f9f7dcf]" started-at="2025-06-25T13:08:11 IST" name="tearDown" finished-at="2025-06-25T13:08:11 IST" duration-ms="94" status="PASS">
          <reporter-output>
          </reporter-output>
        </test-method> <!-- tearDown -->
        <test-method is-config="true" signature="CabsButtonClickTest()[pri:0, instance:com.makeMyTrip.selenium_cabsTests.OutstationRoadTrip_Validation@2f9f7dcf]" started-at="2025-06-25T13:08:11 IST" name="CabsButtonClickTest" finished-at="2025-06-25T13:08:13 IST" duration-ms="2530" status="PASS">
          <reporter-output>
          </reporter-output>
        </test-method> <!-- CabsButtonClickTest -->
        <test-method signature="validOutstationRoundTripCabSearch()[pri:0, instance:com.makeMyTrip.selenium_cabsTests.OutstationRoadTrip_Validation@2f9f7dcf]" started-at="2025-06-25T13:08:13 IST" name="validOutstationRoundTripCabSearch" finished-at="2025-06-25T13:08:46 IST" duration-ms="32385" status="FAIL">
          <exception class="org.openqa.selenium.TimeoutException">
            <message>
              <![CDATA[Expected condition failed: waiting for element to be clickable: By.xpath: //span[text() = '09  Hr'] (tried for 30 second(s) with 500 milliseconds interval)
Build info: version: '4.31.0', revision: '1ef9f18787*'
System info: os.name: 'Mac OS X', os.arch: 'aarch64', os.version: '14.6.1', java.version: '17.0.11'
Driver info: org.openqa.selenium.chrome.ChromeDriver
Capabilities {acceptInsecureCerts: false, browserName: chrome, browserVersion: 137.0.7151.120, chrome: {chromedriverVersion: 137.0.7151.119 (e0ac9d12dff..., userDataDir: /var/folders/zf/jt1v52f10ts...}, fedcm:accounts: true, goog:chromeOptions: {debuggerAddress: localhost:64011}, networkConnectionEnabled: false, pageLoadStrategy: normal, platformName: mac, proxy: Proxy(), se:cdp: ws://localhost:64011/devtoo..., se:cdpVersion: 137.0.7151.120, setWindowRect: true, strictFileInteractability: false, timeouts: {implicit: 0, pageLoad: 300000, script: 30000}, unhandledPromptBehavior: dismiss and notify, webauthn:extension:credBlob: true, webauthn:extension:largeBlob: true, webauthn:extension:minPinLength: true, webauthn:extension:prf: true, webauthn:virtualAuthenticators: true}
Session ID: 31fac85ff2c5e96f9bc7427d8093315a]]>
            </message>
            <full-stacktrace>
              <![CDATA[org.openqa.selenium.TimeoutException: Expected condition failed: waiting for element to be clickable: By.xpath: //span[text() = '09  Hr'] (tried for 30 second(s) with 500 milliseconds interval)
Build info: version: '4.31.0', revision: '1ef9f18787*'
System info: os.name: 'Mac OS X', os.arch: 'aarch64', os.version: '14.6.1', java.version: '17.0.11'
Driver info: org.openqa.selenium.chrome.ChromeDriver
Capabilities {acceptInsecureCerts: false, browserName: chrome, browserVersion: 137.0.7151.120, chrome: {chromedriverVersion: 137.0.7151.119 (e0ac9d12dff..., userDataDir: /var/folders/zf/jt1v52f10ts...}, fedcm:accounts: true, goog:chromeOptions: {debuggerAddress: localhost:64011}, networkConnectionEnabled: false, pageLoadStrategy: normal, platformName: mac, proxy: Proxy(), se:cdp: ws://localhost:64011/devtoo..., se:cdpVersion: 137.0.7151.120, setWindowRect: true, strictFileInteractability: false, timeouts: {implicit: 0, pageLoad: 300000, script: 30000}, unhandledPromptBehavior: dismiss and notify, webauthn:extension:credBlob: true, webauthn:extension:largeBlob: true, webauthn:extension:minPinLength: true, webauthn:extension:prf: true, webauthn:virtualAuthenticators: true}
Session ID: 31fac85ff2c5e96f9bc7427d8093315a
at org.openqa.selenium.support.ui.WebDriverWait.timeoutException(WebDriverWait.java:84)
at org.openqa.selenium.support.ui.FluentWait.until(FluentWait.java:228)
at com.makeMyTrip.selenium_cabsTests.OutstationRoadTrip_Validation.validOutstationRoundTripCabSearch(OutstationRoadTrip_Validation.java:36)
at java.base/jdk.internal.reflect.NativeMethodAccessorImpl.invoke0(Native Method)
at java.base/jdk.internal.reflect.NativeMethodAccessorImpl.invoke(NativeMethodAccessorImpl.java:77)
at java.base/jdk.internal.reflect.DelegatingMethodAccessorImpl.invoke(DelegatingMethodAccessorImpl.java:43)
at java.base/java.lang.reflect.Method.invoke(Method.java:568)
at org.testng.internal.invokers.MethodInvocationHelper.invokeMethod(MethodInvocationHelper.java:141)
at org.testng.internal.invokers.TestInvoker.invokeMethod(TestInvoker.java:686)
at org.testng.internal.invokers.TestInvoker.invokeTestMethod(TestInvoker.java:230)
at org.testng.internal.invokers.MethodRunner.runInSequence(MethodRunner.java:63)
at org.testng.internal.invokers.TestInvoker$MethodInvocationAgent.invoke(TestInvoker.java:992)
at org.testng.internal.invokers.TestInvoker.invokeTestMethods(TestInvoker.java:203)
at org.testng.internal.invokers.TestMethodWorker.invokeTestMethods(TestMethodWorker.java:154)
at org.testng.internal.invokers.TestMethodWorker.run(TestMethodWorker.java:134)
at java.base/java.util.ArrayList.forEach(ArrayList.java:1511)
at org.testng.TestRunner.privateRun(TestRunner.java:739)
at org.testng.TestRunner.run(TestRunner.java:614)
at org.testng.SuiteRunner.runTest(SuiteRunner.java:421)
at org.testng.SuiteRunner.runSequentially(SuiteRunner.java:413)
at org.testng.SuiteRunner.privateRun(SuiteRunner.java:373)
at org.testng.SuiteRunner.run(SuiteRunner.java:312)
at org.testng.SuiteRunnerWorker.runSuite(SuiteRunnerWorker.java:52)
at org.testng.SuiteRunnerWorker.run(SuiteRunnerWorker.java:95)
at org.testng.TestNG.runSuitesSequentially(TestNG.java:1274)
at org.testng.TestNG.runSuitesLocally(TestNG.java:1208)
at org.testng.TestNG.runSuites(TestNG.java:1112)
at org.testng.TestNG.run(TestNG.java:1079)
at org.testng.remote.AbstractRemoteTestNG.run(AbstractRemoteTestNG.java:115)
at org.testng.remote.RemoteTestNG.initAndRun(RemoteTestNG.java:293)
at org.testng.remote.RemoteTestNG.main(RemoteTestNG.java:91)
]]>
            </full-stacktrace>
          </exception> <!-- org.openqa.selenium.TimeoutException -->
          <reporter-output>
          </reporter-output>
        </test-method> <!-- validOutstationRoundTripCabSearch -->
        <test-method is-config="true" signature="tearDown()[pri:0, instance:com.makeMyTrip.selenium_cabsTests.OutstationRoadTrip_Validation@2f9f7dcf]" started-at="2025-06-25T13:08:46 IST" name="tearDown" finished-at="2025-06-25T13:08:46 IST" duration-ms="109" status="PASS">
          <reporter-output>
          </reporter-output>
        </test-method> <!-- tearDown -->
        <test-method is-config="true" signature="CabsButtonClickTest()[pri:0, instance:com.makeMyTrip.selenium_cabsTests.OutstationRoadTrip_Validation@2f9f7dcf]" started-at="2025-06-25T13:08:46 IST" name="CabsButtonClickTest" finished-at="2025-06-25T13:08:48 IST" duration-ms="2568" status="PASS">
          <reporter-output>
          </reporter-output>
        </test-method> <!-- CabsButtonClickTest -->
        <test-method signature="addStopsButtonValidation()[pri:0, instance:com.makeMyTrip.selenium_cabsTests.OutstationRoadTrip_Validation@2f9f7dcf]" started-at="2025-06-25T13:08:48 IST" name="addStopsButtonValidation" finished-at="2025-06-25T13:09:21 IST" duration-ms="32522" status="FAIL">
          <exception class="org.openqa.selenium.TimeoutException">
            <message>
              <![CDATA[Expected condition failed: waiting for visibility of element located by By.xpath: //p[@class ='addMoreTxt'] (tried for 30 second(s) with 500 milliseconds interval)
Build info: version: '4.31.0', revision: '1ef9f18787*'
System info: os.name: 'Mac OS X', os.arch: 'aarch64', os.version: '14.6.1', java.version: '17.0.11'
Driver info: org.openqa.selenium.chrome.ChromeDriver
Capabilities {acceptInsecureCerts: false, browserName: chrome, browserVersion: 137.0.7151.120, chrome: {chromedriverVersion: 137.0.7151.119 (e0ac9d12dff..., userDataDir: /var/folders/zf/jt1v52f10ts...}, fedcm:accounts: true, goog:chromeOptions: {debuggerAddress: localhost:64049}, networkConnectionEnabled: false, pageLoadStrategy: normal, platformName: mac, proxy: Proxy(), se:cdp: ws://localhost:64049/devtoo..., se:cdpVersion: 137.0.7151.120, setWindowRect: true, strictFileInteractability: false, timeouts: {implicit: 0, pageLoad: 300000, script: 30000}, unhandledPromptBehavior: dismiss and notify, webauthn:extension:credBlob: true, webauthn:extension:largeBlob: true, webauthn:extension:minPinLength: true, webauthn:extension:prf: true, webauthn:virtualAuthenticators: true}
Session ID: b663e9f409bed6bf377062bb16979224]]>
            </message>
            <full-stacktrace>
              <![CDATA[org.openqa.selenium.TimeoutException: Expected condition failed: waiting for visibility of element located by By.xpath: //p[@class ='addMoreTxt'] (tried for 30 second(s) with 500 milliseconds interval)
Build info: version: '4.31.0', revision: '1ef9f18787*'
System info: os.name: 'Mac OS X', os.arch: 'aarch64', os.version: '14.6.1', java.version: '17.0.11'
Driver info: org.openqa.selenium.chrome.ChromeDriver
Capabilities {acceptInsecureCerts: false, browserName: chrome, browserVersion: 137.0.7151.120, chrome: {chromedriverVersion: 137.0.7151.119 (e0ac9d12dff..., userDataDir: /var/folders/zf/jt1v52f10ts...}, fedcm:accounts: true, goog:chromeOptions: {debuggerAddress: localhost:64049}, networkConnectionEnabled: false, pageLoadStrategy: normal, platformName: mac, proxy: Proxy(), se:cdp: ws://localhost:64049/devtoo..., se:cdpVersion: 137.0.7151.120, setWindowRect: true, strictFileInteractability: false, timeouts: {implicit: 0, pageLoad: 300000, script: 30000}, unhandledPromptBehavior: dismiss and notify, webauthn:extension:credBlob: true, webauthn:extension:largeBlob: true, webauthn:extension:minPinLength: true, webauthn:extension:prf: true, webauthn:virtualAuthenticators: true}
Session ID: b663e9f409bed6bf377062bb16979224
at org.openqa.selenium.support.ui.WebDriverWait.timeoutException(WebDriverWait.java:84)
at org.openqa.selenium.support.ui.FluentWait.until(FluentWait.java:228)
at com.makeMyTrip.selenium_cabsTests.OutstationRoadTrip_Validation.addStopsButtonValidation(OutstationRoadTrip_Validation.java:100)
at java.base/jdk.internal.reflect.NativeMethodAccessorImpl.invoke0(Native Method)
at java.base/jdk.internal.reflect.NativeMethodAccessorImpl.invoke(NativeMethodAccessorImpl.java:77)
at java.base/jdk.internal.reflect.DelegatingMethodAccessorImpl.invoke(DelegatingMethodAccessorImpl.java:43)
at java.base/java.lang.reflect.Method.invoke(Method.java:568)
at org.testng.internal.invokers.MethodInvocationHelper.invokeMethod(MethodInvocationHelper.java:141)
at org.testng.internal.invokers.TestInvoker.invokeMethod(TestInvoker.java:686)
at org.testng.internal.invokers.TestInvoker.invokeTestMethod(TestInvoker.java:230)
at org.testng.internal.invokers.MethodRunner.runInSequence(MethodRunner.java:63)
at org.testng.internal.invokers.TestInvoker$MethodInvocationAgent.invoke(TestInvoker.java:992)
at org.testng.internal.invokers.TestInvoker.invokeTestMethods(TestInvoker.java:203)
at org.testng.internal.invokers.TestMethodWorker.invokeTestMethods(TestMethodWorker.java:154)
at org.testng.internal.invokers.TestMethodWorker.run(TestMethodWorker.java:134)
at java.base/java.util.ArrayList.forEach(ArrayList.java:1511)
at org.testng.TestRunner.privateRun(TestRunner.java:739)
at org.testng.TestRunner.run(TestRunner.java:614)
at org.testng.SuiteRunner.runTest(SuiteRunner.java:421)
at org.testng.SuiteRunner.runSequentially(SuiteRunner.java:413)
at org.testng.SuiteRunner.privateRun(SuiteRunner.java:373)
at org.testng.SuiteRunner.run(SuiteRunner.java:312)
at org.testng.SuiteRunnerWorker.runSuite(SuiteRunnerWorker.java:52)
at org.testng.SuiteRunnerWorker.run(SuiteRunnerWorker.java:95)
at org.testng.TestNG.runSuitesSequentially(TestNG.java:1274)
at org.testng.TestNG.runSuitesLocally(TestNG.java:1208)
at org.testng.TestNG.runSuites(TestNG.java:1112)
at org.testng.TestNG.run(TestNG.java:1079)
at org.testng.remote.AbstractRemoteTestNG.run(AbstractRemoteTestNG.java:115)
at org.testng.remote.RemoteTestNG.initAndRun(RemoteTestNG.java:293)
at org.testng.remote.RemoteTestNG.main(RemoteTestNG.java:91)
]]>
            </full-stacktrace>
          </exception> <!-- org.openqa.selenium.TimeoutException -->
          <reporter-output>
          </reporter-output>
        </test-method> <!-- addStopsButtonValidation -->
        <test-method is-config="true" signature="tearDown()[pri:0, instance:com.makeMyTrip.selenium_cabsTests.OutstationRoadTrip_Validation@2f9f7dcf]" started-at="2025-06-25T13:09:21 IST" name="tearDown" finished-at="2025-06-25T13:09:21 IST" duration-ms="116" status="PASS">
          <reporter-output>
          </reporter-output>
        </test-method> <!-- tearDown -->
        <test-method signature="dropTimeButtonValidation()[pri:0, instance:com.makeMyTrip.selenium_cabsTests.OutstationRoadTrip_Validation@2f9f7dcf]" started-at="2025-06-25T13:09:21 IST" name="dropTimeButtonValidation" finished-at="2025-06-25T13:09:21 IST" depends-on-methods="com.makeMyTrip.selenium_cabsTests.OutstationRoadTrip_Validation.validOutstationRoundTripCabSearch" duration-ms="0" status="SKIP">
          <exception class="java.lang.Throwable">
            <message>
              <![CDATA[Method com.makeMyTrip.selenium_cabsTests.OutstationRoadTrip_Validation.dropTimeButtonValidation() on instance com.makeMyTrip.selenium_cabsTests.OutstationRoadTrip_Validation@2f9f7dcf depends on not successfully finished methods 
[com.makeMyTrip.selenium_cabsTests.OutstationRoadTrip_Validation.validOutstationRoundTripCabSearch() on instance com.makeMyTrip.selenium_cabsTests.OutstationRoadTrip_Validation@2f9f7dcf]]]>
            </message>
            <full-stacktrace>
              <![CDATA[java.lang.Throwable: Method com.makeMyTrip.selenium_cabsTests.OutstationRoadTrip_Validation.dropTimeButtonValidation() on instance com.makeMyTrip.selenium_cabsTests.OutstationRoadTrip_Validation@2f9f7dcf depends on not successfully finished methods 
[com.makeMyTrip.selenium_cabsTests.OutstationRoadTrip_Validation.validOutstationRoundTripCabSearch() on instance com.makeMyTrip.selenium_cabsTests.OutstationRoadTrip_Validation@2f9f7dcf]
at org.testng.internal.invokers.TestInvoker.invokeTestMethods(TestInvoker.java:159)
at org.testng.internal.invokers.TestMethodWorker.invokeTestMethods(TestMethodWorker.java:154)
at org.testng.internal.invokers.TestMethodWorker.run(TestMethodWorker.java:134)
at java.base/java.util.ArrayList.forEach(ArrayList.java:1511)
at org.testng.TestRunner.privateRun(TestRunner.java:739)
at org.testng.TestRunner.run(TestRunner.java:614)
at org.testng.SuiteRunner.runTest(SuiteRunner.java:421)
at org.testng.SuiteRunner.runSequentially(SuiteRunner.java:413)
at org.testng.SuiteRunner.privateRun(SuiteRunner.java:373)
at org.testng.SuiteRunner.run(SuiteRunner.java:312)
at org.testng.SuiteRunnerWorker.runSuite(SuiteRunnerWorker.java:52)
at org.testng.SuiteRunnerWorker.run(SuiteRunnerWorker.java:95)
at org.testng.TestNG.runSuitesSequentially(TestNG.java:1274)
at org.testng.TestNG.runSuitesLocally(TestNG.java:1208)
at org.testng.TestNG.runSuites(TestNG.java:1112)
at org.testng.TestNG.run(TestNG.java:1079)
at org.testng.remote.AbstractRemoteTestNG.run(AbstractRemoteTestNG.java:115)
at org.testng.remote.RemoteTestNG.initAndRun(RemoteTestNG.java:293)
at org.testng.remote.RemoteTestNG.main(RemoteTestNG.java:91)
]]>
            </full-stacktrace>
          </exception> <!-- java.lang.Throwable -->
          <reporter-output>
          </reporter-output>
        </test-method> <!-- dropTimeButtonValidation -->
      </class> <!-- com.makeMyTrip.selenium_cabsTests.OutstationRoadTrip_Validation -->
      <class name="com.makeMyTrip.selenium_cabsTests.TestClass">
        <test-method is-config="true" signature="CabsButtonClickTest()[pri:0, instance:com.makeMyTrip.selenium_cabsTests.TestClass@35e2d654]" started-at="2025-06-25T13:09:21 IST" name="CabsButtonClickTest" finished-at="2025-06-25T13:09:24 IST" duration-ms="2800" status="PASS">
          <reporter-output>
          </reporter-output>
        </test-method> <!-- CabsButtonClickTest -->
        <test-method signature="validOutstationOneWayCabSearch(java.lang.String,java.lang.String)[pri:0, instance:com.makeMyTrip.selenium_cabsTests.TestClass@35e2d654]" started-at="2025-06-25T13:09:24 IST" name="validOutstationOneWayCabSearch" data-provider="validLocations" finished-at="2025-06-25T13:10:00 IST" duration-ms="35923" status="FAIL">
          <params>
            <param index="0">
              <value>
                <![CDATA[Chennai]]>
              </value>
            </param>
            <param index="1">
              <value>
                <![CDATA[Vadodara]]>
              </value>
            </param>
          </params>
          <exception class="org.openqa.selenium.TimeoutException">
            <message>
              <![CDATA[Expected condition failed: waiting for visibility of element located by By.xpath: //div[@id="cabModifySearch"] (tried for 30 second(s) with 500 milliseconds interval)
Build info: version: '4.31.0', revision: '1ef9f18787*'
System info: os.name: 'Mac OS X', os.arch: 'aarch64', os.version: '14.6.1', java.version: '17.0.11'
Driver info: org.openqa.selenium.chrome.ChromeDriver
Capabilities {acceptInsecureCerts: false, browserName: chrome, browserVersion: 137.0.7151.120, chrome: {chromedriverVersion: 137.0.7151.119 (e0ac9d12dff..., userDataDir: /var/folders/zf/jt1v52f10ts...}, fedcm:accounts: true, goog:chromeOptions: {debuggerAddress: localhost:64087}, networkConnectionEnabled: false, pageLoadStrategy: normal, platformName: mac, proxy: Proxy(), se:cdp: ws://localhost:64087/devtoo..., se:cdpVersion: 137.0.7151.120, setWindowRect: true, strictFileInteractability: false, timeouts: {implicit: 0, pageLoad: 300000, script: 30000}, unhandledPromptBehavior: dismiss and notify, webauthn:extension:credBlob: true, webauthn:extension:largeBlob: true, webauthn:extension:minPinLength: true, webauthn:extension:prf: true, webauthn:virtualAuthenticators: true}
Session ID: 921fb7ec5b849383549455f01b942203]]>
            </message>
            <full-stacktrace>
              <![CDATA[org.openqa.selenium.TimeoutException: Expected condition failed: waiting for visibility of element located by By.xpath: //div[@id="cabModifySearch"] (tried for 30 second(s) with 500 milliseconds interval)
Build info: version: '4.31.0', revision: '1ef9f18787*'
System info: os.name: 'Mac OS X', os.arch: 'aarch64', os.version: '14.6.1', java.version: '17.0.11'
Driver info: org.openqa.selenium.chrome.ChromeDriver
Capabilities {acceptInsecureCerts: false, browserName: chrome, browserVersion: 137.0.7151.120, chrome: {chromedriverVersion: 137.0.7151.119 (e0ac9d12dff..., userDataDir: /var/folders/zf/jt1v52f10ts...}, fedcm:accounts: true, goog:chromeOptions: {debuggerAddress: localhost:64087}, networkConnectionEnabled: false, pageLoadStrategy: normal, platformName: mac, proxy: Proxy(), se:cdp: ws://localhost:64087/devtoo..., se:cdpVersion: 137.0.7151.120, setWindowRect: true, strictFileInteractability: false, timeouts: {implicit: 0, pageLoad: 300000, script: 30000}, unhandledPromptBehavior: dismiss and notify, webauthn:extension:credBlob: true, webauthn:extension:largeBlob: true, webauthn:extension:minPinLength: true, webauthn:extension:prf: true, webauthn:virtualAuthenticators: true}
Session ID: 921fb7ec5b849383549455f01b942203
at org.openqa.selenium.support.ui.WebDriverWait.timeoutException(WebDriverWait.java:84)
at org.openqa.selenium.support.ui.FluentWait.until(FluentWait.java:228)
at com.makeMyTrip.selenium_cabsTests.TestClass.validOutstationOneWayCabSearch(TestClass.java:76)
at java.base/jdk.internal.reflect.NativeMethodAccessorImpl.invoke0(Native Method)
at java.base/jdk.internal.reflect.NativeMethodAccessorImpl.invoke(NativeMethodAccessorImpl.java:77)
at java.base/jdk.internal.reflect.DelegatingMethodAccessorImpl.invoke(DelegatingMethodAccessorImpl.java:43)
at java.base/java.lang.reflect.Method.invoke(Method.java:568)
at org.testng.internal.invokers.MethodInvocationHelper.invokeMethod(MethodInvocationHelper.java:141)
at org.testng.internal.invokers.TestInvoker.invokeMethod(TestInvoker.java:686)
at org.testng.internal.invokers.TestInvoker.invokeTestMethod(TestInvoker.java:230)
at org.testng.internal.invokers.MethodRunner.runInSequence(MethodRunner.java:63)
at org.testng.internal.invokers.TestInvoker$MethodInvocationAgent.invoke(TestInvoker.java:992)
at org.testng.internal.invokers.TestInvoker.invokeTestMethods(TestInvoker.java:203)
at org.testng.internal.invokers.TestMethodWorker.invokeTestMethods(TestMethodWorker.java:154)
at org.testng.internal.invokers.TestMethodWorker.run(TestMethodWorker.java:134)
at java.base/java.util.ArrayList.forEach(ArrayList.java:1511)
at org.testng.TestRunner.privateRun(TestRunner.java:739)
at org.testng.TestRunner.run(TestRunner.java:614)
at org.testng.SuiteRunner.runTest(SuiteRunner.java:421)
at org.testng.SuiteRunner.runSequentially(SuiteRunner.java:413)
at org.testng.SuiteRunner.privateRun(SuiteRunner.java:373)
at org.testng.SuiteRunner.run(SuiteRunner.java:312)
at org.testng.SuiteRunnerWorker.runSuite(SuiteRunnerWorker.java:52)
at org.testng.SuiteRunnerWorker.run(SuiteRunnerWorker.java:95)
at org.testng.TestNG.runSuitesSequentially(TestNG.java:1274)
at org.testng.TestNG.runSuitesLocally(TestNG.java:1208)
at org.testng.TestNG.runSuites(TestNG.java:1112)
at org.testng.TestNG.run(TestNG.java:1079)
at org.testng.remote.AbstractRemoteTestNG.run(AbstractRemoteTestNG.java:115)
at org.testng.remote.RemoteTestNG.initAndRun(RemoteTestNG.java:293)
at org.testng.remote.RemoteTestNG.main(RemoteTestNG.java:91)
]]>
            </full-stacktrace>
          </exception> <!-- org.openqa.selenium.TimeoutException -->
          <reporter-output>
          </reporter-output>
        </test-method> <!-- validOutstationOneWayCabSearch -->
        <test-method is-config="true" signature="tearDown()[pri:0, instance:com.makeMyTrip.selenium_cabsTests.TestClass@35e2d654]" started-at="2025-06-25T13:10:00 IST" name="tearDown" finished-at="2025-06-25T13:10:00 IST" duration-ms="118" status="PASS">
          <reporter-output>
          </reporter-output>
        </test-method> <!-- tearDown -->
        <test-method is-config="true" signature="CabsButtonClickTest()[pri:0, instance:com.makeMyTrip.selenium_cabsTests.TestClass@35e2d654]" started-at="2025-06-25T13:10:00 IST" name="CabsButtonClickTest" finished-at="2025-06-25T13:10:03 IST" duration-ms="3023" status="PASS">
          <reporter-output>
          </reporter-output>
        </test-method> <!-- CabsButtonClickTest -->
        <test-method signature="validOutstationOneWayCabSearch(java.lang.String,java.lang.String)[pri:0, instance:com.makeMyTrip.selenium_cabsTests.TestClass@35e2d654]" started-at="2025-06-25T13:10:03 IST" name="validOutstationOneWayCabSearch" data-provider="validLocations" finished-at="2025-06-25T13:10:38 IST" duration-ms="35107" status="FAIL">
          <params>
            <param index="0">
              <value>
                <![CDATA[Surat]]>
              </value>
            </param>
            <param index="1">
              <value>
                <![CDATA[Zira]]>
              </value>
            </param>
          </params>
          <exception class="org.openqa.selenium.TimeoutException">
            <message>
              <![CDATA[Expected condition failed: waiting for visibility of element located by By.xpath: //div[@id="cabModifySearch"] (tried for 30 second(s) with 500 milliseconds interval)
Build info: version: '4.31.0', revision: '1ef9f18787*'
System info: os.name: 'Mac OS X', os.arch: 'aarch64', os.version: '14.6.1', java.version: '17.0.11'
Driver info: org.openqa.selenium.chrome.ChromeDriver
Capabilities {acceptInsecureCerts: false, browserName: chrome, browserVersion: 137.0.7151.120, chrome: {chromedriverVersion: 137.0.7151.119 (e0ac9d12dff..., userDataDir: /var/folders/zf/jt1v52f10ts...}, fedcm:accounts: true, goog:chromeOptions: {debuggerAddress: localhost:64133}, networkConnectionEnabled: false, pageLoadStrategy: normal, platformName: mac, proxy: Proxy(), se:cdp: ws://localhost:64133/devtoo..., se:cdpVersion: 137.0.7151.120, setWindowRect: true, strictFileInteractability: false, timeouts: {implicit: 0, pageLoad: 300000, script: 30000}, unhandledPromptBehavior: dismiss and notify, webauthn:extension:credBlob: true, webauthn:extension:largeBlob: true, webauthn:extension:minPinLength: true, webauthn:extension:prf: true, webauthn:virtualAuthenticators: true}
Session ID: 8469175119f5a9acc4c186f252cd2f0b]]>
            </message>
            <full-stacktrace>
              <![CDATA[org.openqa.selenium.TimeoutException: Expected condition failed: waiting for visibility of element located by By.xpath: //div[@id="cabModifySearch"] (tried for 30 second(s) with 500 milliseconds interval)
Build info: version: '4.31.0', revision: '1ef9f18787*'
System info: os.name: 'Mac OS X', os.arch: 'aarch64', os.version: '14.6.1', java.version: '17.0.11'
Driver info: org.openqa.selenium.chrome.ChromeDriver
Capabilities {acceptInsecureCerts: false, browserName: chrome, browserVersion: 137.0.7151.120, chrome: {chromedriverVersion: 137.0.7151.119 (e0ac9d12dff..., userDataDir: /var/folders/zf/jt1v52f10ts...}, fedcm:accounts: true, goog:chromeOptions: {debuggerAddress: localhost:64133}, networkConnectionEnabled: false, pageLoadStrategy: normal, platformName: mac, proxy: Proxy(), se:cdp: ws://localhost:64133/devtoo..., se:cdpVersion: 137.0.7151.120, setWindowRect: true, strictFileInteractability: false, timeouts: {implicit: 0, pageLoad: 300000, script: 30000}, unhandledPromptBehavior: dismiss and notify, webauthn:extension:credBlob: true, webauthn:extension:largeBlob: true, webauthn:extension:minPinLength: true, webauthn:extension:prf: true, webauthn:virtualAuthenticators: true}
Session ID: 8469175119f5a9acc4c186f252cd2f0b
at org.openqa.selenium.support.ui.WebDriverWait.timeoutException(WebDriverWait.java:84)
at org.openqa.selenium.support.ui.FluentWait.until(FluentWait.java:228)
at com.makeMyTrip.selenium_cabsTests.TestClass.validOutstationOneWayCabSearch(TestClass.java:76)
at java.base/jdk.internal.reflect.NativeMethodAccessorImpl.invoke0(Native Method)
at java.base/jdk.internal.reflect.NativeMethodAccessorImpl.invoke(NativeMethodAccessorImpl.java:77)
at java.base/jdk.internal.reflect.DelegatingMethodAccessorImpl.invoke(DelegatingMethodAccessorImpl.java:43)
at java.base/java.lang.reflect.Method.invoke(Method.java:568)
at org.testng.internal.invokers.MethodInvocationHelper.invokeMethod(MethodInvocationHelper.java:141)
at org.testng.internal.invokers.TestInvoker.invokeMethod(TestInvoker.java:686)
at org.testng.internal.invokers.TestInvoker.invokeTestMethod(TestInvoker.java:230)
at org.testng.internal.invokers.MethodRunner.runInSequence(MethodRunner.java:63)
at org.testng.internal.invokers.TestInvoker$MethodInvocationAgent.invoke(TestInvoker.java:992)
at org.testng.internal.invokers.TestInvoker.invokeTestMethods(TestInvoker.java:203)
at org.testng.internal.invokers.TestMethodWorker.invokeTestMethods(TestMethodWorker.java:154)
at org.testng.internal.invokers.TestMethodWorker.run(TestMethodWorker.java:134)
at java.base/java.util.ArrayList.forEach(ArrayList.java:1511)
at org.testng.TestRunner.privateRun(TestRunner.java:739)
at org.testng.TestRunner.run(TestRunner.java:614)
at org.testng.SuiteRunner.runTest(SuiteRunner.java:421)
at org.testng.SuiteRunner.runSequentially(SuiteRunner.java:413)
at org.testng.SuiteRunner.privateRun(SuiteRunner.java:373)
at org.testng.SuiteRunner.run(SuiteRunner.java:312)
at org.testng.SuiteRunnerWorker.runSuite(SuiteRunnerWorker.java:52)
at org.testng.SuiteRunnerWorker.run(SuiteRunnerWorker.java:95)
at org.testng.TestNG.runSuitesSequentially(TestNG.java:1274)
at org.testng.TestNG.runSuitesLocally(TestNG.java:1208)
at org.testng.TestNG.runSuites(TestNG.java:1112)
at org.testng.TestNG.run(TestNG.java:1079)
at org.testng.remote.AbstractRemoteTestNG.run(AbstractRemoteTestNG.java:115)
at org.testng.remote.RemoteTestNG.initAndRun(RemoteTestNG.java:293)
at org.testng.remote.RemoteTestNG.main(RemoteTestNG.java:91)
]]>
            </full-stacktrace>
          </exception> <!-- org.openqa.selenium.TimeoutException -->
          <reporter-output>
          </reporter-output>
        </test-method> <!-- validOutstationOneWayCabSearch -->
        <test-method is-config="true" signature="tearDown()[pri:0, instance:com.makeMyTrip.selenium_cabsTests.TestClass@35e2d654]" started-at="2025-06-25T13:10:38 IST" name="tearDown" finished-at="2025-06-25T13:10:38 IST" duration-ms="110" status="PASS">
          <reporter-output>
          </reporter-output>
        </test-method> <!-- tearDown -->
        <test-method is-config="true" signature="CabsButtonClickTest()[pri:0, instance:com.makeMyTrip.selenium_cabsTests.TestClass@35e2d654]" started-at="2025-06-25T13:10:38 IST" name="CabsButtonClickTest" finished-at="2025-06-25T13:10:41 IST" duration-ms="2583" status="PASS">
          <reporter-output>
          </reporter-output>
        </test-method> <!-- CabsButtonClickTest -->
        <test-method signature="validOutstationOneWayCabSearch(java.lang.String,java.lang.String)[pri:0, instance:com.makeMyTrip.selenium_cabsTests.TestClass@35e2d654]" started-at="2025-06-25T13:10:41 IST" name="validOutstationOneWayCabSearch" data-provider="validLocations" finished-at="2025-06-25T13:11:11 IST" duration-ms="30800" status="FAIL">
          <params>
            <param index="0">
              <value>
                <![CDATA[Gorakhpur]]>
              </value>
            </param>
            <param index="1">
              <value>
                <![CDATA[Ahmednagar]]>
              </value>
            </param>
          </params>
          <exception class="org.openqa.selenium.TimeoutException">
            <message>
              <![CDATA[Expected condition failed: waiting for visibility of element located by By.xpath: //div[@class="autoSuggestPlugin hsw_autocomplePopup"]//child::div//child::input (tried for 30 second(s) with 500 milliseconds interval)
Build info: version: '4.31.0', revision: '1ef9f18787*'
System info: os.name: 'Mac OS X', os.arch: 'aarch64', os.version: '14.6.1', java.version: '17.0.11'
Driver info: org.openqa.selenium.chrome.ChromeDriver
Capabilities {acceptInsecureCerts: false, browserName: chrome, browserVersion: 137.0.7151.120, chrome: {chromedriverVersion: 137.0.7151.119 (e0ac9d12dff..., userDataDir: /var/folders/zf/jt1v52f10ts...}, fedcm:accounts: true, goog:chromeOptions: {debuggerAddress: localhost:64178}, networkConnectionEnabled: false, pageLoadStrategy: normal, platformName: mac, proxy: Proxy(), se:cdp: ws://localhost:64178/devtoo..., se:cdpVersion: 137.0.7151.120, setWindowRect: true, strictFileInteractability: false, timeouts: {implicit: 0, pageLoad: 300000, script: 30000}, unhandledPromptBehavior: dismiss and notify, webauthn:extension:credBlob: true, webauthn:extension:largeBlob: true, webauthn:extension:minPinLength: true, webauthn:extension:prf: true, webauthn:virtualAuthenticators: true}
Session ID: 58318581247f51ed0ff067feb5ee5e3c]]>
            </message>
            <full-stacktrace>
              <![CDATA[org.openqa.selenium.TimeoutException: Expected condition failed: waiting for visibility of element located by By.xpath: //div[@class="autoSuggestPlugin hsw_autocomplePopup"]//child::div//child::input (tried for 30 second(s) with 500 milliseconds interval)
Build info: version: '4.31.0', revision: '1ef9f18787*'
System info: os.name: 'Mac OS X', os.arch: 'aarch64', os.version: '14.6.1', java.version: '17.0.11'
Driver info: org.openqa.selenium.chrome.ChromeDriver
Capabilities {acceptInsecureCerts: false, browserName: chrome, browserVersion: 137.0.7151.120, chrome: {chromedriverVersion: 137.0.7151.119 (e0ac9d12dff..., userDataDir: /var/folders/zf/jt1v52f10ts...}, fedcm:accounts: true, goog:chromeOptions: {debuggerAddress: localhost:64178}, networkConnectionEnabled: false, pageLoadStrategy: normal, platformName: mac, proxy: Proxy(), se:cdp: ws://localhost:64178/devtoo..., se:cdpVersion: 137.0.7151.120, setWindowRect: true, strictFileInteractability: false, timeouts: {implicit: 0, pageLoad: 300000, script: 30000}, unhandledPromptBehavior: dismiss and notify, webauthn:extension:credBlob: true, webauthn:extension:largeBlob: true, webauthn:extension:minPinLength: true, webauthn:extension:prf: true, webauthn:virtualAuthenticators: true}
Session ID: 58318581247f51ed0ff067feb5ee5e3c
at org.openqa.selenium.support.ui.WebDriverWait.timeoutException(WebDriverWait.java:84)
at org.openqa.selenium.support.ui.FluentWait.until(FluentWait.java:228)
at com.makeMyTrip.selenium_cabsTests.TestClass.validOutstationOneWayCabSearch(TestClass.java:52)
at java.base/jdk.internal.reflect.NativeMethodAccessorImpl.invoke0(Native Method)
at java.base/jdk.internal.reflect.NativeMethodAccessorImpl.invoke(NativeMethodAccessorImpl.java:77)
at java.base/jdk.internal.reflect.DelegatingMethodAccessorImpl.invoke(DelegatingMethodAccessorImpl.java:43)
at java.base/java.lang.reflect.Method.invoke(Method.java:568)
at org.testng.internal.invokers.MethodInvocationHelper.invokeMethod(MethodInvocationHelper.java:141)
at org.testng.internal.invokers.TestInvoker.invokeMethod(TestInvoker.java:686)
at org.testng.internal.invokers.TestInvoker.invokeTestMethod(TestInvoker.java:230)
at org.testng.internal.invokers.MethodRunner.runInSequence(MethodRunner.java:63)
at org.testng.internal.invokers.TestInvoker$MethodInvocationAgent.invoke(TestInvoker.java:992)
at org.testng.internal.invokers.TestInvoker.invokeTestMethods(TestInvoker.java:203)
at org.testng.internal.invokers.TestMethodWorker.invokeTestMethods(TestMethodWorker.java:154)
at org.testng.internal.invokers.TestMethodWorker.run(TestMethodWorker.java:134)
at java.base/java.util.ArrayList.forEach(ArrayList.java:1511)
at org.testng.TestRunner.privateRun(TestRunner.java:739)
at org.testng.TestRunner.run(TestRunner.java:614)
at org.testng.SuiteRunner.runTest(SuiteRunner.java:421)
at org.testng.SuiteRunner.runSequentially(SuiteRunner.java:413)
at org.testng.SuiteRunner.privateRun(SuiteRunner.java:373)
at org.testng.SuiteRunner.run(SuiteRunner.java:312)
at org.testng.SuiteRunnerWorker.runSuite(SuiteRunnerWorker.java:52)
at org.testng.SuiteRunnerWorker.run(SuiteRunnerWorker.java:95)
at org.testng.TestNG.runSuitesSequentially(TestNG.java:1274)
at org.testng.TestNG.runSuitesLocally(TestNG.java:1208)
at org.testng.TestNG.runSuites(TestNG.java:1112)
at org.testng.TestNG.run(TestNG.java:1079)
at org.testng.remote.AbstractRemoteTestNG.run(AbstractRemoteTestNG.java:115)
at org.testng.remote.RemoteTestNG.initAndRun(RemoteTestNG.java:293)
at org.testng.remote.RemoteTestNG.main(RemoteTestNG.java:91)
]]>
            </full-stacktrace>
          </exception> <!-- org.openqa.selenium.TimeoutException -->
          <reporter-output>
          </reporter-output>
        </test-method> <!-- validOutstationOneWayCabSearch -->
        <test-method is-config="true" signature="tearDown()[pri:0, instance:com.makeMyTrip.selenium_cabsTests.TestClass@35e2d654]" started-at="2025-06-25T13:11:11 IST" name="tearDown" finished-at="2025-06-25T13:11:11 IST" duration-ms="123" status="PASS">
          <reporter-output>
          </reporter-output>
        </test-method> <!-- tearDown -->
        <test-method is-config="true" signature="CabsButtonClickTest()[pri:0, instance:com.makeMyTrip.selenium_cabsTests.TestClass@35e2d654]" started-at="2025-06-25T13:11:11 IST" name="CabsButtonClickTest" finished-at="2025-06-25T13:11:14 IST" duration-ms="2629" status="PASS">
          <reporter-output>
          </reporter-output>
        </test-method> <!-- CabsButtonClickTest -->
        <test-method signature="validOutstationOneWayCabSearch(java.lang.String,java.lang.String)[pri:0, instance:com.makeMyTrip.selenium_cabsTests.TestClass@35e2d654]" started-at="2025-06-25T13:11:14 IST" name="validOutstationOneWayCabSearch" data-provider="validLocations" finished-at="2025-06-25T13:11:45 IST" duration-ms="30824" status="FAIL">
          <params>
            <param index="0">
              <value>
                <![CDATA[Gurugram]]>
              </value>
            </param>
            <param index="1">
              <value>
                <![CDATA[Hubli]]>
              </value>
            </param>
          </params>
          <exception class="org.openqa.selenium.TimeoutException">
            <message>
              <![CDATA[Expected condition failed: waiting for visibility of element located by By.xpath: //div[@class="autoSuggestPlugin hsw_autocomplePopup"]//child::div//child::input (tried for 30 second(s) with 500 milliseconds interval)
Build info: version: '4.31.0', revision: '1ef9f18787*'
System info: os.name: 'Mac OS X', os.arch: 'aarch64', os.version: '14.6.1', java.version: '17.0.11'
Driver info: org.openqa.selenium.chrome.ChromeDriver
Capabilities {acceptInsecureCerts: false, browserName: chrome, browserVersion: 137.0.7151.120, chrome: {chromedriverVersion: 137.0.7151.119 (e0ac9d12dff..., userDataDir: /var/folders/zf/jt1v52f10ts...}, fedcm:accounts: true, goog:chromeOptions: {debuggerAddress: localhost:64219}, networkConnectionEnabled: false, pageLoadStrategy: normal, platformName: mac, proxy: Proxy(), se:cdp: ws://localhost:64219/devtoo..., se:cdpVersion: 137.0.7151.120, setWindowRect: true, strictFileInteractability: false, timeouts: {implicit: 0, pageLoad: 300000, script: 30000}, unhandledPromptBehavior: dismiss and notify, webauthn:extension:credBlob: true, webauthn:extension:largeBlob: true, webauthn:extension:minPinLength: true, webauthn:extension:prf: true, webauthn:virtualAuthenticators: true}
Session ID: 5e26a8f46408597208aa207074453cba]]>
            </message>
            <full-stacktrace>
              <![CDATA[org.openqa.selenium.TimeoutException: Expected condition failed: waiting for visibility of element located by By.xpath: //div[@class="autoSuggestPlugin hsw_autocomplePopup"]//child::div//child::input (tried for 30 second(s) with 500 milliseconds interval)
Build info: version: '4.31.0', revision: '1ef9f18787*'
System info: os.name: 'Mac OS X', os.arch: 'aarch64', os.version: '14.6.1', java.version: '17.0.11'
Driver info: org.openqa.selenium.chrome.ChromeDriver
Capabilities {acceptInsecureCerts: false, browserName: chrome, browserVersion: 137.0.7151.120, chrome: {chromedriverVersion: 137.0.7151.119 (e0ac9d12dff..., userDataDir: /var/folders/zf/jt1v52f10ts...}, fedcm:accounts: true, goog:chromeOptions: {debuggerAddress: localhost:64219}, networkConnectionEnabled: false, pageLoadStrategy: normal, platformName: mac, proxy: Proxy(), se:cdp: ws://localhost:64219/devtoo..., se:cdpVersion: 137.0.7151.120, setWindowRect: true, strictFileInteractability: false, timeouts: {implicit: 0, pageLoad: 300000, script: 30000}, unhandledPromptBehavior: dismiss and notify, webauthn:extension:credBlob: true, webauthn:extension:largeBlob: true, webauthn:extension:minPinLength: true, webauthn:extension:prf: true, webauthn:virtualAuthenticators: true}
Session ID: 5e26a8f46408597208aa207074453cba
at org.openqa.selenium.support.ui.WebDriverWait.timeoutException(WebDriverWait.java:84)
at org.openqa.selenium.support.ui.FluentWait.until(FluentWait.java:228)
at com.makeMyTrip.selenium_cabsTests.TestClass.validOutstationOneWayCabSearch(TestClass.java:52)
at java.base/jdk.internal.reflect.NativeMethodAccessorImpl.invoke0(Native Method)
at java.base/jdk.internal.reflect.NativeMethodAccessorImpl.invoke(NativeMethodAccessorImpl.java:77)
at java.base/jdk.internal.reflect.DelegatingMethodAccessorImpl.invoke(DelegatingMethodAccessorImpl.java:43)
at java.base/java.lang.reflect.Method.invoke(Method.java:568)
at org.testng.internal.invokers.MethodInvocationHelper.invokeMethod(MethodInvocationHelper.java:141)
at org.testng.internal.invokers.TestInvoker.invokeMethod(TestInvoker.java:686)
at org.testng.internal.invokers.TestInvoker.invokeTestMethod(TestInvoker.java:230)
at org.testng.internal.invokers.MethodRunner.runInSequence(MethodRunner.java:63)
at org.testng.internal.invokers.TestInvoker$MethodInvocationAgent.invoke(TestInvoker.java:992)
at org.testng.internal.invokers.TestInvoker.invokeTestMethods(TestInvoker.java:203)
at org.testng.internal.invokers.TestMethodWorker.invokeTestMethods(TestMethodWorker.java:154)
at org.testng.internal.invokers.TestMethodWorker.run(TestMethodWorker.java:134)
at java.base/java.util.ArrayList.forEach(ArrayList.java:1511)
at org.testng.TestRunner.privateRun(TestRunner.java:739)
at org.testng.TestRunner.run(TestRunner.java:614)
at org.testng.SuiteRunner.runTest(SuiteRunner.java:421)
at org.testng.SuiteRunner.runSequentially(SuiteRunner.java:413)
at org.testng.SuiteRunner.privateRun(SuiteRunner.java:373)
at org.testng.SuiteRunner.run(SuiteRunner.java:312)
at org.testng.SuiteRunnerWorker.runSuite(SuiteRunnerWorker.java:52)
at org.testng.SuiteRunnerWorker.run(SuiteRunnerWorker.java:95)
at org.testng.TestNG.runSuitesSequentially(TestNG.java:1274)
at org.testng.TestNG.runSuitesLocally(TestNG.java:1208)
at org.testng.TestNG.runSuites(TestNG.java:1112)
at org.testng.TestNG.run(TestNG.java:1079)
at org.testng.remote.AbstractRemoteTestNG.run(AbstractRemoteTestNG.java:115)
at org.testng.remote.RemoteTestNG.initAndRun(RemoteTestNG.java:293)
at org.testng.remote.RemoteTestNG.main(RemoteTestNG.java:91)
]]>
            </full-stacktrace>
          </exception> <!-- org.openqa.selenium.TimeoutException -->
          <reporter-output>
          </reporter-output>
        </test-method> <!-- validOutstationOneWayCabSearch -->
        <test-method is-config="true" signature="tearDown()[pri:0, instance:com.makeMyTrip.selenium_cabsTests.TestClass@35e2d654]" started-at="2025-06-25T13:11:45 IST" name="tearDown" finished-at="2025-06-25T13:11:45 IST" duration-ms="117" status="PASS">
          <reporter-output>
          </reporter-output>
        </test-method> <!-- tearDown -->
        <test-method is-config="true" signature="CabsButtonClickTest()[pri:0, instance:com.makeMyTrip.selenium_cabsTests.TestClass@35e2d654]" started-at="2025-06-25T13:11:45 IST" name="CabsButtonClickTest" finished-at="2025-06-25T13:11:48 IST" duration-ms="3287" status="PASS">
          <reporter-output>
          </reporter-output>
        </test-method> <!-- CabsButtonClickTest -->
        <test-method signature="validOutstationOneWayCabSearch(java.lang.String,java.lang.String)[pri:0, instance:com.makeMyTrip.selenium_cabsTests.TestClass@35e2d654]" started-at="2025-06-25T13:11:48 IST" name="validOutstationOneWayCabSearch" data-provider="validLocations" finished-at="2025-06-25T13:11:53 IST" duration-ms="4836" status="PASS">
          <params>
            <param index="0">
              <value>
                <![CDATA[Guwahati]]>
              </value>
            </param>
            <param index="1">
              <value>
                <![CDATA[Chennai]]>
              </value>
            </param>
          </params>
          <reporter-output>
          </reporter-output>
        </test-method> <!-- validOutstationOneWayCabSearch -->
        <test-method is-config="true" signature="tearDown()[pri:0, instance:com.makeMyTrip.selenium_cabsTests.TestClass@35e2d654]" started-at="2025-06-25T13:11:53 IST" name="tearDown" finished-at="2025-06-25T13:11:53 IST" duration-ms="111" status="PASS">
          <reporter-output>
          </reporter-output>
        </test-method> <!-- tearDown -->
        <test-method is-config="true" signature="CabsButtonClickTest()[pri:0, instance:com.makeMyTrip.selenium_cabsTests.TestClass@35e2d654]" started-at="2025-06-25T13:11:53 IST" name="CabsButtonClickTest" finished-at="2025-06-25T13:11:56 IST" duration-ms="2845" status="PASS">
          <reporter-output>
          </reporter-output>
        </test-method> <!-- CabsButtonClickTest -->
        <test-method signature="validOutstationOneWayCabSearch(java.lang.String,java.lang.String)[pri:0, instance:com.makeMyTrip.selenium_cabsTests.TestClass@35e2d654]" started-at="2025-06-25T13:11:56 IST" name="validOutstationOneWayCabSearch" data-provider="validLocations" finished-at="2025-06-25T13:11:58 IST" duration-ms="2028" status="FAIL">
          <params>
            <param index="0">
              <value>
                <![CDATA[Shirdi]]>
              </value>
            </param>
            <param index="1">
              <value>
                <![CDATA[Chennai]]>
              </value>
            </param>
          </params>
          <exception class="org.openqa.selenium.ElementClickInterceptedException">
            <message>
              <![CDATA[element click intercepted: Element is not clickable at point (297, 1182)
  (Session info: chrome=137.0.7151.120)
Build info: version: '4.31.0', revision: '1ef9f18787*'
System info: os.name: 'Mac OS X', os.arch: 'aarch64', os.version: '14.6.1', java.version: '17.0.11'
Driver info: org.openqa.selenium.chrome.ChromeDriver
Command: [30b7f10f7d3adb33171408bdc5f97d03, clickElement {id=f.7BEE3935A477AE13F1743CAD8129C097.d.E753925588F70FD25367385C3520A33C.e.232}]
Capabilities {acceptInsecureCerts: false, browserName: chrome, browserVersion: 137.0.7151.120, chrome: {chromedriverVersion: 137.0.7151.119 (e0ac9d12dff..., userDataDir: /var/folders/zf/jt1v52f10ts...}, fedcm:accounts: true, goog:chromeOptions: {debuggerAddress: localhost:64312}, networkConnectionEnabled: false, pageLoadStrategy: normal, platformName: mac, proxy: Proxy(), se:cdp: ws://localhost:64312/devtoo..., se:cdpVersion: 137.0.7151.120, setWindowRect: true, strictFileInteractability: false, timeouts: {implicit: 0, pageLoad: 300000, script: 30000}, unhandledPromptBehavior: dismiss and notify, webauthn:extension:credBlob: true, webauthn:extension:largeBlob: true, webauthn:extension:minPinLength: true, webauthn:extension:prf: true, webauthn:virtualAuthenticators: true}
Element: [[ChromeDriver: chrome on mac (30b7f10f7d3adb33171408bdc5f97d03)] -> xpath: //div[@class='autoSuggestPlugin hsw_autocomplePopup']//following::span[contains(text(),'Shirdi')]]
Session ID: 30b7f10f7d3adb33171408bdc5f97d03]]>
            </message>
            <full-stacktrace>
              <![CDATA[org.openqa.selenium.ElementClickInterceptedException: element click intercepted: Element is not clickable at point (297, 1182)
  (Session info: chrome=137.0.7151.120)
Build info: version: '4.31.0', revision: '1ef9f18787*'
System info: os.name: 'Mac OS X', os.arch: 'aarch64', os.version: '14.6.1', java.version: '17.0.11'
Driver info: org.openqa.selenium.chrome.ChromeDriver
Command: [30b7f10f7d3adb33171408bdc5f97d03, clickElement {id=f.7BEE3935A477AE13F1743CAD8129C097.d.E753925588F70FD25367385C3520A33C.e.232}]
Capabilities {acceptInsecureCerts: false, browserName: chrome, browserVersion: 137.0.7151.120, chrome: {chromedriverVersion: 137.0.7151.119 (e0ac9d12dff..., userDataDir: /var/folders/zf/jt1v52f10ts...}, fedcm:accounts: true, goog:chromeOptions: {debuggerAddress: localhost:64312}, networkConnectionEnabled: false, pageLoadStrategy: normal, platformName: mac, proxy: Proxy(), se:cdp: ws://localhost:64312/devtoo..., se:cdpVersion: 137.0.7151.120, setWindowRect: true, strictFileInteractability: false, timeouts: {implicit: 0, pageLoad: 300000, script: 30000}, unhandledPromptBehavior: dismiss and notify, webauthn:extension:credBlob: true, webauthn:extension:largeBlob: true, webauthn:extension:minPinLength: true, webauthn:extension:prf: true, webauthn:virtualAuthenticators: true}
Element: [[ChromeDriver: chrome on mac (30b7f10f7d3adb33171408bdc5f97d03)] -> xpath: //div[@class='autoSuggestPlugin hsw_autocomplePopup']//following::span[contains(text(),'Shirdi')]]
Session ID: 30b7f10f7d3adb33171408bdc5f97d03
at java.base/jdk.internal.reflect.NativeConstructorAccessorImpl.newInstance0(Native Method)
at java.base/jdk.internal.reflect.NativeConstructorAccessorImpl.newInstance(NativeConstructorAccessorImpl.java:77)
at java.base/jdk.internal.reflect.DelegatingConstructorAccessorImpl.newInstance(DelegatingConstructorAccessorImpl.java:45)
at java.base/java.lang.reflect.Constructor.newInstanceWithCaller(Constructor.java:499)
at java.base/java.lang.reflect.Constructor.newInstance(Constructor.java:480)
at org.openqa.selenium.remote.ErrorCodec.decode(ErrorCodec.java:167)
at org.openqa.selenium.remote.codec.w3c.W3CHttpResponseCodec.decode(W3CHttpResponseCodec.java:138)
at org.openqa.selenium.remote.codec.w3c.W3CHttpResponseCodec.decode(W3CHttpResponseCodec.java:50)
at org.openqa.selenium.remote.HttpCommandExecutor.execute(HttpCommandExecutor.java:215)
at org.openqa.selenium.remote.service.DriverCommandExecutor.invokeExecute(DriverCommandExecutor.java:216)
at org.openqa.selenium.remote.service.DriverCommandExecutor.execute(DriverCommandExecutor.java:174)
at org.openqa.selenium.remote.RemoteWebDriver.execute(RemoteWebDriver.java:545)
at org.openqa.selenium.remote.RemoteWebElement.execute(RemoteWebElement.java:223)
at org.openqa.selenium.remote.RemoteWebElement.click(RemoteWebElement.java:76)
at com.makeMyTrip.selenium_cabsTests.TestClass.validOutstationOneWayCabSearch(TestClass.java:57)
at java.base/jdk.internal.reflect.NativeMethodAccessorImpl.invoke0(Native Method)
at java.base/jdk.internal.reflect.NativeMethodAccessorImpl.invoke(NativeMethodAccessorImpl.java:77)
at java.base/jdk.internal.reflect.DelegatingMethodAccessorImpl.invoke(DelegatingMethodAccessorImpl.java:43)
at java.base/java.lang.reflect.Method.invoke(Method.java:568)
at org.testng.internal.invokers.MethodInvocationHelper.invokeMethod(MethodInvocationHelper.java:141)
at org.testng.internal.invokers.TestInvoker.invokeMethod(TestInvoker.java:686)
at org.testng.internal.invokers.TestInvoker.invokeTestMethod(TestInvoker.java:230)
at org.testng.internal.invokers.MethodRunner.runInSequence(MethodRunner.java:63)
at org.testng.internal.invokers.TestInvoker$MethodInvocationAgent.invoke(TestInvoker.java:992)
at org.testng.internal.invokers.TestInvoker.invokeTestMethods(TestInvoker.java:203)
at org.testng.internal.invokers.TestMethodWorker.invokeTestMethods(TestMethodWorker.java:154)
at org.testng.internal.invokers.TestMethodWorker.run(TestMethodWorker.java:134)
at java.base/java.util.ArrayList.forEach(ArrayList.java:1511)
at org.testng.TestRunner.privateRun(TestRunner.java:739)
at org.testng.TestRunner.run(TestRunner.java:614)
at org.testng.SuiteRunner.runTest(SuiteRunner.java:421)
at org.testng.SuiteRunner.runSequentially(SuiteRunner.java:413)
at org.testng.SuiteRunner.privateRun(SuiteRunner.java:373)
at org.testng.SuiteRunner.run(SuiteRunner.java:312)
at org.testng.SuiteRunnerWorker.runSuite(SuiteRunnerWorker.java:52)
at org.testng.SuiteRunnerWorker.run(SuiteRunnerWorker.java:95)
at org.testng.TestNG.runSuitesSequentially(TestNG.java:1274)
at org.testng.TestNG.runSuitesLocally(TestNG.java:1208)
at org.testng.TestNG.runSuites(TestNG.java:1112)
at org.testng.TestNG.run(TestNG.java:1079)
at org.testng.remote.AbstractRemoteTestNG.run(AbstractRemoteTestNG.java:115)
at org.testng.remote.RemoteTestNG.initAndRun(RemoteTestNG.java:293)
at org.testng.remote.RemoteTestNG.main(RemoteTestNG.java:91)
]]>
            </full-stacktrace>
          </exception> <!-- org.openqa.selenium.ElementClickInterceptedException -->
          <reporter-output>
          </reporter-output>
        </test-method> <!-- validOutstationOneWayCabSearch -->
        <test-method is-config="true" signature="tearDown()[pri:0, instance:com.makeMyTrip.selenium_cabsTests.TestClass@35e2d654]" started-at="2025-06-25T13:11:58 IST" name="tearDown" finished-at="2025-06-25T13:11:58 IST" duration-ms="100" status="PASS">
          <reporter-output>
          </reporter-output>
        </test-method> <!-- tearDown -->
        <test-method is-config="true" signature="CabsButtonClickTest()[pri:0, instance:com.makeMyTrip.selenium_cabsTests.TestClass@35e2d654]" started-at="2025-06-25T13:11:58 IST" name="CabsButtonClickTest" finished-at="2025-06-25T13:12:01 IST" duration-ms="2592" status="PASS">
          <reporter-output>
          </reporter-output>
        </test-method> <!-- CabsButtonClickTest -->
        <test-method signature="validOutstationOneWayCabSearch(java.lang.String,java.lang.String)[pri:0, instance:com.makeMyTrip.selenium_cabsTests.TestClass@35e2d654]" started-at="2025-06-25T13:12:01 IST" name="validOutstationOneWayCabSearch" data-provider="validLocations" finished-at="2025-06-25T13:12:32 IST" duration-ms="31079" status="FAIL">
          <params>
            <param index="0">
              <value>
                <![CDATA[Ayodhya]]>
              </value>
            </param>
            <param index="1">
              <value>
                <![CDATA[Surat]]>
              </value>
            </param>
          </params>
          <exception class="org.openqa.selenium.TimeoutException">
            <message>
              <![CDATA[Expected condition failed: waiting for visibility of element located by By.xpath: //div[@class="autoSuggestPlugin hsw_autocomplePopup"]//child::div//child::input (tried for 30 second(s) with 500 milliseconds interval)
Build info: version: '4.31.0', revision: '1ef9f18787*'
System info: os.name: 'Mac OS X', os.arch: 'aarch64', os.version: '14.6.1', java.version: '17.0.11'
Driver info: org.openqa.selenium.chrome.ChromeDriver
Capabilities {acceptInsecureCerts: false, browserName: chrome, browserVersion: 137.0.7151.120, chrome: {chromedriverVersion: 137.0.7151.119 (e0ac9d12dff..., userDataDir: /var/folders/zf/jt1v52f10ts...}, fedcm:accounts: true, goog:chromeOptions: {debuggerAddress: localhost:64350}, networkConnectionEnabled: false, pageLoadStrategy: normal, platformName: mac, proxy: Proxy(), se:cdp: ws://localhost:64350/devtoo..., se:cdpVersion: 137.0.7151.120, setWindowRect: true, strictFileInteractability: false, timeouts: {implicit: 0, pageLoad: 300000, script: 30000}, unhandledPromptBehavior: dismiss and notify, webauthn:extension:credBlob: true, webauthn:extension:largeBlob: true, webauthn:extension:minPinLength: true, webauthn:extension:prf: true, webauthn:virtualAuthenticators: true}
Session ID: 16b30c6fad3bf90b291a52d598b19f32]]>
            </message>
            <full-stacktrace>
              <![CDATA[org.openqa.selenium.TimeoutException: Expected condition failed: waiting for visibility of element located by By.xpath: //div[@class="autoSuggestPlugin hsw_autocomplePopup"]//child::div//child::input (tried for 30 second(s) with 500 milliseconds interval)
Build info: version: '4.31.0', revision: '1ef9f18787*'
System info: os.name: 'Mac OS X', os.arch: 'aarch64', os.version: '14.6.1', java.version: '17.0.11'
Driver info: org.openqa.selenium.chrome.ChromeDriver
Capabilities {acceptInsecureCerts: false, browserName: chrome, browserVersion: 137.0.7151.120, chrome: {chromedriverVersion: 137.0.7151.119 (e0ac9d12dff..., userDataDir: /var/folders/zf/jt1v52f10ts...}, fedcm:accounts: true, goog:chromeOptions: {debuggerAddress: localhost:64350}, networkConnectionEnabled: false, pageLoadStrategy: normal, platformName: mac, proxy: Proxy(), se:cdp: ws://localhost:64350/devtoo..., se:cdpVersion: 137.0.7151.120, setWindowRect: true, strictFileInteractability: false, timeouts: {implicit: 0, pageLoad: 300000, script: 30000}, unhandledPromptBehavior: dismiss and notify, webauthn:extension:credBlob: true, webauthn:extension:largeBlob: true, webauthn:extension:minPinLength: true, webauthn:extension:prf: true, webauthn:virtualAuthenticators: true}
Session ID: 16b30c6fad3bf90b291a52d598b19f32
at org.openqa.selenium.support.ui.WebDriverWait.timeoutException(WebDriverWait.java:84)
at org.openqa.selenium.support.ui.FluentWait.until(FluentWait.java:228)
at com.makeMyTrip.selenium_cabsTests.TestClass.validOutstationOneWayCabSearch(TestClass.java:52)
at java.base/jdk.internal.reflect.NativeMethodAccessorImpl.invoke0(Native Method)
at java.base/jdk.internal.reflect.NativeMethodAccessorImpl.invoke(NativeMethodAccessorImpl.java:77)
at java.base/jdk.internal.reflect.DelegatingMethodAccessorImpl.invoke(DelegatingMethodAccessorImpl.java:43)
at java.base/java.lang.reflect.Method.invoke(Method.java:568)
at org.testng.internal.invokers.MethodInvocationHelper.invokeMethod(MethodInvocationHelper.java:141)
at org.testng.internal.invokers.TestInvoker.invokeMethod(TestInvoker.java:686)
at org.testng.internal.invokers.TestInvoker.invokeTestMethod(TestInvoker.java:230)
at org.testng.internal.invokers.MethodRunner.runInSequence(MethodRunner.java:63)
at org.testng.internal.invokers.TestInvoker$MethodInvocationAgent.invoke(TestInvoker.java:992)
at org.testng.internal.invokers.TestInvoker.invokeTestMethods(TestInvoker.java:203)
at org.testng.internal.invokers.TestMethodWorker.invokeTestMethods(TestMethodWorker.java:154)
at org.testng.internal.invokers.TestMethodWorker.run(TestMethodWorker.java:134)
at java.base/java.util.ArrayList.forEach(ArrayList.java:1511)
at org.testng.TestRunner.privateRun(TestRunner.java:739)
at org.testng.TestRunner.run(TestRunner.java:614)
at org.testng.SuiteRunner.runTest(SuiteRunner.java:421)
at org.testng.SuiteRunner.runSequentially(SuiteRunner.java:413)
at org.testng.SuiteRunner.privateRun(SuiteRunner.java:373)
at org.testng.SuiteRunner.run(SuiteRunner.java:312)
at org.testng.SuiteRunnerWorker.runSuite(SuiteRunnerWorker.java:52)
at org.testng.SuiteRunnerWorker.run(SuiteRunnerWorker.java:95)
at org.testng.TestNG.runSuitesSequentially(TestNG.java:1274)
at org.testng.TestNG.runSuitesLocally(TestNG.java:1208)
at org.testng.TestNG.runSuites(TestNG.java:1112)
at org.testng.TestNG.run(TestNG.java:1079)
at org.testng.remote.AbstractRemoteTestNG.run(AbstractRemoteTestNG.java:115)
at org.testng.remote.RemoteTestNG.initAndRun(RemoteTestNG.java:293)
at org.testng.remote.RemoteTestNG.main(RemoteTestNG.java:91)
]]>
            </full-stacktrace>
          </exception> <!-- org.openqa.selenium.TimeoutException -->
          <reporter-output>
          </reporter-output>
        </test-method> <!-- validOutstationOneWayCabSearch -->
        <test-method is-config="true" signature="tearDown()[pri:0, instance:com.makeMyTrip.selenium_cabsTests.TestClass@35e2d654]" started-at="2025-06-25T13:12:32 IST" name="tearDown" finished-at="2025-06-25T13:12:32 IST" duration-ms="101" status="PASS">
          <reporter-output>
          </reporter-output>
        </test-method> <!-- tearDown -->
        <test-method is-config="true" signature="CabsButtonClickTest()[pri:0, instance:com.makeMyTrip.selenium_cabsTests.TestClass@35e2d654]" started-at="2025-06-25T13:12:32 IST" name="CabsButtonClickTest" finished-at="2025-06-25T13:12:35 IST" duration-ms="2718" status="PASS">
          <reporter-output>
          </reporter-output>
        </test-method> <!-- CabsButtonClickTest -->
        <test-method signature="validOutstationOneWayCabSearch(java.lang.String,java.lang.String)[pri:0, instance:com.makeMyTrip.selenium_cabsTests.TestClass@35e2d654]" started-at="2025-06-25T13:12:35 IST" name="validOutstationOneWayCabSearch" data-provider="validLocations" finished-at="2025-06-25T13:13:06 IST" duration-ms="30870" status="FAIL">
          <params>
            <param index="0">
              <value>
                <![CDATA[Shirdi]]>
              </value>
            </param>
            <param index="1">
              <value>
                <![CDATA[Gorakhpur]]>
              </value>
            </param>
          </params>
          <exception class="org.openqa.selenium.TimeoutException">
            <message>
              <![CDATA[Expected condition failed: waiting for visibility of element located by By.xpath: //div[@class="autoSuggestPlugin hsw_autocomplePopup"]//child::div//child::input (tried for 30 second(s) with 500 milliseconds interval)
Build info: version: '4.31.0', revision: '1ef9f18787*'
System info: os.name: 'Mac OS X', os.arch: 'aarch64', os.version: '14.6.1', java.version: '17.0.11'
Driver info: org.openqa.selenium.chrome.ChromeDriver
Capabilities {acceptInsecureCerts: false, browserName: chrome, browserVersion: 137.0.7151.120, chrome: {chromedriverVersion: 137.0.7151.119 (e0ac9d12dff..., userDataDir: /var/folders/zf/jt1v52f10ts...}, fedcm:accounts: true, goog:chromeOptions: {debuggerAddress: localhost:64389}, networkConnectionEnabled: false, pageLoadStrategy: normal, platformName: mac, proxy: Proxy(), se:cdp: ws://localhost:64389/devtoo..., se:cdpVersion: 137.0.7151.120, setWindowRect: true, strictFileInteractability: false, timeouts: {implicit: 0, pageLoad: 300000, script: 30000}, unhandledPromptBehavior: dismiss and notify, webauthn:extension:credBlob: true, webauthn:extension:largeBlob: true, webauthn:extension:minPinLength: true, webauthn:extension:prf: true, webauthn:virtualAuthenticators: true}
Session ID: 0ef21a7c48e13e41c28764875f94c2f2]]>
            </message>
            <full-stacktrace>
              <![CDATA[org.openqa.selenium.TimeoutException: Expected condition failed: waiting for visibility of element located by By.xpath: //div[@class="autoSuggestPlugin hsw_autocomplePopup"]//child::div//child::input (tried for 30 second(s) with 500 milliseconds interval)
Build info: version: '4.31.0', revision: '1ef9f18787*'
System info: os.name: 'Mac OS X', os.arch: 'aarch64', os.version: '14.6.1', java.version: '17.0.11'
Driver info: org.openqa.selenium.chrome.ChromeDriver
Capabilities {acceptInsecureCerts: false, browserName: chrome, browserVersion: 137.0.7151.120, chrome: {chromedriverVersion: 137.0.7151.119 (e0ac9d12dff..., userDataDir: /var/folders/zf/jt1v52f10ts...}, fedcm:accounts: true, goog:chromeOptions: {debuggerAddress: localhost:64389}, networkConnectionEnabled: false, pageLoadStrategy: normal, platformName: mac, proxy: Proxy(), se:cdp: ws://localhost:64389/devtoo..., se:cdpVersion: 137.0.7151.120, setWindowRect: true, strictFileInteractability: false, timeouts: {implicit: 0, pageLoad: 300000, script: 30000}, unhandledPromptBehavior: dismiss and notify, webauthn:extension:credBlob: true, webauthn:extension:largeBlob: true, webauthn:extension:minPinLength: true, webauthn:extension:prf: true, webauthn:virtualAuthenticators: true}
Session ID: 0ef21a7c48e13e41c28764875f94c2f2
at org.openqa.selenium.support.ui.WebDriverWait.timeoutException(WebDriverWait.java:84)
at org.openqa.selenium.support.ui.FluentWait.until(FluentWait.java:228)
at com.makeMyTrip.selenium_cabsTests.TestClass.validOutstationOneWayCabSearch(TestClass.java:52)
at java.base/jdk.internal.reflect.NativeMethodAccessorImpl.invoke0(Native Method)
at java.base/jdk.internal.reflect.NativeMethodAccessorImpl.invoke(NativeMethodAccessorImpl.java:77)
at java.base/jdk.internal.reflect.DelegatingMethodAccessorImpl.invoke(DelegatingMethodAccessorImpl.java:43)
at java.base/java.lang.reflect.Method.invoke(Method.java:568)
at org.testng.internal.invokers.MethodInvocationHelper.invokeMethod(MethodInvocationHelper.java:141)
at org.testng.internal.invokers.TestInvoker.invokeMethod(TestInvoker.java:686)
at org.testng.internal.invokers.TestInvoker.invokeTestMethod(TestInvoker.java:230)
at org.testng.internal.invokers.MethodRunner.runInSequence(MethodRunner.java:63)
at org.testng.internal.invokers.TestInvoker$MethodInvocationAgent.invoke(TestInvoker.java:992)
at org.testng.internal.invokers.TestInvoker.invokeTestMethods(TestInvoker.java:203)
at org.testng.internal.invokers.TestMethodWorker.invokeTestMethods(TestMethodWorker.java:154)
at org.testng.internal.invokers.TestMethodWorker.run(TestMethodWorker.java:134)
at java.base/java.util.ArrayList.forEach(ArrayList.java:1511)
at org.testng.TestRunner.privateRun(TestRunner.java:739)
at org.testng.TestRunner.run(TestRunner.java:614)
at org.testng.SuiteRunner.runTest(SuiteRunner.java:421)
at org.testng.SuiteRunner.runSequentially(SuiteRunner.java:413)
at org.testng.SuiteRunner.privateRun(SuiteRunner.java:373)
at org.testng.SuiteRunner.run(SuiteRunner.java:312)
at org.testng.SuiteRunnerWorker.runSuite(SuiteRunnerWorker.java:52)
at org.testng.SuiteRunnerWorker.run(SuiteRunnerWorker.java:95)
at org.testng.TestNG.runSuitesSequentially(TestNG.java:1274)
at org.testng.TestNG.runSuitesLocally(TestNG.java:1208)
at org.testng.TestNG.runSuites(TestNG.java:1112)
at org.testng.TestNG.run(TestNG.java:1079)
at org.testng.remote.AbstractRemoteTestNG.run(AbstractRemoteTestNG.java:115)
at org.testng.remote.RemoteTestNG.initAndRun(RemoteTestNG.java:293)
at org.testng.remote.RemoteTestNG.main(RemoteTestNG.java:91)
]]>
            </full-stacktrace>
          </exception> <!-- org.openqa.selenium.TimeoutException -->
          <reporter-output>
          </reporter-output>
        </test-method> <!-- validOutstationOneWayCabSearch -->
        <test-method is-config="true" signature="tearDown()[pri:0, instance:com.makeMyTrip.selenium_cabsTests.TestClass@35e2d654]" started-at="2025-06-25T13:13:06 IST" name="tearDown" finished-at="2025-06-25T13:13:06 IST" duration-ms="106" status="PASS">
          <reporter-output>
          </reporter-output>
        </test-method> <!-- tearDown -->
        <test-method is-config="true" signature="CabsButtonClickTest()[pri:0, instance:com.makeMyTrip.selenium_cabsTests.TestClass@35e2d654]" started-at="2025-06-25T13:13:06 IST" name="CabsButtonClickTest" finished-at="2025-06-25T13:13:08 IST" duration-ms="2719" status="PASS">
          <reporter-output>
          </reporter-output>
        </test-method> <!-- CabsButtonClickTest -->
        <test-method signature="validOutstationOneWayCabSearch(java.lang.String,java.lang.String)[pri:0, instance:com.makeMyTrip.selenium_cabsTests.TestClass@35e2d654]" started-at="2025-06-25T13:13:08 IST" name="validOutstationOneWayCabSearch" data-provider="validLocations" finished-at="2025-06-25T13:13:23 IST" duration-ms="14876" status="FAIL">
          <params>
            <param index="0">
              <value>
                <![CDATA[Madurai]]>
              </value>
            </param>
            <param index="1">
              <value>
                <![CDATA[Gurugram]]>
              </value>
            </param>
          </params>
          <exception class="org.openqa.selenium.NoSuchSessionException">
            <message>
              <![CDATA[invalid session id: session deleted as the browser has closed the connection
from disconnected: not connected to DevTools
  (Session info: chrome=137.0.7151.120)
Build info: version: '4.31.0', revision: '1ef9f18787*'
System info: os.name: 'Mac OS X', os.arch: 'aarch64', os.version: '14.6.1', java.version: '17.0.11'
Driver info: org.openqa.selenium.chrome.ChromeDriver
Command: [eb80847678dea4453c09238d73ed49ab, findElement {value=//div[@class="autoSuggestPlugin hsw_autocomplePopup"]//child::div//child::input, using=xpath}]
Capabilities {acceptInsecureCerts: false, browserName: chrome, browserVersion: 137.0.7151.120, chrome: {chromedriverVersion: 137.0.7151.119 (e0ac9d12dff..., userDataDir: /var/folders/zf/jt1v52f10ts...}, fedcm:accounts: true, goog:chromeOptions: {debuggerAddress: localhost:64427}, networkConnectionEnabled: false, pageLoadStrategy: normal, platformName: mac, proxy: Proxy(), se:cdp: ws://localhost:64427/devtoo..., se:cdpVersion: 137.0.7151.120, setWindowRect: true, strictFileInteractability: false, timeouts: {implicit: 0, pageLoad: 300000, script: 30000}, unhandledPromptBehavior: dismiss and notify, webauthn:extension:credBlob: true, webauthn:extension:largeBlob: true, webauthn:extension:minPinLength: true, webauthn:extension:prf: true, webauthn:virtualAuthenticators: true}
Session ID: eb80847678dea4453c09238d73ed49ab]]>
            </message>
            <full-stacktrace>
              <![CDATA[org.openqa.selenium.NoSuchSessionException: invalid session id: session deleted as the browser has closed the connection
from disconnected: not connected to DevTools
  (Session info: chrome=137.0.7151.120)
Build info: version: '4.31.0', revision: '1ef9f18787*'
System info: os.name: 'Mac OS X', os.arch: 'aarch64', os.version: '14.6.1', java.version: '17.0.11'
Driver info: org.openqa.selenium.chrome.ChromeDriver
Command: [eb80847678dea4453c09238d73ed49ab, findElement {value=//div[@class="autoSuggestPlugin hsw_autocomplePopup"]//child::div//child::input, using=xpath}]
Capabilities {acceptInsecureCerts: false, browserName: chrome, browserVersion: 137.0.7151.120, chrome: {chromedriverVersion: 137.0.7151.119 (e0ac9d12dff..., userDataDir: /var/folders/zf/jt1v52f10ts...}, fedcm:accounts: true, goog:chromeOptions: {debuggerAddress: localhost:64427}, networkConnectionEnabled: false, pageLoadStrategy: normal, platformName: mac, proxy: Proxy(), se:cdp: ws://localhost:64427/devtoo..., se:cdpVersion: 137.0.7151.120, setWindowRect: true, strictFileInteractability: false, timeouts: {implicit: 0, pageLoad: 300000, script: 30000}, unhandledPromptBehavior: dismiss and notify, webauthn:extension:credBlob: true, webauthn:extension:largeBlob: true, webauthn:extension:minPinLength: true, webauthn:extension:prf: true, webauthn:virtualAuthenticators: true}
Session ID: eb80847678dea4453c09238d73ed49ab
at java.base/jdk.internal.reflect.NativeConstructorAccessorImpl.newInstance0(Native Method)
at java.base/jdk.internal.reflect.NativeConstructorAccessorImpl.newInstance(NativeConstructorAccessorImpl.java:77)
at java.base/jdk.internal.reflect.DelegatingConstructorAccessorImpl.newInstance(DelegatingConstructorAccessorImpl.java:45)
at java.base/java.lang.reflect.Constructor.newInstanceWithCaller(Constructor.java:499)
at java.base/java.lang.reflect.Constructor.newInstance(Constructor.java:480)
at org.openqa.selenium.remote.ErrorCodec.decode(ErrorCodec.java:167)
at org.openqa.selenium.remote.codec.w3c.W3CHttpResponseCodec.decode(W3CHttpResponseCodec.java:138)
at org.openqa.selenium.remote.codec.w3c.W3CHttpResponseCodec.decode(W3CHttpResponseCodec.java:50)
at org.openqa.selenium.remote.HttpCommandExecutor.execute(HttpCommandExecutor.java:215)
at org.openqa.selenium.remote.service.DriverCommandExecutor.invokeExecute(DriverCommandExecutor.java:216)
at org.openqa.selenium.remote.service.DriverCommandExecutor.execute(DriverCommandExecutor.java:174)
at org.openqa.selenium.remote.RemoteWebDriver.execute(RemoteWebDriver.java:545)
at org.openqa.selenium.remote.ElementLocation$ElementFinder$2.findElement(ElementLocation.java:165)
at org.openqa.selenium.remote.ElementLocation.findElement(ElementLocation.java:59)
at org.openqa.selenium.remote.RemoteWebDriver.findElement(RemoteWebDriver.java:368)
at org.openqa.selenium.remote.RemoteWebDriver.findElement(RemoteWebDriver.java:362)
at org.openqa.selenium.support.ui.ExpectedConditions$7.apply(ExpectedConditions.java:194)
at org.openqa.selenium.support.ui.ExpectedConditions$7.apply(ExpectedConditions.java:190)
at org.openqa.selenium.support.ui.FluentWait.until(FluentWait.java:203)
at com.makeMyTrip.selenium_cabsTests.TestClass.validOutstationOneWayCabSearch(TestClass.java:52)
at java.base/jdk.internal.reflect.NativeMethodAccessorImpl.invoke0(Native Method)
at java.base/jdk.internal.reflect.NativeMethodAccessorImpl.invoke(NativeMethodAccessorImpl.java:77)
at java.base/jdk.internal.reflect.DelegatingMethodAccessorImpl.invoke(DelegatingMethodAccessorImpl.java:43)
at java.base/java.lang.reflect.Method.invoke(Method.java:568)
at org.testng.internal.invokers.MethodInvocationHelper.invokeMethod(MethodInvocationHelper.java:141)
at org.testng.internal.invokers.TestInvoker.invokeMethod(TestInvoker.java:686)
at org.testng.internal.invokers.TestInvoker.invokeTestMethod(TestInvoker.java:230)
at org.testng.internal.invokers.MethodRunner.runInSequence(MethodRunner.java:63)
at org.testng.internal.invokers.TestInvoker$MethodInvocationAgent.invoke(TestInvoker.java:992)
at org.testng.internal.invokers.TestInvoker.invokeTestMethods(TestInvoker.java:203)
at org.testng.internal.invokers.TestMethodWorker.invokeTestMethods(TestMethodWorker.java:154)
at org.testng.internal.invokers.TestMethodWorker.run(TestMethodWorker.java:134)
at java.base/java.util.ArrayList.forEach(ArrayList.java:1511)
at org.testng.TestRunner.privateRun(TestRunner.java:739)
at org.testng.TestRunner.run(TestRunner.java:614)
at org.testng.SuiteRunner.runTest(SuiteRunner.java:421)
at org.testng.SuiteRunner.runSequentially(SuiteRunner.java:413)
at org.testng.SuiteRunner.privateRun(SuiteRunner.java:373)
at org.testng.SuiteRunner.run(SuiteRunner.java:312)
at org.testng.SuiteRunnerWorker.runSuite(SuiteRunnerWorker.java:52)
at org.testng.SuiteRunnerWorker.run(SuiteRunnerWorker.java:95)
at org.testng.TestNG.runSuitesSequentially(TestNG.java:1274)
at org.testng.TestNG.runSuitesLocally(TestNG.java:1208)
at org.testng.TestNG.runSuites(TestNG.java:1112)
at org.testng.TestNG.run(TestNG.java:1079)
at org.testng.remote.AbstractRemoteTestNG.run(AbstractRemoteTestNG.java:115)
at org.testng.remote.RemoteTestNG.initAndRun(RemoteTestNG.java:293)
at org.testng.remote.RemoteTestNG.main(RemoteTestNG.java:91)
]]>
            </full-stacktrace>
          </exception> <!-- org.openqa.selenium.NoSuchSessionException -->
          <reporter-output>
          </reporter-output>
        </test-method> <!-- validOutstationOneWayCabSearch -->
        <test-method is-config="true" signature="tearDown()[pri:0, instance:com.makeMyTrip.selenium_cabsTests.TestClass@35e2d654]" started-at="2025-06-25T13:13:23 IST" name="tearDown" finished-at="2025-06-25T13:13:23 IST" duration-ms="66" status="PASS">
          <reporter-output>
          </reporter-output>
        </test-method> <!-- tearDown -->
        <test-method is-config="true" signature="CabsButtonClickTest()[pri:0, instance:com.makeMyTrip.selenium_cabsTests.TestClass@35e2d654]" started-at="2025-06-25T13:13:23 IST" name="CabsButtonClickTest" finished-at="2025-06-25T13:13:26 IST" duration-ms="2682" status="PASS">
          <reporter-output>
          </reporter-output>
        </test-method> <!-- CabsButtonClickTest -->
        <test-method signature="validOutstationOneWayCabSearch(java.lang.String,java.lang.String)[pri:0, instance:com.makeMyTrip.selenium_cabsTests.TestClass@35e2d654]" started-at="2025-06-25T13:13:26 IST" name="validOutstationOneWayCabSearch" data-provider="validLocations" finished-at="2025-06-25T13:13:57 IST" duration-ms="30509" status="FAIL">
          <params>
            <param index="0">
              <value>
                <![CDATA[Vadodara]]>
              </value>
            </param>
            <param index="1">
              <value>
                <![CDATA[Guwahati]]>
              </value>
            </param>
          </params>
          <exception class="org.openqa.selenium.TimeoutException">
            <message>
              <![CDATA[Expected condition failed: waiting for visibility of element located by By.xpath: //div[@class="autoSuggestPlugin hsw_autocomplePopup"]//child::div//child::input (tried for 30 second(s) with 500 milliseconds interval)
Build info: version: '4.31.0', revision: '1ef9f18787*'
System info: os.name: 'Mac OS X', os.arch: 'aarch64', os.version: '14.6.1', java.version: '17.0.11'
Driver info: org.openqa.selenium.chrome.ChromeDriver
Capabilities {acceptInsecureCerts: false, browserName: chrome, browserVersion: 137.0.7151.120, chrome: {chromedriverVersion: 137.0.7151.119 (e0ac9d12dff..., userDataDir: /var/folders/zf/jt1v52f10ts...}, fedcm:accounts: true, goog:chromeOptions: {debuggerAddress: localhost:64467}, networkConnectionEnabled: false, pageLoadStrategy: normal, platformName: mac, proxy: Proxy(), se:cdp: ws://localhost:64467/devtoo..., se:cdpVersion: 137.0.7151.120, setWindowRect: true, strictFileInteractability: false, timeouts: {implicit: 0, pageLoad: 300000, script: 30000}, unhandledPromptBehavior: dismiss and notify, webauthn:extension:credBlob: true, webauthn:extension:largeBlob: true, webauthn:extension:minPinLength: true, webauthn:extension:prf: true, webauthn:virtualAuthenticators: true}
Session ID: d5560a306bce10cd998d117ea2805e38]]>
            </message>
            <full-stacktrace>
              <![CDATA[org.openqa.selenium.TimeoutException: Expected condition failed: waiting for visibility of element located by By.xpath: //div[@class="autoSuggestPlugin hsw_autocomplePopup"]//child::div//child::input (tried for 30 second(s) with 500 milliseconds interval)
Build info: version: '4.31.0', revision: '1ef9f18787*'
System info: os.name: 'Mac OS X', os.arch: 'aarch64', os.version: '14.6.1', java.version: '17.0.11'
Driver info: org.openqa.selenium.chrome.ChromeDriver
Capabilities {acceptInsecureCerts: false, browserName: chrome, browserVersion: 137.0.7151.120, chrome: {chromedriverVersion: 137.0.7151.119 (e0ac9d12dff..., userDataDir: /var/folders/zf/jt1v52f10ts...}, fedcm:accounts: true, goog:chromeOptions: {debuggerAddress: localhost:64467}, networkConnectionEnabled: false, pageLoadStrategy: normal, platformName: mac, proxy: Proxy(), se:cdp: ws://localhost:64467/devtoo..., se:cdpVersion: 137.0.7151.120, setWindowRect: true, strictFileInteractability: false, timeouts: {implicit: 0, pageLoad: 300000, script: 30000}, unhandledPromptBehavior: dismiss and notify, webauthn:extension:credBlob: true, webauthn:extension:largeBlob: true, webauthn:extension:minPinLength: true, webauthn:extension:prf: true, webauthn:virtualAuthenticators: true}
Session ID: d5560a306bce10cd998d117ea2805e38
at org.openqa.selenium.support.ui.WebDriverWait.timeoutException(WebDriverWait.java:84)
at org.openqa.selenium.support.ui.FluentWait.until(FluentWait.java:228)
at com.makeMyTrip.selenium_cabsTests.TestClass.validOutstationOneWayCabSearch(TestClass.java:52)
at java.base/jdk.internal.reflect.NativeMethodAccessorImpl.invoke0(Native Method)
at java.base/jdk.internal.reflect.NativeMethodAccessorImpl.invoke(NativeMethodAccessorImpl.java:77)
at java.base/jdk.internal.reflect.DelegatingMethodAccessorImpl.invoke(DelegatingMethodAccessorImpl.java:43)
at java.base/java.lang.reflect.Method.invoke(Method.java:568)
at org.testng.internal.invokers.MethodInvocationHelper.invokeMethod(MethodInvocationHelper.java:141)
at org.testng.internal.invokers.TestInvoker.invokeMethod(TestInvoker.java:686)
at org.testng.internal.invokers.TestInvoker.invokeTestMethod(TestInvoker.java:230)
at org.testng.internal.invokers.MethodRunner.runInSequence(MethodRunner.java:63)
at org.testng.internal.invokers.TestInvoker$MethodInvocationAgent.invoke(TestInvoker.java:992)
at org.testng.internal.invokers.TestInvoker.invokeTestMethods(TestInvoker.java:203)
at org.testng.internal.invokers.TestMethodWorker.invokeTestMethods(TestMethodWorker.java:154)
at org.testng.internal.invokers.TestMethodWorker.run(TestMethodWorker.java:134)
at java.base/java.util.ArrayList.forEach(ArrayList.java:1511)
at org.testng.TestRunner.privateRun(TestRunner.java:739)
at org.testng.TestRunner.run(TestRunner.java:614)
at org.testng.SuiteRunner.runTest(SuiteRunner.java:421)
at org.testng.SuiteRunner.runSequentially(SuiteRunner.java:413)
at org.testng.SuiteRunner.privateRun(SuiteRunner.java:373)
at org.testng.SuiteRunner.run(SuiteRunner.java:312)
at org.testng.SuiteRunnerWorker.runSuite(SuiteRunnerWorker.java:52)
at org.testng.SuiteRunnerWorker.run(SuiteRunnerWorker.java:95)
at org.testng.TestNG.runSuitesSequentially(TestNG.java:1274)
at org.testng.TestNG.runSuitesLocally(TestNG.java:1208)
at org.testng.TestNG.runSuites(TestNG.java:1112)
at org.testng.TestNG.run(TestNG.java:1079)
at org.testng.remote.AbstractRemoteTestNG.run(AbstractRemoteTestNG.java:115)
at org.testng.remote.RemoteTestNG.initAndRun(RemoteTestNG.java:293)
at org.testng.remote.RemoteTestNG.main(RemoteTestNG.java:91)
]]>
            </full-stacktrace>
          </exception> <!-- org.openqa.selenium.TimeoutException -->
          <reporter-output>
          </reporter-output>
        </test-method> <!-- validOutstationOneWayCabSearch -->
        <test-method is-config="true" signature="tearDown()[pri:0, instance:com.makeMyTrip.selenium_cabsTests.TestClass@35e2d654]" started-at="2025-06-25T13:13:57 IST" name="tearDown" finished-at="2025-06-25T13:13:57 IST" duration-ms="116" status="PASS">
          <reporter-output>
          </reporter-output>
        </test-method> <!-- tearDown -->
      </class> <!-- com.makeMyTrip.selenium_cabsTests.TestClass -->
      <class name="com.makeMyTrip.selenium_cabsTests.OutstationOneWay_Validations">
        <test-method is-config="true" signature="CabsButtonClickTest()[pri:0, instance:com.makeMyTrip.selenium_cabsTests.OutstationOneWay_Validations@dd8ba08]" started-at="2025-06-25T13:04:55 IST" name="CabsButtonClickTest" finished-at="2025-06-25T13:04:58 IST" duration-ms="3261" status="PASS">
          <reporter-output>
          </reporter-output>
        </test-method> <!-- CabsButtonClickTest -->
        <test-method signature="SameInvalidOutstationOneWayCabSearch(java.lang.String,java.lang.String)[pri:0, instance:com.makeMyTrip.selenium_cabsTests.OutstationOneWay_Validations@dd8ba08]" started-at="2025-06-25T13:04:58 IST" name="SameInvalidOutstationOneWayCabSearch" data-provider="sameLocations" finished-at="2025-06-25T13:05:01 IST" duration-ms="2883" status="PASS">
          <params>
            <param index="0">
              <value>
                <![CDATA[Gorakhpur, Uttar Pradesh, India]]>
              </value>
            </param>
            <param index="1">
              <value>
                <![CDATA[Gorakhpur, Uttar Pradesh, India]]>
              </value>
            </param>
          </params>
          <reporter-output>
          </reporter-output>
        </test-method> <!-- SameInvalidOutstationOneWayCabSearch -->
        <test-method is-config="true" signature="tearDown()[pri:0, instance:com.makeMyTrip.selenium_cabsTests.OutstationOneWay_Validations@dd8ba08]" started-at="2025-06-25T13:05:01 IST" name="tearDown" finished-at="2025-06-25T13:05:01 IST" duration-ms="115" status="PASS">
          <reporter-output>
          </reporter-output>
        </test-method> <!-- tearDown -->
        <test-method is-config="true" signature="CabsButtonClickTest()[pri:0, instance:com.makeMyTrip.selenium_cabsTests.OutstationOneWay_Validations@dd8ba08]" started-at="2025-06-25T13:05:01 IST" name="CabsButtonClickTest" finished-at="2025-06-25T13:05:03 IST" duration-ms="2561" status="PASS">
          <reporter-output>
          </reporter-output>
        </test-method> <!-- CabsButtonClickTest -->
        <test-method signature="SameInvalidOutstationOneWayCabSearch(java.lang.String,java.lang.String)[pri:0, instance:com.makeMyTrip.selenium_cabsTests.OutstationOneWay_Validations@dd8ba08]" started-at="2025-06-25T13:05:03 IST" name="SameInvalidOutstationOneWayCabSearch" data-provider="sameLocations" finished-at="2025-06-25T13:05:06 IST" duration-ms="2835" status="PASS">
          <params>
            <param index="0">
              <value>
                <![CDATA[Gurugram, Haryana, India]]>
              </value>
            </param>
            <param index="1">
              <value>
                <![CDATA[Gurugram, Haryana, India]]>
              </value>
            </param>
          </params>
          <reporter-output>
          </reporter-output>
        </test-method> <!-- SameInvalidOutstationOneWayCabSearch -->
        <test-method is-config="true" signature="tearDown()[pri:0, instance:com.makeMyTrip.selenium_cabsTests.OutstationOneWay_Validations@dd8ba08]" started-at="2025-06-25T13:05:06 IST" name="tearDown" finished-at="2025-06-25T13:05:06 IST" duration-ms="97" status="PASS">
          <reporter-output>
          </reporter-output>
        </test-method> <!-- tearDown -->
        <test-method is-config="true" signature="CabsButtonClickTest()[pri:0, instance:com.makeMyTrip.selenium_cabsTests.OutstationOneWay_Validations@dd8ba08]" started-at="2025-06-25T13:05:06 IST" name="CabsButtonClickTest" finished-at="2025-06-25T13:05:09 IST" duration-ms="2724" status="PASS">
          <reporter-output>
          </reporter-output>
        </test-method> <!-- CabsButtonClickTest -->
        <test-method signature="SameInvalidOutstationOneWayCabSearch(java.lang.String,java.lang.String)[pri:0, instance:com.makeMyTrip.selenium_cabsTests.OutstationOneWay_Validations@dd8ba08]" started-at="2025-06-25T13:05:09 IST" name="SameInvalidOutstationOneWayCabSearch" data-provider="sameLocations" finished-at="2025-06-25T13:05:12 IST" duration-ms="2844" status="PASS">
          <params>
            <param index="0">
              <value>
                <![CDATA[Guwahati, Assam, India]]>
              </value>
            </param>
            <param index="1">
              <value>
                <![CDATA[Guwahati, Assam, India]]>
              </value>
            </param>
          </params>
          <reporter-output>
          </reporter-output>
        </test-method> <!-- SameInvalidOutstationOneWayCabSearch -->
        <test-method is-config="true" signature="tearDown()[pri:0, instance:com.makeMyTrip.selenium_cabsTests.OutstationOneWay_Validations@dd8ba08]" started-at="2025-06-25T13:05:12 IST" name="tearDown" finished-at="2025-06-25T13:05:12 IST" duration-ms="98" status="PASS">
          <reporter-output>
          </reporter-output>
        </test-method> <!-- tearDown -->
        <test-method is-config="true" signature="CabsButtonClickTest()[pri:0, instance:com.makeMyTrip.selenium_cabsTests.OutstationOneWay_Validations@dd8ba08]" started-at="2025-06-25T13:05:12 IST" name="CabsButtonClickTest" finished-at="2025-06-25T13:05:15 IST" duration-ms="2709" status="PASS">
          <reporter-output>
          </reporter-output>
        </test-method> <!-- CabsButtonClickTest -->
        <test-method signature="SameInvalidOutstationOneWayCabSearch(java.lang.String,java.lang.String)[pri:0, instance:com.makeMyTrip.selenium_cabsTests.OutstationOneWay_Validations@dd8ba08]" started-at="2025-06-25T13:05:15 IST" name="SameInvalidOutstationOneWayCabSearch" data-provider="sameLocations" finished-at="2025-06-25T13:05:17 IST" duration-ms="2311" status="PASS">
          <params>
            <param index="0">
              <value>
                <![CDATA[Ayodhya, Uttar Pradesh, India]]>
              </value>
            </param>
            <param index="1">
              <value>
                <![CDATA[Ayodhya, Uttar Pradesh, India]]>
              </value>
            </param>
          </params>
          <reporter-output>
          </reporter-output>
        </test-method> <!-- SameInvalidOutstationOneWayCabSearch -->
        <test-method is-config="true" signature="tearDown()[pri:0, instance:com.makeMyTrip.selenium_cabsTests.OutstationOneWay_Validations@dd8ba08]" started-at="2025-06-25T13:05:17 IST" name="tearDown" finished-at="2025-06-25T13:05:17 IST" duration-ms="99" status="PASS">
          <reporter-output>
          </reporter-output>
        </test-method> <!-- tearDown -->
        <test-method is-config="true" signature="CabsButtonClickTest()[pri:0, instance:com.makeMyTrip.selenium_cabsTests.OutstationOneWay_Validations@dd8ba08]" started-at="2025-06-25T13:05:17 IST" name="CabsButtonClickTest" finished-at="2025-06-25T13:05:20 IST" duration-ms="2751" status="PASS">
          <reporter-output>
          </reporter-output>
        </test-method> <!-- CabsButtonClickTest -->
        <test-method signature="SameInvalidOutstationOneWayCabSearch(java.lang.String,java.lang.String)[pri:0, instance:com.makeMyTrip.selenium_cabsTests.OutstationOneWay_Validations@dd8ba08]" started-at="2025-06-25T13:05:20 IST" name="SameInvalidOutstationOneWayCabSearch" data-provider="sameLocations" finished-at="2025-06-25T13:05:22 IST" duration-ms="2316" status="PASS">
          <params>
            <param index="0">
              <value>
                <![CDATA[Agra, Uttar Pradesh, India]]>
              </value>
            </param>
            <param index="1">
              <value>
                <![CDATA[Agra, Uttar Pradesh, India]]>
              </value>
            </param>
          </params>
          <reporter-output>
          </reporter-output>
        </test-method> <!-- SameInvalidOutstationOneWayCabSearch -->
        <test-method is-config="true" signature="tearDown()[pri:0, instance:com.makeMyTrip.selenium_cabsTests.OutstationOneWay_Validations@dd8ba08]" started-at="2025-06-25T13:05:22 IST" name="tearDown" finished-at="2025-06-25T13:05:22 IST" duration-ms="98" status="PASS">
          <reporter-output>
          </reporter-output>
        </test-method> <!-- tearDown -->
        <test-method is-config="true" signature="CabsButtonClickTest()[pri:0, instance:com.makeMyTrip.selenium_cabsTests.OutstationOneWay_Validations@dd8ba08]" started-at="2025-06-25T13:05:22 IST" name="CabsButtonClickTest" finished-at="2025-06-25T13:05:25 IST" duration-ms="2695" status="PASS">
          <reporter-output>
          </reporter-output>
        </test-method> <!-- CabsButtonClickTest -->
        <test-method signature="SameInvalidOutstationOneWayCabSearch(java.lang.String,java.lang.String)[pri:0, instance:com.makeMyTrip.selenium_cabsTests.OutstationOneWay_Validations@dd8ba08]" started-at="2025-06-25T13:05:25 IST" name="SameInvalidOutstationOneWayCabSearch" data-provider="sameLocations" finished-at="2025-06-25T13:05:27 IST" duration-ms="2315" status="PASS">
          <params>
            <param index="0">
              <value>
                <![CDATA[Zirakpur, Punjab, India]]>
              </value>
            </param>
            <param index="1">
              <value>
                <![CDATA[Zirakpur, Punjab, India]]>
              </value>
            </param>
          </params>
          <reporter-output>
          </reporter-output>
        </test-method> <!-- SameInvalidOutstationOneWayCabSearch -->
        <test-method is-config="true" signature="tearDown()[pri:0, instance:com.makeMyTrip.selenium_cabsTests.OutstationOneWay_Validations@dd8ba08]" started-at="2025-06-25T13:05:27 IST" name="tearDown" finished-at="2025-06-25T13:05:27 IST" duration-ms="103" status="PASS">
          <reporter-output>
          </reporter-output>
        </test-method> <!-- tearDown -->
        <test-method is-config="true" signature="CabsButtonClickTest()[pri:0, instance:com.makeMyTrip.selenium_cabsTests.OutstationOneWay_Validations@dd8ba08]" started-at="2025-06-25T13:05:27 IST" name="CabsButtonClickTest" finished-at="2025-06-25T13:05:30 IST" duration-ms="2704" status="PASS">
          <reporter-output>
          </reporter-output>
        </test-method> <!-- CabsButtonClickTest -->
        <test-method signature="SameInvalidOutstationOneWayCabSearch(java.lang.String,java.lang.String)[pri:0, instance:com.makeMyTrip.selenium_cabsTests.OutstationOneWay_Validations@dd8ba08]" started-at="2025-06-25T13:05:30 IST" name="SameInvalidOutstationOneWayCabSearch" data-provider="sameLocations" finished-at="2025-06-25T13:05:32 IST" duration-ms="2265" status="PASS">
          <params>
            <param index="0">
              <value>
                <![CDATA[Zira, Punjab, India]]>
              </value>
            </param>
            <param index="1">
              <value>
                <![CDATA[Zira, Punjab, India]]>
              </value>
            </param>
          </params>
          <reporter-output>
          </reporter-output>
        </test-method> <!-- SameInvalidOutstationOneWayCabSearch -->
        <test-method is-config="true" signature="tearDown()[pri:0, instance:com.makeMyTrip.selenium_cabsTests.OutstationOneWay_Validations@dd8ba08]" started-at="2025-06-25T13:05:32 IST" name="tearDown" finished-at="2025-06-25T13:05:33 IST" duration-ms="99" status="PASS">
          <reporter-output>
          </reporter-output>
        </test-method> <!-- tearDown -->
        <test-method is-config="true" signature="CabsButtonClickTest()[pri:0, instance:com.makeMyTrip.selenium_cabsTests.OutstationOneWay_Validations@dd8ba08]" started-at="2025-06-25T13:05:33 IST" name="CabsButtonClickTest" finished-at="2025-06-25T13:05:35 IST" duration-ms="2635" status="PASS">
          <reporter-output>
          </reporter-output>
        </test-method> <!-- CabsButtonClickTest -->
        <test-method signature="SameInvalidOutstationOneWayCabSearch(java.lang.String,java.lang.String)[pri:0, instance:com.makeMyTrip.selenium_cabsTests.OutstationOneWay_Validations@dd8ba08]" started-at="2025-06-25T13:05:35 IST" name="SameInvalidOutstationOneWayCabSearch" data-provider="sameLocations" finished-at="2025-06-25T13:05:37 IST" duration-ms="2286" status="PASS">
          <params>
            <param index="0">
              <value>
                <![CDATA[Mumbai, Maharashtra, India]]>
              </value>
            </param>
            <param index="1">
              <value>
                <![CDATA[Mumbai, Maharashtra, India]]>
              </value>
            </param>
          </params>
          <reporter-output>
          </reporter-output>
        </test-method> <!-- SameInvalidOutstationOneWayCabSearch -->
        <test-method is-config="true" signature="tearDown()[pri:0, instance:com.makeMyTrip.selenium_cabsTests.OutstationOneWay_Validations@dd8ba08]" started-at="2025-06-25T13:05:37 IST" name="tearDown" finished-at="2025-06-25T13:05:38 IST" duration-ms="102" status="PASS">
          <reporter-output>
          </reporter-output>
        </test-method> <!-- tearDown -->
        <test-method is-config="true" signature="CabsButtonClickTest()[pri:0, instance:com.makeMyTrip.selenium_cabsTests.OutstationOneWay_Validations@dd8ba08]" started-at="2025-06-25T13:05:38 IST" name="CabsButtonClickTest" finished-at="2025-06-25T13:05:40 IST" duration-ms="2720" status="PASS">
          <reporter-output>
          </reporter-output>
        </test-method> <!-- CabsButtonClickTest -->
        <test-method signature="SameInvalidOutstationOneWayCabSearch(java.lang.String,java.lang.String)[pri:0, instance:com.makeMyTrip.selenium_cabsTests.OutstationOneWay_Validations@dd8ba08]" started-at="2025-06-25T13:05:40 IST" name="SameInvalidOutstationOneWayCabSearch" data-provider="sameLocations" finished-at="2025-06-25T13:05:43 IST" duration-ms="2285" status="PASS">
          <params>
            <param index="0">
              <value>
                <![CDATA[Madurai, Tamil Nadu, India]]>
              </value>
            </param>
            <param index="1">
              <value>
                <![CDATA[Madurai, Tamil Nadu, India]]>
              </value>
            </param>
          </params>
          <reporter-output>
          </reporter-output>
        </test-method> <!-- SameInvalidOutstationOneWayCabSearch -->
        <test-method is-config="true" signature="tearDown()[pri:0, instance:com.makeMyTrip.selenium_cabsTests.OutstationOneWay_Validations@dd8ba08]" started-at="2025-06-25T13:05:43 IST" name="tearDown" finished-at="2025-06-25T13:05:43 IST" duration-ms="98" status="PASS">
          <reporter-output>
          </reporter-output>
        </test-method> <!-- tearDown -->
        <test-method is-config="true" signature="CabsButtonClickTest()[pri:0, instance:com.makeMyTrip.selenium_cabsTests.OutstationOneWay_Validations@dd8ba08]" started-at="2025-06-25T13:05:43 IST" name="CabsButtonClickTest" finished-at="2025-06-25T13:05:45 IST" duration-ms="2606" status="PASS">
          <reporter-output>
          </reporter-output>
        </test-method> <!-- CabsButtonClickTest -->
        <test-method signature="SameInvalidOutstationOneWayCabSearch(java.lang.String,java.lang.String)[pri:0, instance:com.makeMyTrip.selenium_cabsTests.OutstationOneWay_Validations@dd8ba08]" started-at="2025-06-25T13:05:45 IST" name="SameInvalidOutstationOneWayCabSearch" data-provider="sameLocations" finished-at="2025-06-25T13:05:48 IST" duration-ms="2333" status="PASS">
          <params>
            <param index="0">
              <value>
                <![CDATA[Mangalore International Airport]]>
              </value>
            </param>
            <param index="1">
              <value>
                <![CDATA[Mangalore International Airport]]>
              </value>
            </param>
          </params>
          <reporter-output>
          </reporter-output>
        </test-method> <!-- SameInvalidOutstationOneWayCabSearch -->
        <test-method is-config="true" signature="tearDown()[pri:0, instance:com.makeMyTrip.selenium_cabsTests.OutstationOneWay_Validations@dd8ba08]" started-at="2025-06-25T13:05:48 IST" name="tearDown" finished-at="2025-06-25T13:05:48 IST" duration-ms="99" status="PASS">
          <reporter-output>
          </reporter-output>
        </test-method> <!-- tearDown -->
        <test-method is-config="true" signature="CabsButtonClickTest()[pri:0, instance:com.makeMyTrip.selenium_cabsTests.OutstationOneWay_Validations@dd8ba08]" started-at="2025-06-25T13:05:48 IST" name="CabsButtonClickTest" finished-at="2025-06-25T13:05:50 IST" duration-ms="2641" status="PASS">
          <reporter-output>
          </reporter-output>
        </test-method> <!-- CabsButtonClickTest -->
        <test-method signature="SameInvalidOutstationOneWayCabSearch(java.lang.String,java.lang.String)[pri:0, instance:com.makeMyTrip.selenium_cabsTests.OutstationOneWay_Validations@dd8ba08]" started-at="2025-06-25T13:05:50 IST" name="SameInvalidOutstationOneWayCabSearch" data-provider="sameLocations" finished-at="2025-06-25T13:05:54 IST" duration-ms="3336" status="PASS">
          <params>
            <param index="0">
              <value>
                <![CDATA[Surat, Gujarat, India]]>
              </value>
            </param>
            <param index="1">
              <value>
                <![CDATA[Surat, Gujarat, India]]>
              </value>
            </param>
          </params>
          <reporter-output>
          </reporter-output>
        </test-method> <!-- SameInvalidOutstationOneWayCabSearch -->
        <test-method is-config="true" signature="tearDown()[pri:0, instance:com.makeMyTrip.selenium_cabsTests.OutstationOneWay_Validations@dd8ba08]" started-at="2025-06-25T13:05:54 IST" name="tearDown" finished-at="2025-06-25T13:05:54 IST" duration-ms="102" status="PASS">
          <reporter-output>
          </reporter-output>
        </test-method> <!-- tearDown -->
        <test-method is-config="true" signature="CabsButtonClickTest()[pri:0, instance:com.makeMyTrip.selenium_cabsTests.OutstationOneWay_Validations@dd8ba08]" started-at="2025-06-25T13:05:54 IST" name="CabsButtonClickTest" finished-at="2025-06-25T13:05:56 IST" duration-ms="2569" status="PASS">
          <reporter-output>
          </reporter-output>
        </test-method> <!-- CabsButtonClickTest -->
        <test-method signature="SameInvalidOutstationOneWayCabSearch(java.lang.String,java.lang.String)[pri:0, instance:com.makeMyTrip.selenium_cabsTests.OutstationOneWay_Validations@dd8ba08]" started-at="2025-06-25T13:05:56 IST" name="SameInvalidOutstationOneWayCabSearch" data-provider="sameLocations" finished-at="2025-06-25T13:05:59 IST" duration-ms="2783" status="PASS">
          <params>
            <param index="0">
              <value>
                <![CDATA[Shimla, Himachal Pradesh, India]]>
              </value>
            </param>
            <param index="1">
              <value>
                <![CDATA[Shimla, Himachal Pradesh, India]]>
              </value>
            </param>
          </params>
          <reporter-output>
          </reporter-output>
        </test-method> <!-- SameInvalidOutstationOneWayCabSearch -->
        <test-method is-config="true" signature="tearDown()[pri:0, instance:com.makeMyTrip.selenium_cabsTests.OutstationOneWay_Validations@dd8ba08]" started-at="2025-06-25T13:05:59 IST" name="tearDown" finished-at="2025-06-25T13:05:59 IST" duration-ms="95" status="PASS">
          <reporter-output>
          </reporter-output>
        </test-method> <!-- tearDown -->
        <test-method is-config="true" signature="CabsButtonClickTest()[pri:0, instance:com.makeMyTrip.selenium_cabsTests.OutstationOneWay_Validations@dd8ba08]" started-at="2025-06-25T13:05:59 IST" name="CabsButtonClickTest" finished-at="2025-06-25T13:06:02 IST" duration-ms="2691" status="PASS">
          <reporter-output>
          </reporter-output>
        </test-method> <!-- CabsButtonClickTest -->
        <test-method signature="SameInvalidOutstationOneWayCabSearch(java.lang.String,java.lang.String)[pri:0, instance:com.makeMyTrip.selenium_cabsTests.OutstationOneWay_Validations@dd8ba08]" started-at="2025-06-25T13:06:02 IST" name="SameInvalidOutstationOneWayCabSearch" data-provider="sameLocations" finished-at="2025-06-25T13:06:04 IST" duration-ms="2309" status="PASS">
          <params>
            <param index="0">
              <value>
                <![CDATA[Shirdi Airport]]>
              </value>
            </param>
            <param index="1">
              <value>
                <![CDATA[Shirdi Airport]]>
              </value>
            </param>
          </params>
          <reporter-output>
          </reporter-output>
        </test-method> <!-- SameInvalidOutstationOneWayCabSearch -->
        <test-method is-config="true" signature="tearDown()[pri:0, instance:com.makeMyTrip.selenium_cabsTests.OutstationOneWay_Validations@dd8ba08]" started-at="2025-06-25T13:06:04 IST" name="tearDown" finished-at="2025-06-25T13:06:04 IST" duration-ms="103" status="PASS">
          <reporter-output>
          </reporter-output>
        </test-method> <!-- tearDown -->
        <test-method is-config="true" signature="CabsButtonClickTest()[pri:0, instance:com.makeMyTrip.selenium_cabsTests.OutstationOneWay_Validations@dd8ba08]" started-at="2025-06-25T13:06:04 IST" name="CabsButtonClickTest" finished-at="2025-06-25T13:06:07 IST" duration-ms="2712" status="PASS">
          <reporter-output>
          </reporter-output>
        </test-method> <!-- CabsButtonClickTest -->
        <test-method signature="SameInvalidOutstationOneWayCabSearch(java.lang.String,java.lang.String)[pri:0, instance:com.makeMyTrip.selenium_cabsTests.OutstationOneWay_Validations@dd8ba08]" started-at="2025-06-25T13:06:07 IST" name="SameInvalidOutstationOneWayCabSearch" data-provider="sameLocations" finished-at="2025-06-25T13:06:09 IST" duration-ms="2322" status="PASS">
          <params>
            <param index="0">
              <value>
                <![CDATA[Aurangabad Airport]]>
              </value>
            </param>
            <param index="1">
              <value>
                <![CDATA[Aurangabad Airport]]>
              </value>
            </param>
          </params>
          <reporter-output>
          </reporter-output>
        </test-method> <!-- SameInvalidOutstationOneWayCabSearch -->
        <test-method is-config="true" signature="tearDown()[pri:0, instance:com.makeMyTrip.selenium_cabsTests.OutstationOneWay_Validations@dd8ba08]" started-at="2025-06-25T13:06:09 IST" name="tearDown" finished-at="2025-06-25T13:06:09 IST" duration-ms="101" status="PASS">
          <reporter-output>
          </reporter-output>
        </test-method> <!-- tearDown -->
        <test-method is-config="true" signature="CabsButtonClickTest()[pri:0, instance:com.makeMyTrip.selenium_cabsTests.OutstationOneWay_Validations@dd8ba08]" started-at="2025-06-25T13:06:09 IST" name="CabsButtonClickTest" finished-at="2025-06-25T13:06:12 IST" duration-ms="2813" status="PASS">
          <reporter-output>
          </reporter-output>
        </test-method> <!-- CabsButtonClickTest -->
        <test-method signature="SameInvalidOutstationOneWayCabSearch(java.lang.String,java.lang.String)[pri:0, instance:com.makeMyTrip.selenium_cabsTests.OutstationOneWay_Validations@dd8ba08]" started-at="2025-06-25T13:06:12 IST" name="SameInvalidOutstationOneWayCabSearch" data-provider="sameLocations" finished-at="2025-06-25T13:06:15 IST" duration-ms="2249" status="PASS">
          <params>
            <param index="0">
              <value>
                <![CDATA[Hubli Airport]]>
              </value>
            </param>
            <param index="1">
              <value>
                <![CDATA[Hubli Airport]]>
              </value>
            </param>
          </params>
          <reporter-output>
          </reporter-output>
        </test-method> <!-- SameInvalidOutstationOneWayCabSearch -->
        <test-method is-config="true" signature="tearDown()[pri:0, instance:com.makeMyTrip.selenium_cabsTests.OutstationOneWay_Validations@dd8ba08]" started-at="2025-06-25T13:06:15 IST" name="tearDown" finished-at="2025-06-25T13:06:15 IST" duration-ms="97" status="PASS">
          <reporter-output>
          </reporter-output>
        </test-method> <!-- tearDown -->
        <test-method is-config="true" signature="CabsButtonClickTest()[pri:0, instance:com.makeMyTrip.selenium_cabsTests.OutstationOneWay_Validations@dd8ba08]" started-at="2025-06-25T13:06:15 IST" name="CabsButtonClickTest" finished-at="2025-06-25T13:06:17 IST" duration-ms="2495" status="PASS">
          <reporter-output>
          </reporter-output>
        </test-method> <!-- CabsButtonClickTest -->
        <test-method signature="SameInvalidOutstationOneWayCabSearch(java.lang.String,java.lang.String)[pri:0, instance:com.makeMyTrip.selenium_cabsTests.OutstationOneWay_Validations@dd8ba08]" started-at="2025-06-25T13:06:17 IST" name="SameInvalidOutstationOneWayCabSearch" data-provider="sameLocations" finished-at="2025-06-25T13:06:48 IST" duration-ms="31014" status="FAIL">
          <params>
            <param index="0">
              <value>
                <![CDATA[Rajiv Gandhi International Airport, Hyderabad]]>
              </value>
            </param>
            <param index="1">
              <value>
                <![CDATA[Rajiv Gandhi International Airport, Hyderabad]]>
              </value>
            </param>
          </params>
          <exception class="org.openqa.selenium.TimeoutException">
            <message>
              <![CDATA[Expected condition failed: waiting for visibility of element located by By.xpath: //div[@class='autoSuggestPlugin hsw_autocomplePopup']//following::span[text()='Rajiv Gandhi International Airport, Hyderabad'] (tried for 30 second(s) with 500 milliseconds interval)
Build info: version: '4.31.0', revision: '1ef9f18787*'
System info: os.name: 'Mac OS X', os.arch: 'aarch64', os.version: '14.6.1', java.version: '17.0.11'
Driver info: org.openqa.selenium.chrome.ChromeDriver
Capabilities {acceptInsecureCerts: false, browserName: chrome, browserVersion: 137.0.7151.120, chrome: {chromedriverVersion: 137.0.7151.119 (e0ac9d12dff..., userDataDir: /var/folders/zf/jt1v52f10ts...}, fedcm:accounts: true, goog:chromeOptions: {debuggerAddress: localhost:63336}, networkConnectionEnabled: false, pageLoadStrategy: normal, platformName: mac, proxy: Proxy(), se:cdp: ws://localhost:63336/devtoo..., se:cdpVersion: 137.0.7151.120, setWindowRect: true, strictFileInteractability: false, timeouts: {implicit: 0, pageLoad: 300000, script: 30000}, unhandledPromptBehavior: dismiss and notify, webauthn:extension:credBlob: true, webauthn:extension:largeBlob: true, webauthn:extension:minPinLength: true, webauthn:extension:prf: true, webauthn:virtualAuthenticators: true}
Session ID: 674705e93d1c86a772c236910234de0c]]>
            </message>
            <full-stacktrace>
              <![CDATA[org.openqa.selenium.TimeoutException: Expected condition failed: waiting for visibility of element located by By.xpath: //div[@class='autoSuggestPlugin hsw_autocomplePopup']//following::span[text()='Rajiv Gandhi International Airport, Hyderabad'] (tried for 30 second(s) with 500 milliseconds interval)
Build info: version: '4.31.0', revision: '1ef9f18787*'
System info: os.name: 'Mac OS X', os.arch: 'aarch64', os.version: '14.6.1', java.version: '17.0.11'
Driver info: org.openqa.selenium.chrome.ChromeDriver
Capabilities {acceptInsecureCerts: false, browserName: chrome, browserVersion: 137.0.7151.120, chrome: {chromedriverVersion: 137.0.7151.119 (e0ac9d12dff..., userDataDir: /var/folders/zf/jt1v52f10ts...}, fedcm:accounts: true, goog:chromeOptions: {debuggerAddress: localhost:63336}, networkConnectionEnabled: false, pageLoadStrategy: normal, platformName: mac, proxy: Proxy(), se:cdp: ws://localhost:63336/devtoo..., se:cdpVersion: 137.0.7151.120, setWindowRect: true, strictFileInteractability: false, timeouts: {implicit: 0, pageLoad: 300000, script: 30000}, unhandledPromptBehavior: dismiss and notify, webauthn:extension:credBlob: true, webauthn:extension:largeBlob: true, webauthn:extension:minPinLength: true, webauthn:extension:prf: true, webauthn:virtualAuthenticators: true}
Session ID: 674705e93d1c86a772c236910234de0c
at org.openqa.selenium.support.ui.WebDriverWait.timeoutException(WebDriverWait.java:84)
at org.openqa.selenium.support.ui.FluentWait.until(FluentWait.java:228)
at com.makeMyTrip.selenium_cabsTests.OutstationOneWay_Validations.SameInvalidOutstationOneWayCabSearch(OutstationOneWay_Validations.java:185)
at java.base/jdk.internal.reflect.NativeMethodAccessorImpl.invoke0(Native Method)
at java.base/jdk.internal.reflect.NativeMethodAccessorImpl.invoke(NativeMethodAccessorImpl.java:77)
at java.base/jdk.internal.reflect.DelegatingMethodAccessorImpl.invoke(DelegatingMethodAccessorImpl.java:43)
at java.base/java.lang.reflect.Method.invoke(Method.java:568)
at org.testng.internal.invokers.MethodInvocationHelper.invokeMethod(MethodInvocationHelper.java:141)
at org.testng.internal.invokers.TestInvoker.invokeMethod(TestInvoker.java:686)
at org.testng.internal.invokers.TestInvoker.invokeTestMethod(TestInvoker.java:230)
at org.testng.internal.invokers.MethodRunner.runInSequence(MethodRunner.java:63)
at org.testng.internal.invokers.TestInvoker$MethodInvocationAgent.invoke(TestInvoker.java:992)
at org.testng.internal.invokers.TestInvoker.invokeTestMethods(TestInvoker.java:203)
at org.testng.internal.invokers.TestMethodWorker.invokeTestMethods(TestMethodWorker.java:154)
at org.testng.internal.invokers.TestMethodWorker.run(TestMethodWorker.java:134)
at java.base/java.util.ArrayList.forEach(ArrayList.java:1511)
at org.testng.TestRunner.privateRun(TestRunner.java:739)
at org.testng.TestRunner.run(TestRunner.java:614)
at org.testng.SuiteRunner.runTest(SuiteRunner.java:421)
at org.testng.SuiteRunner.runSequentially(SuiteRunner.java:413)
at org.testng.SuiteRunner.privateRun(SuiteRunner.java:373)
at org.testng.SuiteRunner.run(SuiteRunner.java:312)
at org.testng.SuiteRunnerWorker.runSuite(SuiteRunnerWorker.java:52)
at org.testng.SuiteRunnerWorker.run(SuiteRunnerWorker.java:95)
at org.testng.TestNG.runSuitesSequentially(TestNG.java:1274)
at org.testng.TestNG.runSuitesLocally(TestNG.java:1208)
at org.testng.TestNG.runSuites(TestNG.java:1112)
at org.testng.TestNG.run(TestNG.java:1079)
at org.testng.remote.AbstractRemoteTestNG.run(AbstractRemoteTestNG.java:115)
at org.testng.remote.RemoteTestNG.initAndRun(RemoteTestNG.java:293)
at org.testng.remote.RemoteTestNG.main(RemoteTestNG.java:91)
]]>
            </full-stacktrace>
          </exception> <!-- org.openqa.selenium.TimeoutException -->
          <reporter-output>
          </reporter-output>
        </test-method> <!-- SameInvalidOutstationOneWayCabSearch -->
        <test-method is-config="true" signature="tearDown()[pri:0, instance:com.makeMyTrip.selenium_cabsTests.OutstationOneWay_Validations@dd8ba08]" started-at="2025-06-25T13:06:48 IST" name="tearDown" finished-at="2025-06-25T13:06:48 IST" duration-ms="110" status="PASS">
          <reporter-output>
          </reporter-output>
        </test-method> <!-- tearDown -->
        <test-method is-config="true" signature="CabsButtonClickTest()[pri:0, instance:com.makeMyTrip.selenium_cabsTests.OutstationOneWay_Validations@dd8ba08]" started-at="2025-06-25T13:06:48 IST" name="CabsButtonClickTest" finished-at="2025-06-25T13:06:51 IST" duration-ms="2663" status="PASS">
          <reporter-output>
          </reporter-output>
        </test-method> <!-- CabsButtonClickTest -->
        <test-method signature="defaultDepartureDate()[pri:0, instance:com.makeMyTrip.selenium_cabsTests.OutstationOneWay_Validations@dd8ba08]" started-at="2025-06-25T13:06:51 IST" name="defaultDepartureDate" finished-at="2025-06-25T13:06:51 IST" duration-ms="51" status="PASS">
          <reporter-output>
          </reporter-output>
        </test-method> <!-- defaultDepartureDate -->
        <test-method is-config="true" signature="tearDown()[pri:0, instance:com.makeMyTrip.selenium_cabsTests.OutstationOneWay_Validations@dd8ba08]" started-at="2025-06-25T13:06:51 IST" name="tearDown" finished-at="2025-06-25T13:06:51 IST" duration-ms="93" status="PASS">
          <reporter-output>
          </reporter-output>
        </test-method> <!-- tearDown -->
        <test-method is-config="true" signature="CabsButtonClickTest()[pri:0, instance:com.makeMyTrip.selenium_cabsTests.OutstationOneWay_Validations@dd8ba08]" started-at="2025-06-25T13:06:51 IST" name="CabsButtonClickTest" finished-at="2025-06-25T13:06:54 IST" duration-ms="2669" status="PASS">
          <reporter-output>
          </reporter-output>
        </test-method> <!-- CabsButtonClickTest -->
        <test-method signature="messageOnReturnDate()[pri:0, instance:com.makeMyTrip.selenium_cabsTests.OutstationOneWay_Validations@dd8ba08]" started-at="2025-06-25T13:06:54 IST" name="messageOnReturnDate" finished-at="2025-06-25T13:06:54 IST" duration-ms="77" status="PASS">
          <reporter-output>
          </reporter-output>
        </test-method> <!-- messageOnReturnDate -->
        <test-method is-config="true" signature="tearDown()[pri:0, instance:com.makeMyTrip.selenium_cabsTests.OutstationOneWay_Validations@dd8ba08]" started-at="2025-06-25T13:06:54 IST" name="tearDown" finished-at="2025-06-25T13:06:54 IST" duration-ms="98" status="PASS">
          <reporter-output>
          </reporter-output>
        </test-method> <!-- tearDown -->
        <test-method is-config="true" signature="CabsButtonClickTest()[pri:0, instance:com.makeMyTrip.selenium_cabsTests.OutstationOneWay_Validations@dd8ba08]" started-at="2025-06-25T13:06:54 IST" name="CabsButtonClickTest" finished-at="2025-06-25T13:06:57 IST" duration-ms="2660" status="PASS">
          <reporter-output>
          </reporter-output>
        </test-method> <!-- CabsButtonClickTest -->
        <test-method signature="sameFromAndToCityErrorMsgValidation()[pri:0, instance:com.makeMyTrip.selenium_cabsTests.OutstationOneWay_Validations@dd8ba08]" started-at="2025-06-25T13:06:57 IST" name="sameFromAndToCityErrorMsgValidation" finished-at="2025-06-25T13:06:58 IST" duration-ms="1892" status="PASS">
          <reporter-output>
          </reporter-output>
        </test-method> <!-- sameFromAndToCityErrorMsgValidation -->
        <test-method is-config="true" signature="tearDown()[pri:0, instance:com.makeMyTrip.selenium_cabsTests.OutstationOneWay_Validations@dd8ba08]" started-at="2025-06-25T13:06:58 IST" name="tearDown" finished-at="2025-06-25T13:06:59 IST" duration-ms="104" status="PASS">
          <reporter-output>
          </reporter-output>
        </test-method> <!-- tearDown -->
        <test-method is-config="true" signature="CabsButtonClickTest()[pri:0, instance:com.makeMyTrip.selenium_cabsTests.OutstationOneWay_Validations@dd8ba08]" started-at="2025-06-25T13:06:59 IST" name="CabsButtonClickTest" finished-at="2025-06-25T13:07:01 IST" duration-ms="2520" status="PASS">
          <reporter-output>
          </reporter-output>
        </test-method> <!-- CabsButtonClickTest -->
        <test-method signature="validOutstationOneWayCabSearch(java.lang.String,java.lang.String)[pri:0, instance:com.makeMyTrip.selenium_cabsTests.OutstationOneWay_Validations@dd8ba08]" started-at="2025-06-25T13:07:01 IST" name="validOutstationOneWayCabSearch" data-provider="validLocations" finished-at="2025-06-25T13:07:05 IST" duration-ms="3552" status="PASS">
          <params>
            <param index="0">
              <value>
                <![CDATA[Chennai]]>
              </value>
            </param>
            <param index="1">
              <value>
                <![CDATA[Vadodara]]>
              </value>
            </param>
          </params>
          <reporter-output>
          </reporter-output>
        </test-method> <!-- validOutstationOneWayCabSearch -->
        <test-method is-config="true" signature="tearDown()[pri:0, instance:com.makeMyTrip.selenium_cabsTests.OutstationOneWay_Validations@dd8ba08]" started-at="2025-06-25T13:07:05 IST" name="tearDown" finished-at="2025-06-25T13:07:05 IST" duration-ms="113" status="PASS">
          <reporter-output>
          </reporter-output>
        </test-method> <!-- tearDown -->
        <test-method is-config="true" signature="CabsButtonClickTest()[pri:0, instance:com.makeMyTrip.selenium_cabsTests.OutstationOneWay_Validations@dd8ba08]" started-at="2025-06-25T13:07:05 IST" name="CabsButtonClickTest" finished-at="2025-06-25T13:07:08 IST" duration-ms="2945" status="PASS">
          <reporter-output>
          </reporter-output>
        </test-method> <!-- CabsButtonClickTest -->
        <test-method signature="validOutstationOneWayCabSearch(java.lang.String,java.lang.String)[pri:0, instance:com.makeMyTrip.selenium_cabsTests.OutstationOneWay_Validations@dd8ba08]" started-at="2025-06-25T13:07:08 IST" name="validOutstationOneWayCabSearch" data-provider="validLocations" finished-at="2025-06-25T13:07:11 IST" duration-ms="3475" status="PASS">
          <params>
            <param index="0">
              <value>
                <![CDATA[Surat]]>
              </value>
            </param>
            <param index="1">
              <value>
                <![CDATA[Zira]]>
              </value>
            </param>
          </params>
          <reporter-output>
          </reporter-output>
        </test-method> <!-- validOutstationOneWayCabSearch -->
        <test-method is-config="true" signature="tearDown()[pri:0, instance:com.makeMyTrip.selenium_cabsTests.OutstationOneWay_Validations@dd8ba08]" started-at="2025-06-25T13:07:11 IST" name="tearDown" finished-at="2025-06-25T13:07:11 IST" duration-ms="104" status="PASS">
          <reporter-output>
          </reporter-output>
        </test-method> <!-- tearDown -->
        <test-method is-config="true" signature="CabsButtonClickTest()[pri:0, instance:com.makeMyTrip.selenium_cabsTests.OutstationOneWay_Validations@dd8ba08]" started-at="2025-06-25T13:07:11 IST" name="CabsButtonClickTest" finished-at="2025-06-25T13:07:14 IST" duration-ms="2524" status="PASS">
          <reporter-output>
          </reporter-output>
        </test-method> <!-- CabsButtonClickTest -->
        <test-method signature="validOutstationOneWayCabSearch(java.lang.String,java.lang.String)[pri:0, instance:com.makeMyTrip.selenium_cabsTests.OutstationOneWay_Validations@dd8ba08]" started-at="2025-06-25T13:07:14 IST" name="validOutstationOneWayCabSearch" data-provider="validLocations" finished-at="2025-06-25T13:07:18 IST" duration-ms="4494" status="PASS">
          <params>
            <param index="0">
              <value>
                <![CDATA[Gorakhpur]]>
              </value>
            </param>
            <param index="1">
              <value>
                <![CDATA[Ahmednagar]]>
              </value>
            </param>
          </params>
          <reporter-output>
          </reporter-output>
        </test-method> <!-- validOutstationOneWayCabSearch -->
        <test-method is-config="true" signature="tearDown()[pri:0, instance:com.makeMyTrip.selenium_cabsTests.OutstationOneWay_Validations@dd8ba08]" started-at="2025-06-25T13:07:18 IST" name="tearDown" finished-at="2025-06-25T13:07:18 IST" duration-ms="102" status="PASS">
          <reporter-output>
          </reporter-output>
        </test-method> <!-- tearDown -->
        <test-method is-config="true" signature="CabsButtonClickTest()[pri:0, instance:com.makeMyTrip.selenium_cabsTests.OutstationOneWay_Validations@dd8ba08]" started-at="2025-06-25T13:07:18 IST" name="CabsButtonClickTest" finished-at="2025-06-25T13:07:21 IST" duration-ms="2615" status="PASS">
          <reporter-output>
          </reporter-output>
        </test-method> <!-- CabsButtonClickTest -->
        <test-method signature="validOutstationOneWayCabSearch(java.lang.String,java.lang.String)[pri:0, instance:com.makeMyTrip.selenium_cabsTests.OutstationOneWay_Validations@dd8ba08]" started-at="2025-06-25T13:07:21 IST" name="validOutstationOneWayCabSearch" data-provider="validLocations" finished-at="2025-06-25T13:07:25 IST" duration-ms="4380" status="PASS">
          <params>
            <param index="0">
              <value>
                <![CDATA[Gurugram]]>
              </value>
            </param>
            <param index="1">
              <value>
                <![CDATA[Hubli]]>
              </value>
            </param>
          </params>
          <reporter-output>
          </reporter-output>
        </test-method> <!-- validOutstationOneWayCabSearch -->
        <test-method is-config="true" signature="tearDown()[pri:0, instance:com.makeMyTrip.selenium_cabsTests.OutstationOneWay_Validations@dd8ba08]" started-at="2025-06-25T13:07:25 IST" name="tearDown" finished-at="2025-06-25T13:07:26 IST" duration-ms="108" status="PASS">
          <reporter-output>
          </reporter-output>
        </test-method> <!-- tearDown -->
        <test-method is-config="true" signature="CabsButtonClickTest()[pri:0, instance:com.makeMyTrip.selenium_cabsTests.OutstationOneWay_Validations@dd8ba08]" started-at="2025-06-25T13:07:26 IST" name="CabsButtonClickTest" finished-at="2025-06-25T13:07:28 IST" duration-ms="2567" status="PASS">
          <reporter-output>
          </reporter-output>
        </test-method> <!-- CabsButtonClickTest -->
        <test-method signature="validOutstationOneWayCabSearch(java.lang.String,java.lang.String)[pri:0, instance:com.makeMyTrip.selenium_cabsTests.OutstationOneWay_Validations@dd8ba08]" started-at="2025-06-25T13:07:28 IST" name="validOutstationOneWayCabSearch" data-provider="validLocations" finished-at="2025-06-25T13:07:32 IST" duration-ms="4335" status="PASS">
          <params>
            <param index="0">
              <value>
                <![CDATA[Guwahati]]>
              </value>
            </param>
            <param index="1">
              <value>
                <![CDATA[Chennai]]>
              </value>
            </param>
          </params>
          <reporter-output>
          </reporter-output>
        </test-method> <!-- validOutstationOneWayCabSearch -->
        <test-method is-config="true" signature="tearDown()[pri:0, instance:com.makeMyTrip.selenium_cabsTests.OutstationOneWay_Validations@dd8ba08]" started-at="2025-06-25T13:07:32 IST" name="tearDown" finished-at="2025-06-25T13:07:33 IST" duration-ms="105" status="PASS">
          <reporter-output>
          </reporter-output>
        </test-method> <!-- tearDown -->
        <test-method is-config="true" signature="CabsButtonClickTest()[pri:0, instance:com.makeMyTrip.selenium_cabsTests.OutstationOneWay_Validations@dd8ba08]" started-at="2025-06-25T13:07:33 IST" name="CabsButtonClickTest" finished-at="2025-06-25T13:07:35 IST" duration-ms="2565" status="PASS">
          <reporter-output>
          </reporter-output>
        </test-method> <!-- CabsButtonClickTest -->
        <test-method signature="validOutstationOneWayCabSearch(java.lang.String,java.lang.String)[pri:0, instance:com.makeMyTrip.selenium_cabsTests.OutstationOneWay_Validations@dd8ba08]" started-at="2025-06-25T13:07:35 IST" name="validOutstationOneWayCabSearch" data-provider="validLocations" finished-at="2025-06-25T13:07:37 IST" duration-ms="1773" status="FAIL">
          <params>
            <param index="0">
              <value>
                <![CDATA[Shirdi]]>
              </value>
            </param>
            <param index="1">
              <value>
                <![CDATA[Chennai]]>
              </value>
            </param>
          </params>
          <exception class="org.openqa.selenium.ElementClickInterceptedException">
            <message>
              <![CDATA[element click intercepted: Element is not clickable at point (297, 1144)
  (Session info: chrome=137.0.7151.120)
Build info: version: '4.31.0', revision: '1ef9f18787*'
System info: os.name: 'Mac OS X', os.arch: 'aarch64', os.version: '14.6.1', java.version: '17.0.11'
Driver info: org.openqa.selenium.chrome.ChromeDriver
Command: [4041a62185ceded8ab839fcfbb18629f, clickElement {id=f.A64438D806B993EED8A9F40CE4856AF7.d.2B9648BAD6FB96C89407D48C624CB2F0.e.133}]
Capabilities {acceptInsecureCerts: false, browserName: chrome, browserVersion: 137.0.7151.120, chrome: {chromedriverVersion: 137.0.7151.119 (e0ac9d12dff..., userDataDir: /var/folders/zf/jt1v52f10ts...}, fedcm:accounts: true, goog:chromeOptions: {debuggerAddress: localhost:63731}, networkConnectionEnabled: false, pageLoadStrategy: normal, platformName: mac, proxy: Proxy(), se:cdp: ws://localhost:63731/devtoo..., se:cdpVersion: 137.0.7151.120, setWindowRect: true, strictFileInteractability: false, timeouts: {implicit: 0, pageLoad: 300000, script: 30000}, unhandledPromptBehavior: dismiss and notify, webauthn:extension:credBlob: true, webauthn:extension:largeBlob: true, webauthn:extension:minPinLength: true, webauthn:extension:prf: true, webauthn:virtualAuthenticators: true}
Element: [[ChromeDriver: chrome on mac (4041a62185ceded8ab839fcfbb18629f)] -> xpath: //div[@class='autoSuggestPlugin hsw_autocomplePopup']//following::span[contains(text(),'Shirdi')]]
Session ID: 4041a62185ceded8ab839fcfbb18629f]]>
            </message>
            <full-stacktrace>
              <![CDATA[org.openqa.selenium.ElementClickInterceptedException: element click intercepted: Element is not clickable at point (297, 1144)
  (Session info: chrome=137.0.7151.120)
Build info: version: '4.31.0', revision: '1ef9f18787*'
System info: os.name: 'Mac OS X', os.arch: 'aarch64', os.version: '14.6.1', java.version: '17.0.11'
Driver info: org.openqa.selenium.chrome.ChromeDriver
Command: [4041a62185ceded8ab839fcfbb18629f, clickElement {id=f.A64438D806B993EED8A9F40CE4856AF7.d.2B9648BAD6FB96C89407D48C624CB2F0.e.133}]
Capabilities {acceptInsecureCerts: false, browserName: chrome, browserVersion: 137.0.7151.120, chrome: {chromedriverVersion: 137.0.7151.119 (e0ac9d12dff..., userDataDir: /var/folders/zf/jt1v52f10ts...}, fedcm:accounts: true, goog:chromeOptions: {debuggerAddress: localhost:63731}, networkConnectionEnabled: false, pageLoadStrategy: normal, platformName: mac, proxy: Proxy(), se:cdp: ws://localhost:63731/devtoo..., se:cdpVersion: 137.0.7151.120, setWindowRect: true, strictFileInteractability: false, timeouts: {implicit: 0, pageLoad: 300000, script: 30000}, unhandledPromptBehavior: dismiss and notify, webauthn:extension:credBlob: true, webauthn:extension:largeBlob: true, webauthn:extension:minPinLength: true, webauthn:extension:prf: true, webauthn:virtualAuthenticators: true}
Element: [[ChromeDriver: chrome on mac (4041a62185ceded8ab839fcfbb18629f)] -> xpath: //div[@class='autoSuggestPlugin hsw_autocomplePopup']//following::span[contains(text(),'Shirdi')]]
Session ID: 4041a62185ceded8ab839fcfbb18629f
at java.base/jdk.internal.reflect.NativeConstructorAccessorImpl.newInstance0(Native Method)
at java.base/jdk.internal.reflect.NativeConstructorAccessorImpl.newInstance(NativeConstructorAccessorImpl.java:77)
at java.base/jdk.internal.reflect.DelegatingConstructorAccessorImpl.newInstance(DelegatingConstructorAccessorImpl.java:45)
at java.base/java.lang.reflect.Constructor.newInstanceWithCaller(Constructor.java:499)
at java.base/java.lang.reflect.Constructor.newInstance(Constructor.java:480)
at org.openqa.selenium.remote.ErrorCodec.decode(ErrorCodec.java:167)
at org.openqa.selenium.remote.codec.w3c.W3CHttpResponseCodec.decode(W3CHttpResponseCodec.java:138)
at org.openqa.selenium.remote.codec.w3c.W3CHttpResponseCodec.decode(W3CHttpResponseCodec.java:50)
at org.openqa.selenium.remote.HttpCommandExecutor.execute(HttpCommandExecutor.java:215)
at org.openqa.selenium.remote.service.DriverCommandExecutor.invokeExecute(DriverCommandExecutor.java:216)
at org.openqa.selenium.remote.service.DriverCommandExecutor.execute(DriverCommandExecutor.java:174)
at org.openqa.selenium.remote.RemoteWebDriver.execute(RemoteWebDriver.java:545)
at org.openqa.selenium.remote.RemoteWebElement.execute(RemoteWebElement.java:223)
at org.openqa.selenium.remote.RemoteWebElement.click(RemoteWebElement.java:76)
at com.makeMyTrip.selenium_cabsTests.OutstationOneWay_Validations.validOutstationOneWayCabSearch(OutstationOneWay_Validations.java:135)
at java.base/jdk.internal.reflect.NativeMethodAccessorImpl.invoke0(Native Method)
at java.base/jdk.internal.reflect.NativeMethodAccessorImpl.invoke(NativeMethodAccessorImpl.java:77)
at java.base/jdk.internal.reflect.DelegatingMethodAccessorImpl.invoke(DelegatingMethodAccessorImpl.java:43)
at java.base/java.lang.reflect.Method.invoke(Method.java:568)
at org.testng.internal.invokers.MethodInvocationHelper.invokeMethod(MethodInvocationHelper.java:141)
at org.testng.internal.invokers.TestInvoker.invokeMethod(TestInvoker.java:686)
at org.testng.internal.invokers.TestInvoker.invokeTestMethod(TestInvoker.java:230)
at org.testng.internal.invokers.MethodRunner.runInSequence(MethodRunner.java:63)
at org.testng.internal.invokers.TestInvoker$MethodInvocationAgent.invoke(TestInvoker.java:992)
at org.testng.internal.invokers.TestInvoker.invokeTestMethods(TestInvoker.java:203)
at org.testng.internal.invokers.TestMethodWorker.invokeTestMethods(TestMethodWorker.java:154)
at org.testng.internal.invokers.TestMethodWorker.run(TestMethodWorker.java:134)
at java.base/java.util.ArrayList.forEach(ArrayList.java:1511)
at org.testng.TestRunner.privateRun(TestRunner.java:739)
at org.testng.TestRunner.run(TestRunner.java:614)
at org.testng.SuiteRunner.runTest(SuiteRunner.java:421)
at org.testng.SuiteRunner.runSequentially(SuiteRunner.java:413)
at org.testng.SuiteRunner.privateRun(SuiteRunner.java:373)
at org.testng.SuiteRunner.run(SuiteRunner.java:312)
at org.testng.SuiteRunnerWorker.runSuite(SuiteRunnerWorker.java:52)
at org.testng.SuiteRunnerWorker.run(SuiteRunnerWorker.java:95)
at org.testng.TestNG.runSuitesSequentially(TestNG.java:1274)
at org.testng.TestNG.runSuitesLocally(TestNG.java:1208)
at org.testng.TestNG.runSuites(TestNG.java:1112)
at org.testng.TestNG.run(TestNG.java:1079)
at org.testng.remote.AbstractRemoteTestNG.run(AbstractRemoteTestNG.java:115)
at org.testng.remote.RemoteTestNG.initAndRun(RemoteTestNG.java:293)
at org.testng.remote.RemoteTestNG.main(RemoteTestNG.java:91)
]]>
            </full-stacktrace>
          </exception> <!-- org.openqa.selenium.ElementClickInterceptedException -->
          <reporter-output>
          </reporter-output>
        </test-method> <!-- validOutstationOneWayCabSearch -->
        <test-method is-config="true" signature="tearDown()[pri:0, instance:com.makeMyTrip.selenium_cabsTests.OutstationOneWay_Validations@dd8ba08]" started-at="2025-06-25T13:07:37 IST" name="tearDown" finished-at="2025-06-25T13:07:37 IST" duration-ms="110" status="PASS">
          <reporter-output>
          </reporter-output>
        </test-method> <!-- tearDown -->
        <test-method is-config="true" signature="CabsButtonClickTest()[pri:0, instance:com.makeMyTrip.selenium_cabsTests.OutstationOneWay_Validations@dd8ba08]" started-at="2025-06-25T13:07:37 IST" name="CabsButtonClickTest" finished-at="2025-06-25T13:07:40 IST" duration-ms="2567" status="PASS">
          <reporter-output>
          </reporter-output>
        </test-method> <!-- CabsButtonClickTest -->
        <test-method signature="validOutstationOneWayCabSearch(java.lang.String,java.lang.String)[pri:0, instance:com.makeMyTrip.selenium_cabsTests.OutstationOneWay_Validations@dd8ba08]" started-at="2025-06-25T13:07:40 IST" name="validOutstationOneWayCabSearch" data-provider="validLocations" finished-at="2025-06-25T13:07:43 IST" duration-ms="3537" status="PASS">
          <params>
            <param index="0">
              <value>
                <![CDATA[Ayodhya]]>
              </value>
            </param>
            <param index="1">
              <value>
                <![CDATA[Surat]]>
              </value>
            </param>
          </params>
          <reporter-output>
          </reporter-output>
        </test-method> <!-- validOutstationOneWayCabSearch -->
        <test-method is-config="true" signature="tearDown()[pri:0, instance:com.makeMyTrip.selenium_cabsTests.OutstationOneWay_Validations@dd8ba08]" started-at="2025-06-25T13:07:43 IST" name="tearDown" finished-at="2025-06-25T13:07:43 IST" duration-ms="110" status="PASS">
          <reporter-output>
          </reporter-output>
        </test-method> <!-- tearDown -->
        <test-method is-config="true" signature="CabsButtonClickTest()[pri:0, instance:com.makeMyTrip.selenium_cabsTests.OutstationOneWay_Validations@dd8ba08]" started-at="2025-06-25T13:07:43 IST" name="CabsButtonClickTest" finished-at="2025-06-25T13:07:46 IST" duration-ms="2676" status="PASS">
          <reporter-output>
          </reporter-output>
        </test-method> <!-- CabsButtonClickTest -->
        <test-method signature="validOutstationOneWayCabSearch(java.lang.String,java.lang.String)[pri:0, instance:com.makeMyTrip.selenium_cabsTests.OutstationOneWay_Validations@dd8ba08]" started-at="2025-06-25T13:07:46 IST" name="validOutstationOneWayCabSearch" data-provider="validLocations" finished-at="2025-06-25T13:07:48 IST" duration-ms="1715" status="FAIL">
          <params>
            <param index="0">
              <value>
                <![CDATA[Shirdi]]>
              </value>
            </param>
            <param index="1">
              <value>
                <![CDATA[Gorakhpur]]>
              </value>
            </param>
          </params>
          <exception class="org.openqa.selenium.ElementClickInterceptedException">
            <message>
              <![CDATA[element click intercepted: Element is not clickable at point (297, 1144)
  (Session info: chrome=137.0.7151.120)
Build info: version: '4.31.0', revision: '1ef9f18787*'
System info: os.name: 'Mac OS X', os.arch: 'aarch64', os.version: '14.6.1', java.version: '17.0.11'
Driver info: org.openqa.selenium.chrome.ChromeDriver
Command: [cb48a856fa9c3fddea3622b25d6b635f, clickElement {id=f.D0E36A6A50F4CB9B66BDC77506397B9E.d.61673FB2C7F4F369C8F8CC08697DA3FA.e.144}]
Capabilities {acceptInsecureCerts: false, browserName: chrome, browserVersion: 137.0.7151.120, chrome: {chromedriverVersion: 137.0.7151.119 (e0ac9d12dff..., userDataDir: /var/folders/zf/jt1v52f10ts...}, fedcm:accounts: true, goog:chromeOptions: {debuggerAddress: localhost:63822}, networkConnectionEnabled: false, pageLoadStrategy: normal, platformName: mac, proxy: Proxy(), se:cdp: ws://localhost:63822/devtoo..., se:cdpVersion: 137.0.7151.120, setWindowRect: true, strictFileInteractability: false, timeouts: {implicit: 0, pageLoad: 300000, script: 30000}, unhandledPromptBehavior: dismiss and notify, webauthn:extension:credBlob: true, webauthn:extension:largeBlob: true, webauthn:extension:minPinLength: true, webauthn:extension:prf: true, webauthn:virtualAuthenticators: true}
Element: [[ChromeDriver: chrome on mac (cb48a856fa9c3fddea3622b25d6b635f)] -> xpath: //div[@class='autoSuggestPlugin hsw_autocomplePopup']//following::span[contains(text(),'Shirdi')]]
Session ID: cb48a856fa9c3fddea3622b25d6b635f]]>
            </message>
            <full-stacktrace>
              <![CDATA[org.openqa.selenium.ElementClickInterceptedException: element click intercepted: Element is not clickable at point (297, 1144)
  (Session info: chrome=137.0.7151.120)
Build info: version: '4.31.0', revision: '1ef9f18787*'
System info: os.name: 'Mac OS X', os.arch: 'aarch64', os.version: '14.6.1', java.version: '17.0.11'
Driver info: org.openqa.selenium.chrome.ChromeDriver
Command: [cb48a856fa9c3fddea3622b25d6b635f, clickElement {id=f.D0E36A6A50F4CB9B66BDC77506397B9E.d.61673FB2C7F4F369C8F8CC08697DA3FA.e.144}]
Capabilities {acceptInsecureCerts: false, browserName: chrome, browserVersion: 137.0.7151.120, chrome: {chromedriverVersion: 137.0.7151.119 (e0ac9d12dff..., userDataDir: /var/folders/zf/jt1v52f10ts...}, fedcm:accounts: true, goog:chromeOptions: {debuggerAddress: localhost:63822}, networkConnectionEnabled: false, pageLoadStrategy: normal, platformName: mac, proxy: Proxy(), se:cdp: ws://localhost:63822/devtoo..., se:cdpVersion: 137.0.7151.120, setWindowRect: true, strictFileInteractability: false, timeouts: {implicit: 0, pageLoad: 300000, script: 30000}, unhandledPromptBehavior: dismiss and notify, webauthn:extension:credBlob: true, webauthn:extension:largeBlob: true, webauthn:extension:minPinLength: true, webauthn:extension:prf: true, webauthn:virtualAuthenticators: true}
Element: [[ChromeDriver: chrome on mac (cb48a856fa9c3fddea3622b25d6b635f)] -> xpath: //div[@class='autoSuggestPlugin hsw_autocomplePopup']//following::span[contains(text(),'Shirdi')]]
Session ID: cb48a856fa9c3fddea3622b25d6b635f
at java.base/jdk.internal.reflect.NativeConstructorAccessorImpl.newInstance0(Native Method)
at java.base/jdk.internal.reflect.NativeConstructorAccessorImpl.newInstance(NativeConstructorAccessorImpl.java:77)
at java.base/jdk.internal.reflect.DelegatingConstructorAccessorImpl.newInstance(DelegatingConstructorAccessorImpl.java:45)
at java.base/java.lang.reflect.Constructor.newInstanceWithCaller(Constructor.java:499)
at java.base/java.lang.reflect.Constructor.newInstance(Constructor.java:480)
at org.openqa.selenium.remote.ErrorCodec.decode(ErrorCodec.java:167)
at org.openqa.selenium.remote.codec.w3c.W3CHttpResponseCodec.decode(W3CHttpResponseCodec.java:138)
at org.openqa.selenium.remote.codec.w3c.W3CHttpResponseCodec.decode(W3CHttpResponseCodec.java:50)
at org.openqa.selenium.remote.HttpCommandExecutor.execute(HttpCommandExecutor.java:215)
at org.openqa.selenium.remote.service.DriverCommandExecutor.invokeExecute(DriverCommandExecutor.java:216)
at org.openqa.selenium.remote.service.DriverCommandExecutor.execute(DriverCommandExecutor.java:174)
at org.openqa.selenium.remote.RemoteWebDriver.execute(RemoteWebDriver.java:545)
at org.openqa.selenium.remote.RemoteWebElement.execute(RemoteWebElement.java:223)
at org.openqa.selenium.remote.RemoteWebElement.click(RemoteWebElement.java:76)
at com.makeMyTrip.selenium_cabsTests.OutstationOneWay_Validations.validOutstationOneWayCabSearch(OutstationOneWay_Validations.java:135)
at java.base/jdk.internal.reflect.NativeMethodAccessorImpl.invoke0(Native Method)
at java.base/jdk.internal.reflect.NativeMethodAccessorImpl.invoke(NativeMethodAccessorImpl.java:77)
at java.base/jdk.internal.reflect.DelegatingMethodAccessorImpl.invoke(DelegatingMethodAccessorImpl.java:43)
at java.base/java.lang.reflect.Method.invoke(Method.java:568)
at org.testng.internal.invokers.MethodInvocationHelper.invokeMethod(MethodInvocationHelper.java:141)
at org.testng.internal.invokers.TestInvoker.invokeMethod(TestInvoker.java:686)
at org.testng.internal.invokers.TestInvoker.invokeTestMethod(TestInvoker.java:230)
at org.testng.internal.invokers.MethodRunner.runInSequence(MethodRunner.java:63)
at org.testng.internal.invokers.TestInvoker$MethodInvocationAgent.invoke(TestInvoker.java:992)
at org.testng.internal.invokers.TestInvoker.invokeTestMethods(TestInvoker.java:203)
at org.testng.internal.invokers.TestMethodWorker.invokeTestMethods(TestMethodWorker.java:154)
at org.testng.internal.invokers.TestMethodWorker.run(TestMethodWorker.java:134)
at java.base/java.util.ArrayList.forEach(ArrayList.java:1511)
at org.testng.TestRunner.privateRun(TestRunner.java:739)
at org.testng.TestRunner.run(TestRunner.java:614)
at org.testng.SuiteRunner.runTest(SuiteRunner.java:421)
at org.testng.SuiteRunner.runSequentially(SuiteRunner.java:413)
at org.testng.SuiteRunner.privateRun(SuiteRunner.java:373)
at org.testng.SuiteRunner.run(SuiteRunner.java:312)
at org.testng.SuiteRunnerWorker.runSuite(SuiteRunnerWorker.java:52)
at org.testng.SuiteRunnerWorker.run(SuiteRunnerWorker.java:95)
at org.testng.TestNG.runSuitesSequentially(TestNG.java:1274)
at org.testng.TestNG.runSuitesLocally(TestNG.java:1208)
at org.testng.TestNG.runSuites(TestNG.java:1112)
at org.testng.TestNG.run(TestNG.java:1079)
at org.testng.remote.AbstractRemoteTestNG.run(AbstractRemoteTestNG.java:115)
at org.testng.remote.RemoteTestNG.initAndRun(RemoteTestNG.java:293)
at org.testng.remote.RemoteTestNG.main(RemoteTestNG.java:91)
]]>
            </full-stacktrace>
          </exception> <!-- org.openqa.selenium.ElementClickInterceptedException -->
          <reporter-output>
          </reporter-output>
        </test-method> <!-- validOutstationOneWayCabSearch -->
        <test-method is-config="true" signature="tearDown()[pri:0, instance:com.makeMyTrip.selenium_cabsTests.OutstationOneWay_Validations@dd8ba08]" started-at="2025-06-25T13:07:48 IST" name="tearDown" finished-at="2025-06-25T13:07:48 IST" duration-ms="102" status="PASS">
          <reporter-output>
          </reporter-output>
        </test-method> <!-- tearDown -->
        <test-method is-config="true" signature="CabsButtonClickTest()[pri:0, instance:com.makeMyTrip.selenium_cabsTests.OutstationOneWay_Validations@dd8ba08]" started-at="2025-06-25T13:07:48 IST" name="CabsButtonClickTest" finished-at="2025-06-25T13:07:50 IST" duration-ms="2662" status="PASS">
          <reporter-output>
          </reporter-output>
        </test-method> <!-- CabsButtonClickTest -->
        <test-method signature="validOutstationOneWayCabSearch(java.lang.String,java.lang.String)[pri:0, instance:com.makeMyTrip.selenium_cabsTests.OutstationOneWay_Validations@dd8ba08]" started-at="2025-06-25T13:07:50 IST" name="validOutstationOneWayCabSearch" data-provider="validLocations" finished-at="2025-06-25T13:07:57 IST" duration-ms="6330" status="PASS">
          <params>
            <param index="0">
              <value>
                <![CDATA[Madurai]]>
              </value>
            </param>
            <param index="1">
              <value>
                <![CDATA[Gurugram]]>
              </value>
            </param>
          </params>
          <reporter-output>
          </reporter-output>
        </test-method> <!-- validOutstationOneWayCabSearch -->
        <test-method is-config="true" signature="tearDown()[pri:0, instance:com.makeMyTrip.selenium_cabsTests.OutstationOneWay_Validations@dd8ba08]" started-at="2025-06-25T13:07:57 IST" name="tearDown" finished-at="2025-06-25T13:07:57 IST" duration-ms="107" status="PASS">
          <reporter-output>
          </reporter-output>
        </test-method> <!-- tearDown -->
        <test-method is-config="true" signature="CabsButtonClickTest()[pri:0, instance:com.makeMyTrip.selenium_cabsTests.OutstationOneWay_Validations@dd8ba08]" started-at="2025-06-25T13:07:57 IST" name="CabsButtonClickTest" finished-at="2025-06-25T13:07:59 IST" duration-ms="2498" status="PASS">
          <reporter-output>
          </reporter-output>
        </test-method> <!-- CabsButtonClickTest -->
        <test-method signature="validOutstationOneWayCabSearch(java.lang.String,java.lang.String)[pri:0, instance:com.makeMyTrip.selenium_cabsTests.OutstationOneWay_Validations@dd8ba08]" started-at="2025-06-25T13:07:59 IST" name="validOutstationOneWayCabSearch" data-provider="validLocations" finished-at="2025-06-25T13:08:05 IST" duration-ms="5531" status="PASS">
          <params>
            <param index="0">
              <value>
                <![CDATA[Vadodara]]>
              </value>
            </param>
            <param index="1">
              <value>
                <![CDATA[Guwahati]]>
              </value>
            </param>
          </params>
          <reporter-output>
          </reporter-output>
        </test-method> <!-- validOutstationOneWayCabSearch -->
        <test-method is-config="true" signature="tearDown()[pri:0, instance:com.makeMyTrip.selenium_cabsTests.OutstationOneWay_Validations@dd8ba08]" started-at="2025-06-25T13:08:05 IST" name="tearDown" finished-at="2025-06-25T13:08:05 IST" duration-ms="111" status="PASS">
          <reporter-output>
          </reporter-output>
        </test-method> <!-- tearDown -->
        <test-method is-config="true" signature="CabsButtonClickTest()[pri:0, instance:com.makeMyTrip.selenium_cabsTests.OutstationOneWay_Validations@dd8ba08]" started-at="2025-06-25T13:08:05 IST" name="CabsButtonClickTest" finished-at="2025-06-25T13:08:07 IST" duration-ms="2564" status="PASS">
          <reporter-output>
          </reporter-output>
        </test-method> <!-- CabsButtonClickTest -->
        <test-method signature="verifyFormInputTagsForOutStationOneWay()[pri:0, instance:com.makeMyTrip.selenium_cabsTests.OutstationOneWay_Validations@dd8ba08]" started-at="2025-06-25T13:08:07 IST" name="verifyFormInputTagsForOutStationOneWay" finished-at="2025-06-25T13:08:08 IST" duration-ms="37" status="PASS">
          <reporter-output>
          </reporter-output>
        </test-method> <!-- verifyFormInputTagsForOutStationOneWay -->
        <test-method is-config="true" signature="tearDown()[pri:0, instance:com.makeMyTrip.selenium_cabsTests.OutstationOneWay_Validations@dd8ba08]" started-at="2025-06-25T13:08:08 IST" name="tearDown" finished-at="2025-06-25T13:08:08 IST" duration-ms="100" status="PASS">
          <reporter-output>
          </reporter-output>
        </test-method> <!-- tearDown -->
      </class> <!-- com.makeMyTrip.selenium_cabsTests.OutstationOneWay_Validations -->
      <class name="com.makeMyTrip.selenium_cabsTests.MakeMyTripNavigationTest">
        <test-method signature="chromeBrowser()[pri:0, instance:com.makeMyTrip.selenium_cabsTests.MakeMyTripNavigationTest@7ec7ffd3]" started-at="2025-06-25T13:04:46 IST" name="chromeBrowser" finished-at="2025-06-25T13:04:50 IST" duration-ms="3703" status="PASS">
          <reporter-output>
          </reporter-output>
        </test-method> <!-- chromeBrowser -->
        <test-method signature="safariBrowser()[pri:0, instance:com.makeMyTrip.selenium_cabsTests.MakeMyTripNavigationTest@7ec7ffd3]" started-at="2025-06-25T13:04:50 IST" name="safariBrowser" finished-at="2025-06-25T13:04:54 IST" duration-ms="3923" status="PASS">
          <reporter-output>
          </reporter-output>
        </test-method> <!-- safariBrowser -->
      </class> <!-- com.makeMyTrip.selenium_cabsTests.MakeMyTripNavigationTest -->
    </test> <!-- Test -->
  </suite> <!-- Suite -->
</testng-results>
