<?xml version="1.0" encoding="UTF-8"?>
<!-- Generated by org.testng.reporters.JUnitReportReporter -->
<testsuite hostname="Gayatris-MacBook-Air.local" failures="0" tests="30" name="com.makeMyTrip.selenium_cabsTests.OutstationOneWay_Validations" time="192.930" errors="3" timestamp="2025-06-25T13:14:11 IST" skipped="0">
  <testcase classname="com.makeMyTrip.selenium_cabsTests.OutstationOneWay_Validations" name="validOutstationOneWayCabSearch" time="4.340">
    <error message="element click intercepted: Element is not clickable at point (297, 1144)
  (Session info: chrome=137.0.7151.120)
Build info: version: &#039;4.31.0&#039;, revision: &#039;1ef9f18787*&#039;
System info: os.name: &#039;Mac OS X&#039;, os.arch: &#039;aarch64&#039;, os.version: &#039;14.6.1&#039;, java.version: &#039;17.0.11&#039;
Driver info: org.openqa.selenium.chrome.ChromeDriver
Command: [cb48a856fa9c3fddea3622b25d6b635f, clickElement {id=f.D0E36A6A50F4CB9B66BDC77506397B9E.d.61673FB2C7F4F369C8F8CC08697DA3FA.e.144}]
Capabilities {acceptInsecureCerts: false, browserName: chrome, browserVersion: 137.0.7151.120, chrome: {chromedriverVersion: 137.0.7151.119 (e0ac9d12dff..., userDataDir: /var/folders/zf/jt1v52f10ts...}, fedcm:accounts: true, goog:chromeOptions: {debuggerAddress: localhost:63822}, networkConnectionEnabled: false, pageLoadStrategy: normal, platformName: mac, proxy: Proxy(), se:cdp: ws://localhost:63822/devtoo..., se:cdpVersion: 137.0.7151.120, setWindowRect: true, strictFileInteractability: false, timeouts: {implicit: 0, pageLoad: 300000, script: 30000}, unhandledPromptBehavior: dismiss and notify, webauthn:extension:credBlob: true, webauthn:extension:largeBlob: true, webauthn:extension:minPinLength: true, webauthn:extension:prf: true, webauthn:virtualAuthenticators: true}
Element: [[ChromeDriver: chrome on mac (cb48a856fa9c3fddea3622b25d6b635f)] -&gt; xpath: //div[@class=&#039;autoSuggestPlugin hsw_autocomplePopup&#039;]//following::span[contains(text(),&#039;Shirdi&#039;)]]
Session ID: cb48a856fa9c3fddea3622b25d6b635f" type="org.openqa.selenium.ElementClickInterceptedException">
      <![CDATA[org.openqa.selenium.ElementClickInterceptedException: element click intercepted: Element is not clickable at point (297, 1144)
  (Session info: chrome=137.0.7151.120)
Build info: version: '4.31.0', revision: '1ef9f18787*'
System info: os.name: 'Mac OS X', os.arch: 'aarch64', os.version: '14.6.1', java.version: '17.0.11'
Driver info: org.openqa.selenium.chrome.ChromeDriver
Command: [cb48a856fa9c3fddea3622b25d6b635f, clickElement {id=f.D0E36A6A50F4CB9B66BDC77506397B9E.d.61673FB2C7F4F369C8F8CC08697DA3FA.e.144}]
Capabilities {acceptInsecureCerts: false, browserName: chrome, browserVersion: 137.0.7151.120, chrome: {chromedriverVersion: 137.0.7151.119 (e0ac9d12dff..., userDataDir: /var/folders/zf/jt1v52f10ts...}, fedcm:accounts: true, goog:chromeOptions: {debuggerAddress: localhost:63822}, networkConnectionEnabled: false, pageLoadStrategy: normal, platformName: mac, proxy: Proxy(), se:cdp: ws://localhost:63822/devtoo..., se:cdpVersion: 137.0.7151.120, setWindowRect: true, strictFileInteractability: false, timeouts: {implicit: 0, pageLoad: 300000, script: 30000}, unhandledPromptBehavior: dismiss and notify, webauthn:extension:credBlob: true, webauthn:extension:largeBlob: true, webauthn:extension:minPinLength: true, webauthn:extension:prf: true, webauthn:virtualAuthenticators: true}
Element: [[ChromeDriver: chrome on mac (cb48a856fa9c3fddea3622b25d6b635f)] -> xpath: //div[@class='autoSuggestPlugin hsw_autocomplePopup']//following::span[contains(text(),'Shirdi')]]
Session ID: cb48a856fa9c3fddea3622b25d6b635f
at java.base/jdk.internal.reflect.NativeConstructorAccessorImpl.newInstance0(Native Method)
at java.base/jdk.internal.reflect.NativeConstructorAccessorImpl.newInstance(NativeConstructorAccessorImpl.java:77)
at java.base/jdk.internal.reflect.DelegatingConstructorAccessorImpl.newInstance(DelegatingConstructorAccessorImpl.java:45)
at java.base/java.lang.reflect.Constructor.newInstanceWithCaller(Constructor.java:499)
at java.base/java.lang.reflect.Constructor.newInstance(Constructor.java:480)
at org.openqa.selenium.remote.ErrorCodec.decode(ErrorCodec.java:167)
at org.openqa.selenium.remote.codec.w3c.W3CHttpResponseCodec.decode(W3CHttpResponseCodec.java:138)
at org.openqa.selenium.remote.codec.w3c.W3CHttpResponseCodec.decode(W3CHttpResponseCodec.java:50)
at org.openqa.selenium.remote.HttpCommandExecutor.execute(HttpCommandExecutor.java:215)
at org.openqa.selenium.remote.service.DriverCommandExecutor.invokeExecute(DriverCommandExecutor.java:216)
at org.openqa.selenium.remote.service.DriverCommandExecutor.execute(DriverCommandExecutor.java:174)
at org.openqa.selenium.remote.RemoteWebDriver.execute(RemoteWebDriver.java:545)
at org.openqa.selenium.remote.RemoteWebElement.execute(RemoteWebElement.java:223)
at org.openqa.selenium.remote.RemoteWebElement.click(RemoteWebElement.java:76)
at com.makeMyTrip.selenium_cabsTests.OutstationOneWay_Validations.validOutstationOneWayCabSearch(OutstationOneWay_Validations.java:135)
at java.base/jdk.internal.reflect.NativeMethodAccessorImpl.invoke0(Native Method)
at java.base/jdk.internal.reflect.NativeMethodAccessorImpl.invoke(NativeMethodAccessorImpl.java:77)
at java.base/jdk.internal.reflect.DelegatingMethodAccessorImpl.invoke(DelegatingMethodAccessorImpl.java:43)
at java.base/java.lang.reflect.Method.invoke(Method.java:568)
at org.testng.internal.invokers.MethodInvocationHelper.invokeMethod(MethodInvocationHelper.java:141)
at org.testng.internal.invokers.TestInvoker.invokeMethod(TestInvoker.java:686)
at org.testng.internal.invokers.TestInvoker.invokeTestMethod(TestInvoker.java:230)
at org.testng.internal.invokers.MethodRunner.runInSequence(MethodRunner.java:63)
at org.testng.internal.invokers.TestInvoker$MethodInvocationAgent.invoke(TestInvoker.java:992)
at org.testng.internal.invokers.TestInvoker.invokeTestMethods(TestInvoker.java:203)
at org.testng.internal.invokers.TestMethodWorker.invokeTestMethods(TestMethodWorker.java:154)
at org.testng.internal.invokers.TestMethodWorker.run(TestMethodWorker.java:134)
at java.base/java.util.ArrayList.forEach(ArrayList.java:1511)
at org.testng.TestRunner.privateRun(TestRunner.java:739)
at org.testng.TestRunner.run(TestRunner.java:614)
at org.testng.SuiteRunner.runTest(SuiteRunner.java:421)
at org.testng.SuiteRunner.runSequentially(SuiteRunner.java:413)
at org.testng.SuiteRunner.privateRun(SuiteRunner.java:373)
at org.testng.SuiteRunner.run(SuiteRunner.java:312)
at org.testng.SuiteRunnerWorker.runSuite(SuiteRunnerWorker.java:52)
at org.testng.SuiteRunnerWorker.run(SuiteRunnerWorker.java:95)
at org.testng.TestNG.runSuitesSequentially(TestNG.java:1274)
at org.testng.TestNG.runSuitesLocally(TestNG.java:1208)
at org.testng.TestNG.runSuites(TestNG.java:1112)
at org.testng.TestNG.run(TestNG.java:1079)
at org.testng.remote.AbstractRemoteTestNG.run(AbstractRemoteTestNG.java:115)
at org.testng.remote.RemoteTestNG.initAndRun(RemoteTestNG.java:293)
at org.testng.remote.RemoteTestNG.main(RemoteTestNG.java:91)
]]>
    </error>
  </testcase> <!-- validOutstationOneWayCabSearch -->
  <testcase classname="com.makeMyTrip.selenium_cabsTests.OutstationOneWay_Validations" name="validOutstationOneWayCabSearch" time="6.998"/>
  <testcase classname="com.makeMyTrip.selenium_cabsTests.OutstationOneWay_Validations" name="SameInvalidOutstationOneWayCabSearch" time="5.079"/>
  <testcase classname="com.makeMyTrip.selenium_cabsTests.OutstationOneWay_Validations" name="SameInvalidOutstationOneWayCabSearch" time="5.432"/>
  <testcase classname="com.makeMyTrip.selenium_cabsTests.OutstationOneWay_Validations" name="SameInvalidOutstationOneWayCabSearch" time="6.095"/>
  <testcase classname="com.makeMyTrip.selenium_cabsTests.OutstationOneWay_Validations" name="SameInvalidOutstationOneWayCabSearch" time="5.642"/>
  <testcase classname="com.makeMyTrip.selenium_cabsTests.OutstationOneWay_Validations" name="sameFromAndToCityErrorMsgValidation" time="4.691"/>
  <testcase classname="com.makeMyTrip.selenium_cabsTests.OutstationOneWay_Validations" name="validOutstationOneWayCabSearch" time="6.197"/>
  <testcase classname="com.makeMyTrip.selenium_cabsTests.OutstationOneWay_Validations" name="SameInvalidOutstationOneWayCabSearch" time="5.116"/>
  <testcase classname="com.makeMyTrip.selenium_cabsTests.OutstationOneWay_Validations" name="validOutstationOneWayCabSearch" time="4.448">
    <error message="element click intercepted: Element is not clickable at point (297, 1144)
  (Session info: chrome=137.0.7151.120)
Build info: version: &#039;4.31.0&#039;, revision: &#039;1ef9f18787*&#039;
System info: os.name: &#039;Mac OS X&#039;, os.arch: &#039;aarch64&#039;, os.version: &#039;14.6.1&#039;, java.version: &#039;17.0.11&#039;
Driver info: org.openqa.selenium.chrome.ChromeDriver
Command: [4041a62185ceded8ab839fcfbb18629f, clickElement {id=f.A64438D806B993EED8A9F40CE4856AF7.d.2B9648BAD6FB96C89407D48C624CB2F0.e.133}]
Capabilities {acceptInsecureCerts: false, browserName: chrome, browserVersion: 137.0.7151.120, chrome: {chromedriverVersion: 137.0.7151.119 (e0ac9d12dff..., userDataDir: /var/folders/zf/jt1v52f10ts...}, fedcm:accounts: true, goog:chromeOptions: {debuggerAddress: localhost:63731}, networkConnectionEnabled: false, pageLoadStrategy: normal, platformName: mac, proxy: Proxy(), se:cdp: ws://localhost:63731/devtoo..., se:cdpVersion: 137.0.7151.120, setWindowRect: true, strictFileInteractability: false, timeouts: {implicit: 0, pageLoad: 300000, script: 30000}, unhandledPromptBehavior: dismiss and notify, webauthn:extension:credBlob: true, webauthn:extension:largeBlob: true, webauthn:extension:minPinLength: true, webauthn:extension:prf: true, webauthn:virtualAuthenticators: true}
Element: [[ChromeDriver: chrome on mac (4041a62185ceded8ab839fcfbb18629f)] -&gt; xpath: //div[@class=&#039;autoSuggestPlugin hsw_autocomplePopup&#039;]//following::span[contains(text(),&#039;Shirdi&#039;)]]
Session ID: 4041a62185ceded8ab839fcfbb18629f" type="org.openqa.selenium.ElementClickInterceptedException">
      <![CDATA[org.openqa.selenium.ElementClickInterceptedException: element click intercepted: Element is not clickable at point (297, 1144)
  (Session info: chrome=137.0.7151.120)
Build info: version: '4.31.0', revision: '1ef9f18787*'
System info: os.name: 'Mac OS X', os.arch: 'aarch64', os.version: '14.6.1', java.version: '17.0.11'
Driver info: org.openqa.selenium.chrome.ChromeDriver
Command: [4041a62185ceded8ab839fcfbb18629f, clickElement {id=f.A64438D806B993EED8A9F40CE4856AF7.d.2B9648BAD6FB96C89407D48C624CB2F0.e.133}]
Capabilities {acceptInsecureCerts: false, browserName: chrome, browserVersion: 137.0.7151.120, chrome: {chromedriverVersion: 137.0.7151.119 (e0ac9d12dff..., userDataDir: /var/folders/zf/jt1v52f10ts...}, fedcm:accounts: true, goog:chromeOptions: {debuggerAddress: localhost:63731}, networkConnectionEnabled: false, pageLoadStrategy: normal, platformName: mac, proxy: Proxy(), se:cdp: ws://localhost:63731/devtoo..., se:cdpVersion: 137.0.7151.120, setWindowRect: true, strictFileInteractability: false, timeouts: {implicit: 0, pageLoad: 300000, script: 30000}, unhandledPromptBehavior: dismiss and notify, webauthn:extension:credBlob: true, webauthn:extension:largeBlob: true, webauthn:extension:minPinLength: true, webauthn:extension:prf: true, webauthn:virtualAuthenticators: true}
Element: [[ChromeDriver: chrome on mac (4041a62185ceded8ab839fcfbb18629f)] -> xpath: //div[@class='autoSuggestPlugin hsw_autocomplePopup']//following::span[contains(text(),'Shirdi')]]
Session ID: 4041a62185ceded8ab839fcfbb18629f
at java.base/jdk.internal.reflect.NativeConstructorAccessorImpl.newInstance0(Native Method)
at java.base/jdk.internal.reflect.NativeConstructorAccessorImpl.newInstance(NativeConstructorAccessorImpl.java:77)
at java.base/jdk.internal.reflect.DelegatingConstructorAccessorImpl.newInstance(DelegatingConstructorAccessorImpl.java:45)
at java.base/java.lang.reflect.Constructor.newInstanceWithCaller(Constructor.java:499)
at java.base/java.lang.reflect.Constructor.newInstance(Constructor.java:480)
at org.openqa.selenium.remote.ErrorCodec.decode(ErrorCodec.java:167)
at org.openqa.selenium.remote.codec.w3c.W3CHttpResponseCodec.decode(W3CHttpResponseCodec.java:138)
at org.openqa.selenium.remote.codec.w3c.W3CHttpResponseCodec.decode(W3CHttpResponseCodec.java:50)
at org.openqa.selenium.remote.HttpCommandExecutor.execute(HttpCommandExecutor.java:215)
at org.openqa.selenium.remote.service.DriverCommandExecutor.invokeExecute(DriverCommandExecutor.java:216)
at org.openqa.selenium.remote.service.DriverCommandExecutor.execute(DriverCommandExecutor.java:174)
at org.openqa.selenium.remote.RemoteWebDriver.execute(RemoteWebDriver.java:545)
at org.openqa.selenium.remote.RemoteWebElement.execute(RemoteWebElement.java:223)
at org.openqa.selenium.remote.RemoteWebElement.click(RemoteWebElement.java:76)
at com.makeMyTrip.selenium_cabsTests.OutstationOneWay_Validations.validOutstationOneWayCabSearch(OutstationOneWay_Validations.java:135)
at java.base/jdk.internal.reflect.NativeMethodAccessorImpl.invoke0(Native Method)
at java.base/jdk.internal.reflect.NativeMethodAccessorImpl.invoke(NativeMethodAccessorImpl.java:77)
at java.base/jdk.internal.reflect.DelegatingMethodAccessorImpl.invoke(DelegatingMethodAccessorImpl.java:43)
at java.base/java.lang.reflect.Method.invoke(Method.java:568)
at org.testng.internal.invokers.MethodInvocationHelper.invokeMethod(MethodInvocationHelper.java:141)
at org.testng.internal.invokers.TestInvoker.invokeMethod(TestInvoker.java:686)
at org.testng.internal.invokers.TestInvoker.invokeTestMethod(TestInvoker.java:230)
at org.testng.internal.invokers.MethodRunner.runInSequence(MethodRunner.java:63)
at org.testng.internal.invokers.TestInvoker$MethodInvocationAgent.invoke(TestInvoker.java:992)
at org.testng.internal.invokers.TestInvoker.invokeTestMethods(TestInvoker.java:203)
at org.testng.internal.invokers.TestMethodWorker.invokeTestMethods(TestMethodWorker.java:154)
at org.testng.internal.invokers.TestMethodWorker.run(TestMethodWorker.java:134)
at java.base/java.util.ArrayList.forEach(ArrayList.java:1511)
at org.testng.TestRunner.privateRun(TestRunner.java:739)
at org.testng.TestRunner.run(TestRunner.java:614)
at org.testng.SuiteRunner.runTest(SuiteRunner.java:421)
at org.testng.SuiteRunner.runSequentially(SuiteRunner.java:413)
at org.testng.SuiteRunner.privateRun(SuiteRunner.java:373)
at org.testng.SuiteRunner.run(SuiteRunner.java:312)
at org.testng.SuiteRunnerWorker.runSuite(SuiteRunnerWorker.java:52)
at org.testng.SuiteRunnerWorker.run(SuiteRunnerWorker.java:95)
at org.testng.TestNG.runSuitesSequentially(TestNG.java:1274)
at org.testng.TestNG.runSuitesLocally(TestNG.java:1208)
at org.testng.TestNG.runSuites(TestNG.java:1112)
at org.testng.TestNG.run(TestNG.java:1079)
at org.testng.remote.AbstractRemoteTestNG.run(AbstractRemoteTestNG.java:115)
at org.testng.remote.RemoteTestNG.initAndRun(RemoteTestNG.java:293)
at org.testng.remote.RemoteTestNG.main(RemoteTestNG.java:91)
]]>
    </error>
  </testcase> <!-- validOutstationOneWayCabSearch -->
  <testcase classname="com.makeMyTrip.selenium_cabsTests.OutstationOneWay_Validations" name="messageOnReturnDate" time="3.122"/>
  <testcase classname="com.makeMyTrip.selenium_cabsTests.OutstationOneWay_Validations" name="SameInvalidOutstationOneWayCabSearch" time="5.673"/>
  <testcase classname="com.makeMyTrip.selenium_cabsTests.OutstationOneWay_Validations" name="SameInvalidOutstationOneWayCabSearch" time="4.925"/>
  <testcase classname="com.makeMyTrip.selenium_cabsTests.OutstationOneWay_Validations" name="SameInvalidOutstationOneWayCabSearch" time="5.227"/>
  <testcase classname="com.makeMyTrip.selenium_cabsTests.OutstationOneWay_Validations" name="SameInvalidOutstationOneWayCabSearch" time="5.108"/>
  <testcase classname="com.makeMyTrip.selenium_cabsTests.OutstationOneWay_Validations" name="validOutstationOneWayCabSearch" time="7.211"/>
  <testcase classname="com.makeMyTrip.selenium_cabsTests.OutstationOneWay_Validations" name="SameInvalidOutstationOneWayCabSearch" time="5.083"/>
  <testcase classname="com.makeMyTrip.selenium_cabsTests.OutstationOneWay_Validations" name="SameInvalidOutstationOneWayCabSearch" time="5.578"/>
  <testcase classname="com.makeMyTrip.selenium_cabsTests.OutstationOneWay_Validations" name="validOutstationOneWayCabSearch" time="7.098"/>
  <testcase classname="com.makeMyTrip.selenium_cabsTests.OutstationOneWay_Validations" name="defaultDepartureDate" time="2.652"/>
  <testcase classname="com.makeMyTrip.selenium_cabsTests.OutstationOneWay_Validations" name="SameInvalidOutstationOneWayCabSearch" time="5.129"/>
  <testcase classname="com.makeMyTrip.selenium_cabsTests.OutstationOneWay_Validations" name="SameInvalidOutstationOneWayCabSearch" time="5.095"/>
  <testcase classname="com.makeMyTrip.selenium_cabsTests.OutstationOneWay_Validations" name="SameInvalidOutstationOneWayCabSearch" time="4.956"/>
  <testcase classname="com.makeMyTrip.selenium_cabsTests.OutstationOneWay_Validations" name="validOutstationOneWayCabSearch" time="6.231"/>
  <testcase classname="com.makeMyTrip.selenium_cabsTests.OutstationOneWay_Validations" name="validOutstationOneWayCabSearch" time="9.154"/>
  <testcase classname="com.makeMyTrip.selenium_cabsTests.OutstationOneWay_Validations" name="verifyFormInputTagsForOutStationOneWay" time="2.782"/>
  <testcase classname="com.makeMyTrip.selenium_cabsTests.OutstationOneWay_Validations" name="SameInvalidOutstationOneWayCabSearch" time="33.725">
    <error message="Expected condition failed: waiting for visibility of element located by By.xpath: //div[@class=&#039;autoSuggestPlugin hsw_autocomplePopup&#039;]//following::span[text()=&#039;Rajiv Gandhi International Airport, Hyderabad&#039;] (tried for 30 second(s) with 500 milliseconds interval)
Build info: version: &#039;4.31.0&#039;, revision: &#039;1ef9f18787*&#039;
System info: os.name: &#039;Mac OS X&#039;, os.arch: &#039;aarch64&#039;, os.version: &#039;14.6.1&#039;, java.version: &#039;17.0.11&#039;
Driver info: org.openqa.selenium.chrome.ChromeDriver
Capabilities {acceptInsecureCerts: false, browserName: chrome, browserVersion: 137.0.7151.120, chrome: {chromedriverVersion: 137.0.7151.119 (e0ac9d12dff..., userDataDir: /var/folders/zf/jt1v52f10ts...}, fedcm:accounts: true, goog:chromeOptions: {debuggerAddress: localhost:63336}, networkConnectionEnabled: false, pageLoadStrategy: normal, platformName: mac, proxy: Proxy(), se:cdp: ws://localhost:63336/devtoo..., se:cdpVersion: 137.0.7151.120, setWindowRect: true, strictFileInteractability: false, timeouts: {implicit: 0, pageLoad: 300000, script: 30000}, unhandledPromptBehavior: dismiss and notify, webauthn:extension:credBlob: true, webauthn:extension:largeBlob: true, webauthn:extension:minPinLength: true, webauthn:extension:prf: true, webauthn:virtualAuthenticators: true}
Session ID: 674705e93d1c86a772c236910234de0c" type="org.openqa.selenium.TimeoutException">
      <![CDATA[org.openqa.selenium.TimeoutException: Expected condition failed: waiting for visibility of element located by By.xpath: //div[@class='autoSuggestPlugin hsw_autocomplePopup']//following::span[text()='Rajiv Gandhi International Airport, Hyderabad'] (tried for 30 second(s) with 500 milliseconds interval)
Build info: version: '4.31.0', revision: '1ef9f18787*'
System info: os.name: 'Mac OS X', os.arch: 'aarch64', os.version: '14.6.1', java.version: '17.0.11'
Driver info: org.openqa.selenium.chrome.ChromeDriver
Capabilities {acceptInsecureCerts: false, browserName: chrome, browserVersion: 137.0.7151.120, chrome: {chromedriverVersion: 137.0.7151.119 (e0ac9d12dff..., userDataDir: /var/folders/zf/jt1v52f10ts...}, fedcm:accounts: true, goog:chromeOptions: {debuggerAddress: localhost:63336}, networkConnectionEnabled: false, pageLoadStrategy: normal, platformName: mac, proxy: Proxy(), se:cdp: ws://localhost:63336/devtoo..., se:cdpVersion: 137.0.7151.120, setWindowRect: true, strictFileInteractability: false, timeouts: {implicit: 0, pageLoad: 300000, script: 30000}, unhandledPromptBehavior: dismiss and notify, webauthn:extension:credBlob: true, webauthn:extension:largeBlob: true, webauthn:extension:minPinLength: true, webauthn:extension:prf: true, webauthn:virtualAuthenticators: true}
Session ID: 674705e93d1c86a772c236910234de0c
at org.openqa.selenium.support.ui.WebDriverWait.timeoutException(WebDriverWait.java:84)
at org.openqa.selenium.support.ui.FluentWait.until(FluentWait.java:228)
at com.makeMyTrip.selenium_cabsTests.OutstationOneWay_Validations.SameInvalidOutstationOneWayCabSearch(OutstationOneWay_Validations.java:185)
at java.base/jdk.internal.reflect.NativeMethodAccessorImpl.invoke0(Native Method)
at java.base/jdk.internal.reflect.NativeMethodAccessorImpl.invoke(NativeMethodAccessorImpl.java:77)
at java.base/jdk.internal.reflect.DelegatingMethodAccessorImpl.invoke(DelegatingMethodAccessorImpl.java:43)
at java.base/java.lang.reflect.Method.invoke(Method.java:568)
at org.testng.internal.invokers.MethodInvocationHelper.invokeMethod(MethodInvocationHelper.java:141)
at org.testng.internal.invokers.TestInvoker.invokeMethod(TestInvoker.java:686)
at org.testng.internal.invokers.TestInvoker.invokeTestMethod(TestInvoker.java:230)
at org.testng.internal.invokers.MethodRunner.runInSequence(MethodRunner.java:63)
at org.testng.internal.invokers.TestInvoker$MethodInvocationAgent.invoke(TestInvoker.java:992)
at org.testng.internal.invokers.TestInvoker.invokeTestMethods(TestInvoker.java:203)
at org.testng.internal.invokers.TestMethodWorker.invokeTestMethods(TestMethodWorker.java:154)
at org.testng.internal.invokers.TestMethodWorker.run(TestMethodWorker.java:134)
at java.base/java.util.ArrayList.forEach(ArrayList.java:1511)
at org.testng.TestRunner.privateRun(TestRunner.java:739)
at org.testng.TestRunner.run(TestRunner.java:614)
at org.testng.SuiteRunner.runTest(SuiteRunner.java:421)
at org.testng.SuiteRunner.runSequentially(SuiteRunner.java:413)
at org.testng.SuiteRunner.privateRun(SuiteRunner.java:373)
at org.testng.SuiteRunner.run(SuiteRunner.java:312)
at org.testng.SuiteRunnerWorker.runSuite(SuiteRunnerWorker.java:52)
at org.testng.SuiteRunnerWorker.run(SuiteRunnerWorker.java:95)
at org.testng.TestNG.runSuitesSequentially(TestNG.java:1274)
at org.testng.TestNG.runSuitesLocally(TestNG.java:1208)
at org.testng.TestNG.runSuites(TestNG.java:1112)
at org.testng.TestNG.run(TestNG.java:1079)
at org.testng.remote.AbstractRemoteTestNG.run(AbstractRemoteTestNG.java:115)
at org.testng.remote.RemoteTestNG.initAndRun(RemoteTestNG.java:293)
at org.testng.remote.RemoteTestNG.main(RemoteTestNG.java:91)
]]>
    </error>
  </testcase> <!-- SameInvalidOutstationOneWayCabSearch -->
  <testcase classname="com.makeMyTrip.selenium_cabsTests.OutstationOneWay_Validations" name="validOutstationOneWayCabSearch" time="6.834"/>
  <testcase classname="com.makeMyTrip.selenium_cabsTests.OutstationOneWay_Validations" name="SameInvalidOutstationOneWayCabSearch" time="4.996"/>
  <testcase classname="com.makeMyTrip.selenium_cabsTests.OutstationOneWay_Validations" name="validOutstationOneWayCabSearch" time="8.313"/>
</testsuite> <!-- com.makeMyTrip.selenium_cabsTests.OutstationOneWay_Validations -->
